Log file open, 02/04/20 16:40:00
LogWindows: Failed to load 'aqProf.dll' (GetLastError=126)
LogWindows: File 'aqProf.dll' does not exist
LogWindows: Failed to load 'VtuneApi.dll' (GetLastError=126)
LogWindows: File 'VtuneApi.dll' does not exist
LogWindows: Failed to load 'VtuneApi32e.dll' (GetLastError=126)
LogWindows: File 'VtuneApi32e.dll' does not exist
LogConsoleResponse: Display: Failed to find resolution value strings in scalability ini. Falling back to default.
LogInit: Display: Running engine for game: MagMan
LogPakFile: Registered encryption key '00000000000000000000000000000000': 0 pak files mounted, 0 remain pending
LogPlatformFile: Not using cached read wrapper
LogTaskGraph: Started task graph with 5 named threads and 47 total threads with 3 sets of task threads.
LogStats: Stats thread started at 0.937403
LogD3D11RHI: Loaded GFSDK_Aftermath_Lib.x64.dll
LogICUInternationalization: ICU TimeZone Detection - Raw Offset: +9:00, Platform Override: ''
LogPluginManager: Mounting plugin Paper2D
LogPluginManager: Mounting plugin AISupport
LogPluginManager: Mounting plugin LightPropagationVolume
LogPluginManager: Mounting plugin ActorLayerUtilities
LogPluginManager: Mounting plugin AnimationSharing
LogPluginManager: Mounting plugin CLionSourceCodeAccess
LogPluginManager: Mounting plugin CodeLiteSourceCodeAccess
LogPluginManager: Mounting plugin GitSourceControl
LogPluginManager: Mounting plugin KDevelopSourceCodeAccess
LogPluginManager: Mounting plugin NullSourceCodeAccess
LogPluginManager: Mounting plugin PerforceSourceControl
LogPluginManager: Mounting plugin SubversionSourceControl
LogPluginManager: Mounting plugin UObjectPlugin
LogPluginManager: Mounting plugin VisualStudioCodeSourceCodeAccess
LogPluginManager: Mounting plugin VisualStudioSourceCodeAccess
LogPluginManager: Mounting plugin XCodeSourceCodeAccess
LogPluginManager: Mounting plugin AssetManagerEditor
LogPluginManager: Mounting plugin CryptoKeys
LogPluginManager: Mounting plugin DataValidation
LogPluginManager: Mounting plugin FacialAnimation
LogPluginManager: Mounting plugin GameplayTagsEditor
LogPluginManager: Mounting plugin MacGraphicsSwitching
LogPluginManager: Mounting plugin MaterialAnalyzer
LogPluginManager: Mounting plugin MobileLauncherProfileWizard
LogPluginManager: Mounting plugin PluginBrowser
LogPluginManager: Mounting plugin SpeedTreeImporter
LogPluginManager: Mounting plugin DatasmithContent
LogPluginManager: Mounting plugin VariantManagerContent
LogPluginManager: Mounting plugin AlembicImporter
LogPluginManager: Mounting plugin AppleImageUtils
LogPluginManager: Mounting plugin AppleVision
LogPluginManager: Mounting plugin BackChannel
LogPluginManager: Mounting plugin CharacterAI
LogPluginManager: Mounting plugin GeometryCache
LogPluginManager: Mounting plugin HTML5Networking
LogPluginManager: Mounting plugin ProxyLODPlugin
LogPluginManager: Mounting plugin SkeletalReduction
LogPluginManager: Mounting plugin MagicLeap
LogPluginManager: Mounting plugin MagicLeapMedia
LogPluginManager: Mounting plugin AndroidMedia
LogPluginManager: Mounting plugin AvfMedia
LogPluginManager: Mounting plugin ImgMedia
LogPluginManager: Mounting plugin LinearTimecode
LogPluginManager: Mounting plugin MediaCompositing
LogPluginManager: Mounting plugin MediaPlayerEditor
LogPluginManager: Mounting plugin WebMMedia
LogPluginManager: Mounting plugin WmfMedia
LogPluginManager: Mounting plugin TcpMessaging
LogPluginManager: Mounting plugin UdpMessaging
LogPluginManager: Mounting plugin ActorSequence
LogPluginManager: Mounting plugin LevelSequenceEditor
LogPluginManager: Mounting plugin MatineeToLevelSequence
LogPluginManager: Mounting plugin NetcodeUnitTest
LogPluginManager: Mounting plugin NUTUnrealEngine4
LogPluginManager: Mounting plugin OnlineSubsystemGooglePlay
LogPluginManager: Mounting plugin OnlineSubsystemIOS
LogPluginManager: Mounting plugin OnlineSubsystem
LogPluginManager: Mounting plugin OnlineSubsystemNull
LogPluginManager: Mounting plugin OnlineSubsystemUtils
LogPluginManager: Mounting plugin LauncherChunkInstaller
LogPluginManager: Mounting plugin AndroidDeviceProfileSelector
LogPluginManager: Mounting plugin AndroidMoviePlayer
LogPluginManager: Mounting plugin AndroidPermission
LogPluginManager: Mounting plugin AppleMoviePlayer
LogPluginManager: Mounting plugin ArchVisCharacter
LogPluginManager: Mounting plugin AudioCapture
LogPluginManager: Mounting plugin CableComponent
LogPluginManager: Mounting plugin CustomMeshComponent
LogPluginManager: Mounting plugin EditableMesh
LogPluginManager: Mounting plugin ExampleDeviceProfileSelector
LogPluginManager: Mounting plugin Firebase
LogPluginManager: Mounting plugin GoogleCloudMessaging
LogPluginManager: Mounting plugin IOSDeviceProfileSelector
LogPluginManager: Mounting plugin LinuxDeviceProfileSelector
LogPluginManager: Mounting plugin LocationServicesBPLibrary
LogPluginManager: Mounting plugin MobilePatchingUtils
LogPluginManager: Mounting plugin OculusVR
LogPluginManager: Mounting plugin PhysXVehicles
LogPluginManager: Mounting plugin ProceduralMeshComponent
LogPluginManager: Mounting plugin RuntimePhysXCooking
LogPluginManager: Mounting plugin SignificanceManager
LogPluginManager: Mounting plugin SteamVR
LogPluginManager: Mounting plugin WebMMoviePlayer
LogPluginManager: Mounting plugin WindowsMoviePlayer
LogInit: Using libcurl 7.55.1-DEV
LogInit:  - built for x86_64-pc-win32
LogInit:  - supports SSL with OpenSSL/1.1.1
LogInit:  - supports HTTP deflate (compression) using libz 1.2.8
LogInit:  - other features:
LogInit:      CURL_VERSION_SSL
LogInit:      CURL_VERSION_LIBZ
LogInit:      CURL_VERSION_IPV6
LogInit:      CURL_VERSION_ASYNCHDNS
LogInit:      CURL_VERSION_LARGEFILE
LogInit:      CURL_VERSION_IDN
LogInit:  CurlRequestOptions (configurable via config and command line):
LogInit:  - bVerifyPeer = true  - Libcurl will verify peer certificate
LogInit:  - bUseHttpProxy = false  - Libcurl will NOT use HTTP proxy
LogInit:  - bDontReuseConnections = false  - Libcurl will reuse connections
LogInit:  - MaxHostConnections = 16  - Libcurl will limit the number of connections to a host
LogInit:  - LocalHostAddr = Default
LogInit:  - BufferSize = 65536
LogInit: WinSock: version 1.1 (2.2), MaxSocks=32767, MaxUdp=65467
LogInit: Build: ++UE4+Release-4.22-CL-7053642
LogInit: Engine Version: 4.22.3-7053642+++UE4+Release-4.22
LogInit: Compatible Engine Version: 4.22.0-5660361+++UE4+Release-4.22
LogInit: Net CL: 5660361
LogInit: OS: Windows 10 (Release 1903) (), CPU: AMD Ryzen 7 1700X Eight-Core Processor         , GPU: NVIDIA GeForce GTX 1070
LogInit: Compiled (64-bit): Jun 18 2019 03:09:11
LogInit: Compiled with Visual C++: 19.16.27025.01
LogInit: Build Configuration: Development
LogInit: Branch Name: ++UE4+Release-4.22
LogInit: Command Line:  -skipcompile
LogInit: Base Directory: C:/Program Files/Epic Games/UE_4.22/Engine/Binaries/Win64/
LogInit: Installed Engine Build: 1
LogDevObjectVersion: Number of dev versions registered: 23
LogDevObjectVersion:   Dev-Blueprints (B0D832E4-1F89-4F0D-ACCF-7EB736FD4AA2): 10
LogDevObjectVersion:   Dev-Build (E1C64328-A22C-4D53-A36C-8E866417BD8C): 0
LogDevObjectVersion:   Dev-Core (375EC13C-06E4-48FB-B500-84F0262A717E): 3
LogDevObjectVersion:   Dev-Editor (E4B068ED-F494-42E9-A231-DA0B2E46BB41): 30
LogDevObjectVersion:   Dev-Framework (CFFC743F-43B0-4480-9391-14DF171D2073): 35
LogDevObjectVersion:   Dev-Mobile (B02B49B5-BB20-44E9-A304-32B752E40360): 2
LogDevObjectVersion:   Dev-Networking (A4E4105C-59A1-49B5-A7C5-40C4547EDFEE): 0
LogDevObjectVersion:   Dev-Online (39C831C9-5AE6-47DC-9A44-9C173E1C8E7C): 0
LogDevObjectVersion:   Dev-Physics (78F01B33-EBEA-4F98-B9B4-84EACCB95AA2): 0
LogDevObjectVersion:   Dev-Platform (6631380F-2D4D-43E0-8009-CF276956A95A): 0
LogDevObjectVersion:   Dev-Rendering (12F88B9F-8875-4AFC-A67C-D90C383ABD29): 28
LogDevObjectVersion:   Dev-Sequencer (7B5AE74C-D270-4C10-A958-57980B212A5A): 11
LogDevObjectVersion:   Dev-VR (D7296918-1DD6-4BDD-9DE2-64A83CC13884): 2
LogDevObjectVersion:   Dev-LoadTimes (C2A15278-BFE7-4AFE-6C17-90FF531DF755): 1
LogDevObjectVersion:   Private-Geometry (6EACA3D4-40EC-4CC1-B786-8BED09428FC5): 3
LogDevObjectVersion:   Dev-AnimPhys (29E575DD-E0A3-4627-9D10-D276232CDCEA): 17
LogDevObjectVersion:   Dev-Anim (AF43A65D-7FD3-4947-9873-3E8ED9C1BB05): 2
LogDevObjectVersion:   Dev-ReflectionCapture (6B266CEC-1EC7-4B8F-A30B-E4D90942FC07): 1
LogDevObjectVersion:   Dev-Automation (0DF73D61-A23F-47EA-B727-89E90C41499A): 1
LogDevObjectVersion:   FortniteMain (601D1886-AC64-4F84-AA16-D3DE0DEAC7D6): 25
LogDevObjectVersion:   Dev-Enterprise (9DFFBCD6-494F-0158-E221-12823C92A888): 6
LogDevObjectVersion:   Dev-Niagara (F2AED0AC-9AFE-416F-8664-AA7FFA26D6FC): 1
LogDevObjectVersion:   Dev-Destruction (174F1F0B-B4C6-45A5-B13F-2EE8D0FB917D): 2
LogInit: Presizing for max 16777216 objects, including 0 objects not considered by GC, pre-allocating 0 bytes for permanent pool.
LogInit: Object subsystem initialized
LogConfig: Setting CVar [[con.DebugEarlyDefault:1]]
LogConfig: Setting CVar [[r.setres:1280x720]]
[2020.02.04-07.40.01:543][  0]LogConfig: Setting CVar [[r.VSync:0]]
[2020.02.04-07.40.01:543][  0]LogConfig: Setting CVar [[r.RHICmdBypass:0]]
[2020.02.04-07.40.01:543][  0]LogConfig: Applying CVar settings from Section [/Script/Engine.RendererSettings] File [C:/Users/ssh97/Documents/GitHub/WGJ134-Magnet/MagMan/Saved/Config/Windows/Engine.ini]
[2020.02.04-07.40.01:544][  0]LogConfig: Setting CVar [[r.GPUCrashDebugging:0]]
[2020.02.04-07.40.01:544][  0]LogConfig: Setting CVar [[r.DefaultFeature.AutoExposure.ExtendDefaultLuminanceRange:1]]
[2020.02.04-07.40.01:544][  0]LogConfig: Applying CVar settings from Section [/Script/Engine.RendererOverrideSettings] File [C:/Users/ssh97/Documents/GitHub/WGJ134-Magnet/MagMan/Saved/Config/Windows/Engine.ini]
[2020.02.04-07.40.01:544][  0]LogConfig: Applying CVar settings from Section [/Script/Engine.StreamingSettings] File [C:/Users/ssh97/Documents/GitHub/WGJ134-Magnet/MagMan/Saved/Config/Windows/Engine.ini]
[2020.02.04-07.40.01:544][  0]LogConfig: Setting CVar [[s.MinBulkDataSizeForAsyncLoading:131072]]
[2020.02.04-07.40.01:544][  0]LogConfig: Setting CVar [[s.AsyncLoadingThreadEnabled:0]]
[2020.02.04-07.40.01:544][  0]LogConfig: Setting CVar [[s.EventDrivenLoaderEnabled:1]]
[2020.02.04-07.40.01:544][  0]LogConfig: Setting CVar [[s.WarnIfTimeLimitExceeded:0]]
[2020.02.04-07.40.01:544][  0]LogConfig: Setting CVar [[s.TimeLimitExceededMultiplier:1.5]]
[2020.02.04-07.40.01:544][  0]LogConfig: Setting CVar [[s.TimeLimitExceededMinTime:0.005]]
[2020.02.04-07.40.01:544][  0]LogConfig: Setting CVar [[s.UseBackgroundLevelStreaming:1]]
[2020.02.04-07.40.01:544][  0]LogConfig: Setting CVar [[s.PriorityAsyncLoadingExtraTime:15.0]]
[2020.02.04-07.40.01:544][  0]LogConfig: Setting CVar [[s.LevelStreamingActorsUpdateTimeLimit:5.0]]
[2020.02.04-07.40.01:544][  0]LogConfig: Setting CVar [[s.PriorityLevelStreamingActorsUpdateExtraTime:5.0]]
[2020.02.04-07.40.01:544][  0]LogConfig: Setting CVar [[s.LevelStreamingComponentsRegistrationGranularity:10]]
[2020.02.04-07.40.01:544][  0]LogConfig: Setting CVar [[s.UnregisterComponentsTimeLimit:1.0]]
[2020.02.04-07.40.01:544][  0]LogConfig: Setting CVar [[s.LevelStreamingComponentsUnregistrationGranularity:5]]
[2020.02.04-07.40.01:544][  0]LogConfig: Applying CVar settings from Section [/Script/Engine.GarbageCollectionSettings] File [C:/Users/ssh97/Documents/GitHub/WGJ134-Magnet/MagMan/Saved/Config/Windows/Engine.ini]
[2020.02.04-07.40.01:545][  0]LogConfig: Setting CVar [[gc.MaxObjectsNotConsideredByGC:1]]
[2020.02.04-07.40.01:545][  0]LogConfig: Setting CVar [[gc.SizeOfPermanentObjectPool:0]]
[2020.02.04-07.40.01:545][  0]LogConfig: Setting CVar [[gc.FlushStreamingOnGC:0]]
[2020.02.04-07.40.01:545][  0]LogConfig: Setting CVar [[gc.NumRetriesBeforeForcingGC:10]]
[2020.02.04-07.40.01:545][  0]LogConfig: Setting CVar [[gc.AllowParallelGC:1]]
[2020.02.04-07.40.01:545][  0]LogConfig: Setting CVar [[gc.TimeBetweenPurgingPendingKillObjects:61.1]]
[2020.02.04-07.40.01:545][  0]LogConfig: Setting CVar [[gc.MaxObjectsInEditor:16777216]]
[2020.02.04-07.40.01:545][  0]LogConfig: Setting CVar [[gc.IncrementalBeginDestroyEnabled:1]]
[2020.02.04-07.40.01:545][  0]LogConfig: Setting CVar [[gc.CreateGCClusters:1]]
[2020.02.04-07.40.01:545][  0]LogConfig: Setting CVar [[gc.MinGCClusterSize:5]]
[2020.02.04-07.40.01:545][  0]LogConfig: Setting CVar [[gc.ActorClusteringEnabled:0]]
[2020.02.04-07.40.01:545][  0]LogConfig: Setting CVar [[gc.BlueprintClusteringEnabled:0]]
[2020.02.04-07.40.01:545][  0]LogConfig: Setting CVar [[gc.UseDisregardForGCOnDedicatedServers:0]]
[2020.02.04-07.40.01:545][  0]LogConfig: Applying CVar settings from Section [/Script/Engine.NetworkSettings] File [C:/Users/ssh97/Documents/GitHub/WGJ134-Magnet/MagMan/Saved/Config/Windows/Engine.ini]
[2020.02.04-07.40.01:545][  0]LogConfig: Applying CVar settings from Section [/Script/UnrealEd.CookerSettings] File [C:/Users/ssh97/Documents/GitHub/WGJ134-Magnet/MagMan/Saved/Config/Windows/Engine.ini]
[2020.02.04-07.40.01:559][  0]LogConfig: Applying CVar settings from Section [ViewDistanceQuality@3] File [C:/Users/ssh97/Documents/GitHub/WGJ134-Magnet/MagMan/Saved/Config/Windows/Scalability.ini]
[2020.02.04-07.40.01:559][  0]LogConfig: Setting CVar [[r.SkeletalMeshLODBias:0]]
[2020.02.04-07.40.01:559][  0]LogConfig: Setting CVar [[r.ViewDistanceScale:1.0]]
[2020.02.04-07.40.01:559][  0]LogConfig: Applying CVar settings from Section [AntiAliasingQuality@3] File [C:/Users/ssh97/Documents/GitHub/WGJ134-Magnet/MagMan/Saved/Config/Windows/Scalability.ini]
[2020.02.04-07.40.01:559][  0]LogConfig: Setting CVar [[r.PostProcessAAQuality:4]]
[2020.02.04-07.40.01:559][  0]LogConfig: Applying CVar settings from Section [ShadowQuality@3] File [C:/Users/ssh97/Documents/GitHub/WGJ134-Magnet/MagMan/Saved/Config/Windows/Scalability.ini]
[2020.02.04-07.40.01:559][  0]LogConfig: Setting CVar [[r.LightFunctionQuality:1]]
[2020.02.04-07.40.01:559][  0]LogConfig: Setting CVar [[r.ShadowQuality:5]]
[2020.02.04-07.40.01:560][  0]LogConfig: Setting CVar [[r.Shadow.CSM.MaxCascades:10]]
[2020.02.04-07.40.01:560][  0]LogConfig: Setting CVar [[r.Shadow.MaxResolution:2048]]
[2020.02.04-07.40.01:560][  0]LogConfig: Setting CVar [[r.Shadow.MaxCSMResolution:2048]]
[2020.02.04-07.40.01:560][  0]LogConfig: Setting CVar [[r.Shadow.RadiusThreshold:0.01]]
[2020.02.04-07.40.01:560][  0]LogConfig: Setting CVar [[r.Shadow.DistanceScale:1.0]]
[2020.02.04-07.40.01:560][  0]LogConfig: Setting CVar [[r.Shadow.CSM.TransitionScale:1.0]]
[2020.02.04-07.40.01:560][  0]LogConfig: Setting CVar [[r.Shadow.PreShadowResolutionFactor:1.0]]
[2020.02.04-07.40.01:560][  0]LogConfig: Setting CVar [[r.DistanceFieldShadowing:1]]
[2020.02.04-07.40.01:560][  0]LogConfig: Setting CVar [[r.DistanceFieldAO:1]]
[2020.02.04-07.40.01:560][  0]LogConfig: Setting CVar [[r.AOQuality:2]]
[2020.02.04-07.40.01:560][  0]LogConfig: Setting CVar [[r.VolumetricFog:1]]
[2020.02.04-07.40.01:560][  0]LogConfig: Setting CVar [[r.VolumetricFog.GridPixelSize:8]]
[2020.02.04-07.40.01:560][  0]LogConfig: Setting CVar [[r.VolumetricFog.GridSizeZ:128]]
[2020.02.04-07.40.01:560][  0]LogConfig: Setting CVar [[r.VolumetricFog.HistoryMissSupersampleCount:4]]
[2020.02.04-07.40.01:561][  0]LogConfig: Setting CVar [[r.LightMaxDrawDistanceScale:1]]
[2020.02.04-07.40.01:561][  0]LogConfig: Setting CVar [[r.CapsuleShadows:1]]
[2020.02.04-07.40.01:561][  0]LogConfig: Applying CVar settings from Section [PostProcessQuality@3] File [C:/Users/ssh97/Documents/GitHub/WGJ134-Magnet/MagMan/Saved/Config/Windows/Scalability.ini]
[2020.02.04-07.40.01:561][  0]LogConfig: Setting CVar [[r.MotionBlurQuality:4]]
[2020.02.04-07.40.01:561][  0]LogConfig: Setting CVar [[r.AmbientOcclusionMipLevelFactor:0.4]]
[2020.02.04-07.40.01:561][  0]LogConfig: Setting CVar [[r.AmbientOcclusionMaxQuality:100]]
[2020.02.04-07.40.01:561][  0]LogConfig: Setting CVar [[r.AmbientOcclusionLevels:-1]]
[2020.02.04-07.40.01:561][  0]LogConfig: Setting CVar [[r.AmbientOcclusionRadiusScale:1.0]]
[2020.02.04-07.40.01:561][  0]LogConfig: Setting CVar [[r.DepthOfFieldQuality:2]]
[2020.02.04-07.40.01:561][  0]LogConfig: Setting CVar [[r.RenderTargetPoolMin:400]]
[2020.02.04-07.40.01:561][  0]LogConfig: Setting CVar [[r.LensFlareQuality:2]]
[2020.02.04-07.40.01:561][  0]LogConfig: Setting CVar [[r.SceneColorFringeQuality:1]]
[2020.02.04-07.40.01:561][  0]LogConfig: Setting CVar [[r.EyeAdaptationQuality:2]]
[2020.02.04-07.40.01:561][  0]LogConfig: Setting CVar [[r.BloomQuality:5]]
[2020.02.04-07.40.01:561][  0]LogConfig: Setting CVar [[r.FastBlurThreshold:100]]
[2020.02.04-07.40.01:561][  0]LogConfig: Setting CVar [[r.Upscale.Quality:3]]
[2020.02.04-07.40.01:561][  0]LogConfig: Setting CVar [[r.Tonemapper.GrainQuantization:1]]
[2020.02.04-07.40.01:561][  0]LogConfig: Setting CVar [[r.LightShaftQuality:1]]
[2020.02.04-07.40.01:562][  0]LogConfig: Setting CVar [[r.Filter.SizeScale:1]]
[2020.02.04-07.40.01:562][  0]LogConfig: Setting CVar [[r.Tonemapper.Quality:5]]
[2020.02.04-07.40.01:562][  0]LogConfig: Setting CVar [[r.DOF.Gather.AccumulatorQuality:1        ; higher gathering accumulator quality]]
[2020.02.04-07.40.01:562][  0]LogConfig: Setting CVar [[r.DOF.Gather.PostfilterMethod:1          ; Median3x3 postfilering method]]
[2020.02.04-07.40.01:562][  0]LogConfig: Setting CVar [[r.DOF.Gather.EnableBokehSettings:0       ; no bokeh simulation when gathering]]
[2020.02.04-07.40.01:562][  0]LogConfig: Setting CVar [[r.DOF.Gather.RingCount:4                 ; medium number of samples when gathering]]
[2020.02.04-07.40.01:562][  0]LogConfig: Setting CVar [[r.DOF.Scatter.ForegroundCompositing:1    ; additive foreground scattering]]
[2020.02.04-07.40.01:562][  0]LogConfig: Setting CVar [[r.DOF.Scatter.BackgroundCompositing:2    ; additive background scattering]]
[2020.02.04-07.40.01:562][  0]LogConfig: Setting CVar [[r.DOF.Scatter.EnableBokehSettings:1      ; bokeh simulation when scattering]]
[2020.02.04-07.40.01:562][  0]LogConfig: Setting CVar [[r.DOF.Scatter.MaxSpriteRatio:0.1         ; only a maximum of 10% of scattered bokeh]]
[2020.02.04-07.40.01:562][  0]LogConfig: Setting CVar [[r.DOF.Recombine.Quality:1                ; cheap slight out of focus]]
[2020.02.04-07.40.01:562][  0]LogConfig: Setting CVar [[r.DOF.Recombine.EnableBokehSettings:0    ; no bokeh simulation on slight out of focus]]
[2020.02.04-07.40.01:562][  0]LogConfig: Setting CVar [[r.DOF.TemporalAAQuality:1                ; more stable temporal accumulation]]
[2020.02.04-07.40.01:562][  0]LogConfig: Setting CVar [[r.DOF.Kernel.MaxForegroundRadius:0.025]]
[2020.02.04-07.40.01:562][  0]LogConfig: Setting CVar [[r.DOF.Kernel.MaxBackgroundRadius:0.025]]
[2020.02.04-07.40.01:562][  0]LogConfig: Applying CVar settings from Section [TextureQuality@3] File [C:/Users/ssh97/Documents/GitHub/WGJ134-Magnet/MagMan/Saved/Config/Windows/Scalability.ini]
[2020.02.04-07.40.01:562][  0]LogConfig: Setting CVar [[r.Streaming.MipBias:0]]
[2020.02.04-07.40.01:563][  0]LogConfig: Setting CVar [[r.Streaming.AmortizeCPUToGPUCopy:0]]
[2020.02.04-07.40.01:563][  0]LogConfig: Setting CVar [[r.Streaming.MaxNumTexturesToStreamPerFrame:0]]
[2020.02.04-07.40.01:563][  0]LogConfig: Setting CVar [[r.Streaming.Boost:1]]
[2020.02.04-07.40.01:563][  0]LogConfig: Setting CVar [[r.MaxAnisotropy:8]]
[2020.02.04-07.40.01:563][  0]LogConfig: Setting CVar [[r.Streaming.LimitPoolSizeToVRAM:0]]
[2020.02.04-07.40.01:563][  0]LogConfig: Setting CVar [[r.Streaming.PoolSize:1000]]
[2020.02.04-07.40.01:563][  0]LogConfig: Setting CVar [[r.Streaming.MaxEffectiveScreenSize:0]]
[2020.02.04-07.40.01:563][  0]LogConfig: Applying CVar settings from Section [EffectsQuality@3] File [C:/Users/ssh97/Documents/GitHub/WGJ134-Magnet/MagMan/Saved/Config/Windows/Scalability.ini]
[2020.02.04-07.40.01:563][  0]LogConfig: Setting CVar [[r.TranslucencyLightingVolumeDim:64]]
[2020.02.04-07.40.01:563][  0]LogConfig: Setting CVar [[r.RefractionQuality:2]]
[2020.02.04-07.40.01:563][  0]LogConfig: Setting CVar [[r.SSR.Quality:3]]
[2020.02.04-07.40.01:563][  0]LogConfig: Setting CVar [[r.SceneColorFormat:4]]
[2020.02.04-07.40.01:563][  0]LogConfig: Setting CVar [[r.DetailMode:2]]
[2020.02.04-07.40.01:563][  0]LogConfig: Setting CVar [[r.TranslucencyVolumeBlur:1]]
[2020.02.04-07.40.01:563][  0]LogConfig: Setting CVar [[r.MaterialQualityLevel:1 ; High quality]]
[2020.02.04-07.40.01:563][  0]LogConfig: Setting CVar [[r.SSS.Scale:1]]
[2020.02.04-07.40.01:564][  0]LogConfig: Setting CVar [[r.SSS.SampleSet:2]]
[2020.02.04-07.40.01:564][  0]LogConfig: Setting CVar [[r.SSS.Quality:1]]
[2020.02.04-07.40.01:564][  0]LogConfig: Setting CVar [[r.SSS.HalfRes:1]]
[2020.02.04-07.40.01:564][  0]LogConfig: Setting CVar [[r.EmitterSpawnRateScale:1.0]]
[2020.02.04-07.40.01:564][  0]LogConfig: Setting CVar [[r.ParticleLightQuality:2]]
[2020.02.04-07.40.01:564][  0]LogConfig: Applying CVar settings from Section [FoliageQuality@3] File [C:/Users/ssh97/Documents/GitHub/WGJ134-Magnet/MagMan/Saved/Config/Windows/Scalability.ini]
[2020.02.04-07.40.01:564][  0]LogConfig: Setting CVar [[foliage.DensityScale:1.0]]
[2020.02.04-07.40.01:564][  0]LogConfig: Setting CVar [[grass.DensityScale:1.0]]
[2020.02.04-07.40.01:565][  0]LogInit: Selected Device Profile: [Windows]
[2020.02.04-07.40.01:565][  0]LogInit: Applying CVar settings loaded from the selected device profile: [Windows]
[2020.02.04-07.40.01:594][  0]LogHAL: Display: Platform has ~ 16 GB [17129635840 / 17179869184 / 16], which maps to Larger [LargestMinGB=32, LargerMinGB=12, DefaultMinGB=8, SmallerMinGB=6, SmallestMinGB=0)
[2020.02.04-07.40.01:595][  0]LogConfig: Setting CVar [[r.Vulkan.UseRealUBs:0		; Required until we fix HLR fall-out]]
[2020.02.04-07.40.01:595][  0]LogInit: Going up to parent DeviceProfile []
[2020.02.04-07.40.01:595][  0]LogConfig: Applying CVar settings from Section [ViewDistanceQuality@Cine] File [C:/Users/ssh97/Documents/GitHub/WGJ134-Magnet/MagMan/Saved/Config/Windows/Scalability.ini]
[2020.02.04-07.40.01:595][  0]LogConfig: Setting CVar [[r.SkeletalMeshLODBias:0]]
[2020.02.04-07.40.01:596][  0]LogConfig: Setting CVar [[r.ViewDistanceScale:10.0]]
[2020.02.04-07.40.01:596][  0]LogConfig: Applying CVar settings from Section [AntiAliasingQuality@Cine] File [C:/Users/ssh97/Documents/GitHub/WGJ134-Magnet/MagMan/Saved/Config/Windows/Scalability.ini]
[2020.02.04-07.40.01:596][  0]LogConfig: Setting CVar [[r.PostProcessAAQuality:6]]
[2020.02.04-07.40.01:596][  0]LogConfig: Applying CVar settings from Section [ShadowQuality@Cine] File [C:/Users/ssh97/Documents/GitHub/WGJ134-Magnet/MagMan/Saved/Config/Windows/Scalability.ini]
[2020.02.04-07.40.01:596][  0]LogConfig: Setting CVar [[r.LightFunctionQuality:1]]
[2020.02.04-07.40.01:596][  0]LogConfig: Setting CVar [[r.ShadowQuality:5]]
[2020.02.04-07.40.01:596][  0]LogConfig: Setting CVar [[r.Shadow.CSM.MaxCascades:10]]
[2020.02.04-07.40.01:596][  0]LogConfig: Setting CVar [[r.Shadow.MaxResolution:4096]]
[2020.02.04-07.40.01:596][  0]LogConfig: Setting CVar [[r.Shadow.MaxCSMResolution:4096]]
[2020.02.04-07.40.01:596][  0]LogConfig: Setting CVar [[r.Shadow.RadiusThreshold:0]]
[2020.02.04-07.40.01:596][  0]LogConfig: Setting CVar [[r.Shadow.DistanceScale:1.0]]
[2020.02.04-07.40.01:596][  0]LogConfig: Setting CVar [[r.Shadow.CSM.TransitionScale:1.0]]
[2020.02.04-07.40.01:596][  0]LogConfig: Setting CVar [[r.Shadow.PreShadowResolutionFactor:1.0]]
[2020.02.04-07.40.01:596][  0]LogConfig: Setting CVar [[r.DistanceFieldShadowing:1]]
[2020.02.04-07.40.01:596][  0]LogConfig: Setting CVar [[r.DistanceFieldAO:1]]
[2020.02.04-07.40.01:596][  0]LogConfig: Setting CVar [[r.AOQuality:2]]
[2020.02.04-07.40.01:596][  0]LogConfig: Setting CVar [[r.VolumetricFog:1]]
[2020.02.04-07.40.01:597][  0]LogConfig: Setting CVar [[r.VolumetricFog.GridPixelSize:4]]
[2020.02.04-07.40.01:597][  0]LogConfig: Setting CVar [[r.VolumetricFog.GridSizeZ:128]]
[2020.02.04-07.40.01:597][  0]LogConfig: Setting CVar [[r.VolumetricFog.HistoryMissSupersampleCount:16]]
[2020.02.04-07.40.01:597][  0]LogConfig: Setting CVar [[r.LightMaxDrawDistanceScale:1]]
[2020.02.04-07.40.01:597][  0]LogConfig: Setting CVar [[r.CapsuleShadows:1]]
[2020.02.04-07.40.01:597][  0]LogConfig: Applying CVar settings from Section [PostProcessQuality@Cine] File [C:/Users/ssh97/Documents/GitHub/WGJ134-Magnet/MagMan/Saved/Config/Windows/Scalability.ini]
[2020.02.04-07.40.01:597][  0]LogConfig: Setting CVar [[r.MotionBlurQuality:4]]
[2020.02.04-07.40.01:597][  0]LogConfig: Setting CVar [[r.AmbientOcclusionMipLevelFactor:0.4]]
[2020.02.04-07.40.01:597][  0]LogConfig: Setting CVar [[r.AmbientOcclusionMaxQuality:100]]
[2020.02.04-07.40.01:597][  0]LogConfig: Setting CVar [[r.AmbientOcclusionLevels:-1]]
[2020.02.04-07.40.01:597][  0]LogConfig: Setting CVar [[r.AmbientOcclusionRadiusScale:1.0]]
[2020.02.04-07.40.01:597][  0]LogConfig: Setting CVar [[r.DepthOfFieldQuality:4]]
[2020.02.04-07.40.01:597][  0]LogConfig: Setting CVar [[r.RenderTargetPoolMin:1000]]
[2020.02.04-07.40.01:597][  0]LogConfig: Setting CVar [[r.LensFlareQuality:3]]
[2020.02.04-07.40.01:597][  0]LogConfig: Setting CVar [[r.SceneColorFringeQuality:1]]
[2020.02.04-07.40.01:597][  0]LogConfig: Setting CVar [[r.EyeAdaptationQuality:2]]
[2020.02.04-07.40.01:597][  0]LogConfig: Setting CVar [[r.BloomQuality:5]]
[2020.02.04-07.40.01:597][  0]LogConfig: Setting CVar [[r.FastBlurThreshold:100]]
[2020.02.04-07.40.01:597][  0]LogConfig: Setting CVar [[r.Upscale.Quality:3]]
[2020.02.04-07.40.01:598][  0]LogConfig: Setting CVar [[r.Tonemapper.GrainQuantization:1]]
[2020.02.04-07.40.01:598][  0]LogConfig: Setting CVar [[r.LightShaftQuality:1]]
[2020.02.04-07.40.01:598][  0]LogConfig: Setting CVar [[r.Filter.SizeScale:1]]
[2020.02.04-07.40.01:598][  0]LogConfig: Setting CVar [[r.Tonemapper.Quality:5]]
[2020.02.04-07.40.01:598][  0]LogConfig: Setting CVar [[r.DOF.Gather.AccumulatorQuality:1        ; higher gathering accumulator quality]]
[2020.02.04-07.40.01:598][  0]LogConfig: Setting CVar [[r.DOF.Gather.PostfilterMethod:1          ; Median3x3 postfilering method]]
[2020.02.04-07.40.01:598][  0]LogConfig: Setting CVar [[r.DOF.Gather.EnableBokehSettings:1       ; bokeh simulation when gathering]]
[2020.02.04-07.40.01:598][  0]LogConfig: Setting CVar [[r.DOF.Gather.RingCount:5                 ; high number of samples when gathering]]
[2020.02.04-07.40.01:598][  0]LogConfig: Setting CVar [[r.DOF.Scatter.ForegroundCompositing:1    ; additive foreground scattering]]
[2020.02.04-07.40.01:598][  0]LogConfig: Setting CVar [[r.DOF.Scatter.BackgroundCompositing:2    ; background scattering occlusion]]
[2020.02.04-07.40.01:598][  0]LogConfig: Setting CVar [[r.DOF.Scatter.EnableBokehSettings:1      ; no bokeh simulation when scattering]]
[2020.02.04-07.40.01:598][  0]LogConfig: Setting CVar [[r.DOF.Scatter.MaxSpriteRatio:0.1         ; only a maximum of 10% of scattered bokeh]]
[2020.02.04-07.40.01:598][  0]LogConfig: Setting CVar [[r.DOF.Recombine.Quality:2                ; highest slight out of focus]]
[2020.02.04-07.40.01:598][  0]LogConfig: Setting CVar [[r.DOF.Recombine.EnableBokehSettings:1    ; bokeh simulation on slight out of focus]]
[2020.02.04-07.40.01:598][  0]LogConfig: Setting CVar [[r.DOF.TemporalAAQuality:1                ; more stable temporal accumulation]]
[2020.02.04-07.40.01:598][  0]LogConfig: Setting CVar [[r.DOF.Kernel.MaxForegroundRadius:0.025]]
[2020.02.04-07.40.01:598][  0]LogConfig: Setting CVar [[r.DOF.Kernel.MaxBackgroundRadius:0.025]]
[2020.02.04-07.40.01:598][  0]LogConfig: Applying CVar settings from Section [TextureQuality@Cine] File [C:/Users/ssh97/Documents/GitHub/WGJ134-Magnet/MagMan/Saved/Config/Windows/Scalability.ini]
[2020.02.04-07.40.01:599][  0]LogConfig: Setting CVar [[r.Streaming.MipBias:0]]
[2020.02.04-07.40.01:599][  0]LogConfig: Setting CVar [[r.Streaming.AmortizeCPUToGPUCopy:0]]
[2020.02.04-07.40.01:599][  0]LogConfig: Setting CVar [[r.Streaming.MaxNumTexturesToStreamPerFrame:0]]
[2020.02.04-07.40.01:599][  0]LogConfig: Setting CVar [[r.Streaming.Boost:1]]
[2020.02.04-07.40.01:599][  0]LogConfig: Setting CVar [[r.MaxAnisotropy:8]]
[2020.02.04-07.40.01:599][  0]LogConfig: Setting CVar [[r.Streaming.LimitPoolSizeToVRAM:0]]
[2020.02.04-07.40.01:599][  0]LogConfig: Setting CVar [[r.Streaming.PoolSize:3000]]
[2020.02.04-07.40.01:599][  0]LogConfig: Setting CVar [[r.Streaming.MaxEffectiveScreenSize:0]]
[2020.02.04-07.40.01:599][  0]LogConfig: Applying CVar settings from Section [EffectsQuality@Cine] File [C:/Users/ssh97/Documents/GitHub/WGJ134-Magnet/MagMan/Saved/Config/Windows/Scalability.ini]
[2020.02.04-07.40.01:599][  0]LogConfig: Setting CVar [[r.TranslucencyLightingVolumeDim:64]]
[2020.02.04-07.40.01:599][  0]LogConfig: Setting CVar [[r.RefractionQuality:2]]
[2020.02.04-07.40.01:599][  0]LogConfig: Setting CVar [[r.SSR.Quality:4]]
[2020.02.04-07.40.01:599][  0]LogConfig: Setting CVar [[r.SceneColorFormat:4]]
[2020.02.04-07.40.01:599][  0]LogConfig: Setting CVar [[r.DetailMode:2]]
[2020.02.04-07.40.01:599][  0]LogConfig: Setting CVar [[r.TranslucencyVolumeBlur:1]]
[2020.02.04-07.40.01:599][  0]LogConfig: Setting CVar [[r.MaterialQualityLevel:1 ; High quality]]
[2020.02.04-07.40.01:599][  0]LogConfig: Setting CVar [[r.SSS.Scale:1]]
[2020.02.04-07.40.01:600][  0]LogConfig: Setting CVar [[r.SSS.SampleSet:2]]
[2020.02.04-07.40.01:600][  0]LogConfig: Setting CVar [[r.SSS.Quality:1]]
[2020.02.04-07.40.01:600][  0]LogConfig: Setting CVar [[r.SSS.HalfRes:0]]
[2020.02.04-07.40.01:600][  0]LogConfig: Setting CVar [[r.EmitterSpawnRateScale:1.0]]
[2020.02.04-07.40.01:600][  0]LogConfig: Setting CVar [[r.ParticleLightQuality:2]]
[2020.02.04-07.40.01:600][  0]LogConfig: Applying CVar settings from Section [FoliageQuality@Cine] File [C:/Users/ssh97/Documents/GitHub/WGJ134-Magnet/MagMan/Saved/Config/Windows/Scalability.ini]
[2020.02.04-07.40.01:600][  0]LogConfig: Setting CVar [[foliage.DensityScale:1.0]]
[2020.02.04-07.40.01:600][  0]LogConfig: Setting CVar [[grass.DensityScale:1.0]]
[2020.02.04-07.40.01:600][  0]LogConfig: Applying CVar settings from Section [Startup] File [../../../Engine/Config/ConsoleVariables.ini]
[2020.02.04-07.40.01:600][  0]LogConfig: Setting CVar [[net.UseAdaptiveNetUpdateFrequency:0]]
[2020.02.04-07.40.01:601][  0]LogConfig: Setting CVar [[p.chaos.AllowCreatePhysxBodies:1]]
[2020.02.04-07.40.01:601][  0]LogConfig: Applying CVar settings from Section [ConsoleVariables] File [C:/Users/ssh97/Documents/GitHub/WGJ134-Magnet/MagMan/Saved/Config/Windows/Engine.ini]
[2020.02.04-07.40.01:601][  0]LogInit: Computer: DESKTOP-65TKGTQ
[2020.02.04-07.40.01:601][  0]LogInit: User: ssh97
[2020.02.04-07.40.01:601][  0]LogInit: CPU Page size=4096, Cores=8
[2020.02.04-07.40.01:601][  0]LogInit: High frequency timer resolution =10.000000 MHz
[2020.02.04-07.40.01:601][  0]LogMemory: Memory total: Physical=16.0GB (16GB approx)
[2020.02.04-07.40.01:602][  0]LogMemory: Platform Memory Stats for Windows
[2020.02.04-07.40.01:602][  0]LogMemory: Process Physical Memory: 101.66 MB used, 101.66 MB peak
[2020.02.04-07.40.01:602][  0]LogMemory: Process Virtual Memory: 91.26 MB used, 91.26 MB peak
[2020.02.04-07.40.01:602][  0]LogMemory: Physical Memory: 6240.47 MB used,  10095.63 MB free, 16336.09 MB total
[2020.02.04-07.40.01:602][  0]LogMemory: Virtual Memory: 4677.09 MB used,  134213048.00 MB free, 134217728.00 MB total
[2020.02.04-07.40.01:965][  0]LogInit: Using OS detected language (ko-KR).
[2020.02.04-07.40.01:965][  0]LogInit: Using OS detected locale (ko-KR).
[2020.02.04-07.40.01:967][  0]LogTextLocalizationManager: No specific localization for 'ko-KR' exists, so the 'ko' localization will be used.
[2020.02.04-07.40.02:174][  0]LogInit: Setting process to per monitor DPI aware
[2020.02.04-07.40.02:365][  0]LogSlate: New Slate User Created.  User Index 0, Is Virtual User: 0
[2020.02.04-07.40.02:365][  0]LogSlate: Slate User Registered.  User Index 0, Is Virtual User: 0
[2020.02.04-07.40.04:988][  0]LogHMD: Failed to initialize OpenVR with code 110
[2020.02.04-07.40.04:989][  0]LogD3D11RHI: D3D11 adapters:
[2020.02.04-07.40.05:111][  0]LogD3D11RHI:    0. 'NVIDIA GeForce GTX 1070' (Feature Level 11_0)
[2020.02.04-07.40.05:111][  0]LogD3D11RHI:       8088/0/8168 MB DedicatedVideo/DedicatedSystem/SharedSystem, Outputs:1, VendorId:0x10de
[2020.02.04-07.40.05:122][  0]LogD3D11RHI:    1. 'Microsoft Basic Render Driver' (Feature Level 11_0)
[2020.02.04-07.40.05:122][  0]LogD3D11RHI:       0/0/8168 MB DedicatedVideo/DedicatedSystem/SharedSystem, Outputs:0, VendorId:0x1414
[2020.02.04-07.40.05:122][  0]LogD3D11RHI: Chosen D3D11 Adapter: 0
[2020.02.04-07.40.05:135][  0]LogD3D11RHI: Creating new Direct3DDevice
[2020.02.04-07.40.05:135][  0]LogD3D11RHI:     GPU DeviceId: 0x1b81 (for the marketing name, search the web for "GPU Device Id")
[2020.02.04-07.40.05:135][  0]LogWindows: EnumDisplayDevices:
[2020.02.04-07.40.05:136][  0]LogWindows:    0. 'NVIDIA GeForce GTX 1070' (P:1 D:1)
[2020.02.04-07.40.05:137][  0]LogWindows:    1. 'NVIDIA GeForce GTX 1070' (P:0 D:0)
[2020.02.04-07.40.05:138][  0]LogWindows:    2. 'NVIDIA GeForce GTX 1070' (P:0 D:0)
[2020.02.04-07.40.05:140][  0]LogWindows:    3. 'NVIDIA GeForce GTX 1070' (P:0 D:0)
[2020.02.04-07.40.05:141][  0]LogWindows: DebugString: FoundDriverCount:4 
[2020.02.04-07.40.05:141][  0]LogD3D11RHI:     Adapter Name: NVIDIA GeForce GTX 1070
[2020.02.04-07.40.05:141][  0]LogD3D11RHI:   Driver Version: 432.00 (internal:26.21.14.3200, unified:432.00)
[2020.02.04-07.40.05:141][  0]LogD3D11RHI:      Driver Date: 7-24-2019
[2020.02.04-07.40.05:141][  0]LogRHI: Texture pool is 5661 MB (70% of 8088 MB)
[2020.02.04-07.40.05:212][  0]LogD3D11RHI: Async texture creation enabled
[2020.02.04-07.40.05:244][  0]LogRendererCore: FGlobalReadBuffer::InitRHI
[2020.02.04-07.40.05:244][  0]LogRendererCore: FGlobalReadBuffer::InitRHI
[2020.02.04-07.40.05:244][  0]LogRendererCore: FGlobalReadBuffer::InitRHI
[2020.02.04-07.40.05:254][  0]LogD3D11RHI: GPU Timing Frequency: 1000.000000 (Debug: 2 1)
[2020.02.04-07.40.05:302][  0]LogD3D11RHI: HDR output is supported on display 0 (NvId: 0x80061085).
[2020.02.04-07.40.05:730][  0]LogTemp: Display: Module 'AllDesktopTargetPlatform' loaded TargetPlatform 'AllDesktop'
[2020.02.04-07.40.05:757][  0]LogTemp: Display: Module 'MacClientTargetPlatform' loaded TargetPlatform 'MacClient'
[2020.02.04-07.40.05:788][  0]LogTemp: Display: Module 'MacNoEditorTargetPlatform' loaded TargetPlatform 'MacNoEditor'
[2020.02.04-07.40.05:815][  0]LogTemp: Display: Module 'MacServerTargetPlatform' loaded TargetPlatform 'MacServer'
[2020.02.04-07.40.05:848][  0]LogTemp: Display: Module 'MacTargetPlatform' loaded TargetPlatform 'Mac'
[2020.02.04-07.40.05:876][  0]LogTemp: Display: Module 'WindowsClientTargetPlatform' loaded TargetPlatform 'WindowsClient'
[2020.02.04-07.40.05:904][  0]LogTemp: Display: Module 'WindowsNoEditorTargetPlatform' loaded TargetPlatform 'WindowsNoEditor'
[2020.02.04-07.40.05:932][  0]LogTemp: Display: Module 'WindowsServerTargetPlatform' loaded TargetPlatform 'WindowsServer'
[2020.02.04-07.40.05:951][  0]LogTemp: Display: Module 'WindowsTargetPlatform' loaded TargetPlatform 'Windows'
[2020.02.04-07.40.06:076][  0]LogTemp: Display: Module 'AndroidTargetPlatform' loaded TargetPlatform 'Android'
[2020.02.04-07.40.06:076][  0]LogTemp: Display: Module 'AndroidTargetPlatform' loaded TargetPlatform 'Android_ASTC'
[2020.02.04-07.40.06:076][  0]LogTemp: Display: Module 'AndroidTargetPlatform' loaded TargetPlatform 'Android_ATC'
[2020.02.04-07.40.06:076][  0]LogTemp: Display: Module 'AndroidTargetPlatform' loaded TargetPlatform 'Android_DXT'
[2020.02.04-07.40.06:076][  0]LogTemp: Display: Module 'AndroidTargetPlatform' loaded TargetPlatform 'Android_ETC1'
[2020.02.04-07.40.06:076][  0]LogTemp: Display: Module 'AndroidTargetPlatform' loaded TargetPlatform 'Android_ETC1a'
[2020.02.04-07.40.06:077][  0]LogTemp: Display: Module 'AndroidTargetPlatform' loaded TargetPlatform 'Android_ETC2'
[2020.02.04-07.40.06:077][  0]LogTemp: Display: Module 'AndroidTargetPlatform' loaded TargetPlatform 'Android_PVRTC'
[2020.02.04-07.40.06:077][  0]LogTemp: Display: Module 'AndroidTargetPlatform' loaded TargetPlatform 'AndroidClient'
[2020.02.04-07.40.06:077][  0]LogTemp: Display: Module 'AndroidTargetPlatform' loaded TargetPlatform 'Android_ASTCClient'
[2020.02.04-07.40.06:077][  0]LogTemp: Display: Module 'AndroidTargetPlatform' loaded TargetPlatform 'Android_ATCClient'
[2020.02.04-07.40.06:077][  0]LogTemp: Display: Module 'AndroidTargetPlatform' loaded TargetPlatform 'Android_DXTClient'
[2020.02.04-07.40.06:077][  0]LogTemp: Display: Module 'AndroidTargetPlatform' loaded TargetPlatform 'Android_ETC1Client'
[2020.02.04-07.40.06:077][  0]LogTemp: Display: Module 'AndroidTargetPlatform' loaded TargetPlatform 'Android_ETC1aClient'
[2020.02.04-07.40.06:077][  0]LogTemp: Display: Module 'AndroidTargetPlatform' loaded TargetPlatform 'Android_ETC2Client'
[2020.02.04-07.40.06:077][  0]LogTemp: Display: Module 'AndroidTargetPlatform' loaded TargetPlatform 'Android_PVRTCClient'
[2020.02.04-07.40.06:077][  0]LogTemp: Display: Module 'AndroidTargetPlatform' loaded TargetPlatform 'Android_Multi'
[2020.02.04-07.40.06:077][  0]LogTemp: Display: Module 'AndroidTargetPlatform' loaded TargetPlatform 'Android_MultiClient'
[2020.02.04-07.40.06:086][  0]LogTemp: Display: Module 'HTML5TargetPlatform' loaded TargetPlatform 'HTML5'
[2020.02.04-07.40.06:176][  0]LogTemp: Display: Module 'IOSTargetPlatform' loaded TargetPlatform 'IOSClient'
[2020.02.04-07.40.06:176][  0]LogTemp: Display: Module 'IOSTargetPlatform' loaded TargetPlatform 'IOS'
[2020.02.04-07.40.06:211][  0]LogTemp: Display: Module 'TVOSTargetPlatform' loaded TargetPlatform 'TVOSClient'
[2020.02.04-07.40.06:211][  0]LogTemp: Display: Module 'TVOSTargetPlatform' loaded TargetPlatform 'TVOS'
[2020.02.04-07.40.06:232][  0]LogTemp: Display: Module 'LinuxClientTargetPlatform' loaded TargetPlatform 'LinuxClient'
[2020.02.04-07.40.06:254][  0]LogTemp: Display: Module 'LinuxNoEditorTargetPlatform' loaded TargetPlatform 'LinuxNoEditor'
[2020.02.04-07.40.06:276][  0]LogTemp: Display: Module 'LinuxServerTargetPlatform' loaded TargetPlatform 'LinuxServer'
[2020.02.04-07.40.06:308][  0]LogTemp: Display: Module 'LinuxTargetPlatform' loaded TargetPlatform 'Linux'
[2020.02.04-07.40.06:375][  0]LogTemp: Display: Module 'LuminTargetPlatform' loaded TargetPlatform 'Lumin'
[2020.02.04-07.40.06:375][  0]LogTemp: Display: Module 'LuminTargetPlatform' loaded TargetPlatform 'LuminClient'
[2020.02.04-07.40.06:376][  0]LogTargetPlatformManager: Display: Building Assets For Windows
[2020.02.04-07.40.06:450][  0]LogAudioDebug: Display: Lib vorbis DLL was dynamically loaded.
[2020.02.04-07.40.06:743][  0]LogShaderCompilers: Guid format shader working directory is -21 characters bigger than the processId version (../../../../../../Users/ssh97/Documents/GitHub/WGJ134-Magnet/MagMan/Intermediate/Shaders/WorkingDirectory/7332/).
[2020.02.04-07.40.06:743][  0]LogShaderCompilers: Cleaned the shader compiler working directory 'C:/Users/ssh97/AppData/Local/Temp/UnrealShaderWorkingDir/ABC0BA2E4FD9DA5A68EA83A16971877F/'.
[2020.02.04-07.40.06:749][  0]LogXGEController: Cleaning working directory: C:/Users/ssh97/AppData/Local/Temp/UnrealXGEWorkingDir/
[2020.02.04-07.40.06:749][  0]LogXGEController: Cannot use XGE Controller as Incredibuild is not installed on this machine.
[2020.02.04-07.40.06:749][  0]LogShaderCompilers: Cannot use XGE Shader Compiler as Incredibuild is not installed on this machine.
[2020.02.04-07.40.06:749][  0]LogShaderCompilers: Display: Using Local Shader Compiler.
[2020.02.04-07.40.09:143][  0]LogDerivedDataCache: Display: Max Cache Size: 512 MB
[2020.02.04-07.40.09:322][  0]LogDerivedDataCache: Loaded boot cache 0.18s 73MB C:/Users/ssh97/AppData/Local/UnrealEngine/4.22/DerivedDataCache/Boot.ddc.
[2020.02.04-07.40.09:322][  0]LogDerivedDataCache: Display: Loaded Boot cache: C:/Users/ssh97/AppData/Local/UnrealEngine/4.22/DerivedDataCache/Boot.ddc
[2020.02.04-07.40.09:323][  0]LogDerivedDataCache: FDerivedDataBackendGraph:  Pak pak cache file ../../../../../../Users/ssh97/Documents/GitHub/WGJ134-Magnet/MagMan/DerivedDataCache/DDC.ddp not found, will not use a pak cache.
[2020.02.04-07.40.09:323][  0]LogDerivedDataCache: Unable to find inner node Pak for hierarchical cache Hierarchy.
[2020.02.04-07.40.09:323][  0]LogDerivedDataCache: FDerivedDataBackendGraph:  CompressedPak pak cache file ../../../../../../Users/ssh97/Documents/GitHub/WGJ134-Magnet/MagMan/DerivedDataCache/Compressed.ddp not found, will not use a pak cache.
[2020.02.04-07.40.09:323][  0]LogDerivedDataCache: Unable to find inner node CompressedPak for hierarchical cache Hierarchy.
[2020.02.04-07.40.09:348][  0]LogDerivedDataCache: Display: Pak cache opened for reading ../../../Engine/DerivedDataCache/Compressed.ddp.
[2020.02.04-07.40.09:348][  0]LogDerivedDataCache: FDerivedDataBackendGraph:  EnterprisePak pak cache file ../../../Enterprise/DerivedDataCache/Compressed.ddp not found, will not use a pak cache.
[2020.02.04-07.40.09:348][  0]LogDerivedDataCache: Unable to find inner node EnterprisePak for hierarchical cache Hierarchy.
[2020.02.04-07.40.09:363][  0]LogDerivedDataCache: Using Local data cache path C:/Users/ssh97/AppData/Local/UnrealEngine/Common/DerivedDataCache: Writable
[2020.02.04-07.40.09:363][  0]LogDerivedDataCache: Shared data cache path not found in *engine.ini, will not use an Shared cache.
[2020.02.04-07.40.09:363][  0]LogDerivedDataCache: Unable to find inner node Shared for hierarchical cache Hierarchy.
[2020.02.04-07.40.09:388][  0]LogMaterial: Verifying Global Shaders for PCD3D_SM5
[2020.02.04-07.40.09:393][  0]LogSlate: Using FreeType 2.6.0
[2020.02.04-07.40.09:405][  0]LogSlate: SlateFontServices - WITH_FREETYPE: 1, WITH_HARFBUZZ: 1
[2020.02.04-07.40.09:683][  0]LogAssetRegistry: FAssetRegistry took 0.0415 seconds to start up
[2020.02.04-07.40.10:168][  0]LogInit: Selected Device Profile: [Windows]
[2020.02.04-07.40.10:554][  0]LogMeshReduction: Using QuadricMeshReduction for automatic static mesh reduction
[2020.02.04-07.40.10:554][  0]LogMeshReduction: Using SimplygonMeshReduction for automatic skeletal mesh reduction
[2020.02.04-07.40.10:554][  0]LogMeshReduction: Using ProxyLODMeshReduction for automatic mesh merging
[2020.02.04-07.40.10:554][  0]LogMeshReduction: No distributed automatic mesh merging module available
[2020.02.04-07.40.10:554][  0]LogMeshMerging: No distributed automatic mesh merging module available
[2020.02.04-07.40.10:603][  0]LogNetVersion: MagMan 1.0.0, NetCL: 5660361, EngineNetVer: 10, GameNetVer: 0 (Checksum: 1687053041)
[2020.02.04-07.40.11:794][  0]LogPackageLocalizationCache: Processed 10 localized package path(s) for 1 prioritized culture(s) in 0.067647 seconds
[2020.02.04-07.40.11:802][  0]LogUObjectArray: 42205 objects as part of root set at end of initial load.
[2020.02.04-07.40.11:802][  0]LogUObjectAllocator: 7325032 out of 0 bytes used by permanent object pool.
[2020.02.04-07.40.11:802][  0]LogUObjectArray: CloseDisregardForGC: 0/0 objects in disregard for GC pool
[2020.02.04-07.40.15:438][  0]LogTcpMessaging: Initializing TcpMessaging bridge
[2020.02.04-07.40.15:462][  0]LogUdpMessaging: Initializing bridge on interface 0.0.0.0:0 to multicast group 230.0.0.1:6666.
[2020.02.04-07.40.16:287][  0]SourceControl: 소스 컨트롤이 꺼져 있습니다.
[2020.02.04-07.40.16:287][  0]SourceControl: 소스 컨트롤이 꺼져 있습니다.
[2020.02.04-07.40.16:315][  0]SourceControl: 소스 컨트롤이 꺼져 있습니다.
[2020.02.04-07.40.16:327][  0]SourceControl: 소스 컨트롤이 꺼져 있습니다.
[2020.02.04-07.40.16:853][  0]LogAndroidPermission: UAndroidPermissionCallbackProxy::GetInstance
[2020.02.04-07.40.17:462][  0]LogOcInput: OculusInput pre-init called
[2020.02.04-07.40.18:497][  0]LogEngine: Initializing Engine...
[2020.02.04-07.40.18:501][  0]LogHMD: Failed to initialize OpenVR with code 110
[2020.02.04-07.40.18:503][  0]LogStats: UGameplayTagsManager::InitializeManager -  0.000 s
[2020.02.04-07.40.18:896][  0]LogInit: Initializing FReadOnlyCVARCache
[2020.02.04-07.40.18:942][  0]LogAIModule: Creating AISystem for world Untitled
[2020.02.04-07.40.19:147][  0]LogInit: XAudio2 using '스피커(Realtek High Definition Audio)' : 2 channels at 48 kHz using 32 bits per sample (channel mask 0x3)
[2020.02.04-07.40.19:210][  0]LogInit: FAudioDevice initialized.
[2020.02.04-07.40.19:210][  0]LogNetVersion: Set ProjectVersion to 1.0.0.0. Version Checksum will be recalculated on next use.
[2020.02.04-07.40.19:297][  0]LogDerivedDataCache: Saved boot cache 0.09s 73MB C:/Users/ssh97/AppData/Local/UnrealEngine/4.22/DerivedDataCache/Boot.ddc.
[2020.02.04-07.40.19:302][  0]LogInit: Texture streaming: Enabled
[2020.02.04-07.40.19:396][  0]LogEngineSessionManager: EngineSessionManager initialized
[2020.02.04-07.40.19:444][  0]LogInit: Transaction tracking system initialized
[2020.02.04-07.40.19:548][  0]BlueprintLog: New page: 에디터 로드
[2020.02.04-07.40.20:005][  0]LocalizationService: 현지화 서비스가 비활성화되었습니다.
[2020.02.04-07.40.20:844][  0]LogFileCache: Scanning file cache for directory 'C:/Users/ssh97/Documents/GitHub/WGJ134-Magnet/MagMan/Content/' took 0.02s
[2020.02.04-07.40.20:844][  0]LogCook: Display: Max memory allowance for cook 16384mb min free memory 0mb
[2020.02.04-07.40.20:844][  0]LogCook: Display: Mobile HDR setting 1
[2020.02.04-07.40.21:659][  0]SourceControl: 소스 컨트롤이 꺼져 있습니다.
[2020.02.04-07.40.21:660][  0]Cmd: MAP LOAD FILE="../../../../../../Users/ssh97/Documents/GitHub/WGJ134-Magnet/MagMan/Content/GameMap.umap" TEMPLATE=0 SHOWPROGRESS=1 FEATURELEVEL=3
[2020.02.04-07.40.21:661][  0]LightingResults: New page: 라이팅 빌드
[2020.02.04-07.40.21:668][  0]MapCheck: New page: 맵 체크
[2020.02.04-07.40.21:668][  0]LightingResults: New page: 라이팅 빌드
[2020.02.04-07.40.21:709][  0]LogUObjectHash: Compacting FUObjectHashTables data took   1.77ms
[2020.02.04-07.40.21:904][  0]LogAIModule: Creating AISystem for world GameMap
[2020.02.04-07.40.21:928][  0]LogEditorServer: Finished looking for orphan Actors (0.000 secs)
[2020.02.04-07.40.21:971][  0]LogUObjectHash: Compacting FUObjectHashTables data took   2.14ms
[2020.02.04-07.40.21:971][  0]Cmd: MAP CHECKDEP NOCLEARLOG
[2020.02.04-07.40.21:972][  0]MapCheck: 맵 체크 완료: 오류 0 회, 경고 0 회, 소요 시간 0.278ms.
[2020.02.04-07.40.21:972][  0]LogFileHelpers: Loading map 'GameMap' took 0.312
[2020.02.04-07.40.22:181][  0]LogSlate: Updating window title bar state: overlay mode, drag disabled, window buttons hidden, title bar hidden
[2020.02.04-07.40.22:189][  0]LogSlate: Updating window title bar state: overlay mode, drag disabled, window buttons hidden, title bar hidden
[2020.02.04-07.40.22:197][  0]LogSlate: Updating window title bar state: overlay mode, drag disabled, window buttons hidden, title bar hidden
[2020.02.04-07.40.22:204][  0]LogSlate: Updating window title bar state: overlay mode, drag disabled, window buttons hidden, title bar hidden
[2020.02.04-07.40.22:234][  0]LogCollectionManager: Loaded 0 collections in 0.003067 seconds
[2020.02.04-07.40.22:290][  0]LogFileCache: Scanning file cache for directory 'C:/Users/ssh97/Documents/GitHub/WGJ134-Magnet/MagMan/Saved/Collections/' took 0.01s
[2020.02.04-07.40.22:291][  0]LogFileCache: Scanning file cache for directory 'C:/Users/ssh97/Documents/GitHub/WGJ134-Magnet/MagMan/Content/Developers/ssh97/Collections/' took 0.01s
[2020.02.04-07.40.22:291][  0]LogFileCache: Scanning file cache for directory 'C:/Users/ssh97/Documents/GitHub/WGJ134-Magnet/MagMan/Content/Collections/' took 0.01s
[2020.02.04-07.40.22:291][  0]LogCollectionManager: Rebuilt the GUID cache for 0 collections in 0.000000 seconds
[2020.02.04-07.40.22:304][  0]LogContentBrowser: Native class hierarchy populated in 0.0118 seconds. Added 2737 classes and 661 folders.
[2020.02.04-07.40.22:317][  0]LogContentBrowser: Native class hierarchy updated for 'WidgetCarousel' in 0.0004 seconds. Added 0 classes and 0 folders.
[2020.02.04-07.40.22:325][  0]LogPakFile: Registered encryption key '00000000000000000000000000000000': 0 pak files mounted, 0 remain pending
[2020.02.04-07.40.22:333][  0]LogPakFile: Registered encryption key '00000000000000000000000000000000': 0 pak files mounted, 0 remain pending
[2020.02.04-07.40.22:351][  0]LogPakFile: Registered encryption key '00000000000000000000000000000000': 0 pak files mounted, 0 remain pending
[2020.02.04-07.40.22:357][  0]LogPakFile: Registered encryption key '00000000000000000000000000000000': 0 pak files mounted, 0 remain pending
[2020.02.04-07.40.22:364][  0]LogPakFile: Registered encryption key '00000000000000000000000000000000': 0 pak files mounted, 0 remain pending
[2020.02.04-07.40.22:370][  0]LogPakFile: Registered encryption key '00000000000000000000000000000000': 0 pak files mounted, 0 remain pending
[2020.02.04-07.40.22:377][  0]LogPakFile: Registered encryption key '00000000000000000000000000000000': 0 pak files mounted, 0 remain pending
[2020.02.04-07.40.22:384][  0]LogPakFile: Registered encryption key '00000000000000000000000000000000': 0 pak files mounted, 0 remain pending
[2020.02.04-07.40.22:390][  0]LogPakFile: Registered encryption key '00000000000000000000000000000000': 0 pak files mounted, 0 remain pending
[2020.02.04-07.40.22:398][  0]LogPakFile: Registered encryption key '00000000000000000000000000000000': 0 pak files mounted, 0 remain pending
[2020.02.04-07.40.22:404][  0]LogPakFile: Registered encryption key '00000000000000000000000000000000': 0 pak files mounted, 0 remain pending
[2020.02.04-07.40.22:410][  0]LogPakFile: Registered encryption key '00000000000000000000000000000000': 0 pak files mounted, 0 remain pending
[2020.02.04-07.40.22:417][  0]LogPakFile: Registered encryption key '00000000000000000000000000000000': 0 pak files mounted, 0 remain pending
[2020.02.04-07.40.22:423][  0]LogPakFile: Registered encryption key '00000000000000000000000000000000': 0 pak files mounted, 0 remain pending
[2020.02.04-07.40.22:430][  0]LogPakFile: Registered encryption key '00000000000000000000000000000000': 0 pak files mounted, 0 remain pending
[2020.02.04-07.40.22:436][  0]LogPakFile: Registered encryption key '00000000000000000000000000000000': 0 pak files mounted, 0 remain pending
[2020.02.04-07.40.22:464][  0]LogPakFile: Registered encryption key '00000000000000000000000000000000': 0 pak files mounted, 0 remain pending
[2020.02.04-07.40.22:471][  0]LogPakFile: Registered encryption key '00000000000000000000000000000000': 0 pak files mounted, 0 remain pending
[2020.02.04-07.40.22:477][  0]LogPakFile: Registered encryption key '00000000000000000000000000000000': 0 pak files mounted, 0 remain pending
[2020.02.04-07.40.22:484][  0]LogPakFile: Registered encryption key '00000000000000000000000000000000': 0 pak files mounted, 0 remain pending
[2020.02.04-07.40.22:491][  0]LogPakFile: Registered encryption key '00000000000000000000000000000000': 0 pak files mounted, 0 remain pending
[2020.02.04-07.40.22:497][  0]LogPakFile: Registered encryption key '00000000000000000000000000000000': 0 pak files mounted, 0 remain pending
[2020.02.04-07.40.22:504][  0]LogPakFile: Registered encryption key '00000000000000000000000000000000': 0 pak files mounted, 0 remain pending
[2020.02.04-07.40.22:511][  0]LogPakFile: Registered encryption key '00000000000000000000000000000000': 0 pak files mounted, 0 remain pending
[2020.02.04-07.40.22:517][  0]LogPakFile: Registered encryption key '00000000000000000000000000000000': 0 pak files mounted, 0 remain pending
[2020.02.04-07.40.22:524][  0]LogPakFile: Registered encryption key '00000000000000000000000000000000': 0 pak files mounted, 0 remain pending
[2020.02.04-07.40.22:698][  0]LogContentBrowser: Native class hierarchy updated for 'AddContentDialog' in 0.0005 seconds. Added 0 classes and 0 folders.
[2020.02.04-07.40.22:729][  0]LogContentBrowser: Native class hierarchy updated for 'SceneOutliner' in 0.0006 seconds. Added 1 classes and 2 folders.
[2020.02.04-07.40.22:868][  0]LogSlate: Took 0.006895 seconds to synchronously load lazily loaded font '../../../Engine/Content/Slate/Fonts/Roboto-Regular.ttf' (155K)
[2020.02.04-07.40.22:885][  0]LogSlate: Took 0.016046 seconds to synchronously load lazily loaded font '../../../Engine/Content/Editor/Slate/Fonts/NanumGothic.ttf' (4243K)
[2020.02.04-07.40.22:905][  0]LogSlate: Took 0.016179 seconds to synchronously load lazily loaded font '../../../Engine/Content/Editor/Slate/Fonts/NanumGothicBold.ttf' (4188K)
[2020.02.04-07.40.22:911][  0]LogSlate: Took 0.006303 seconds to synchronously load lazily loaded font '../../../Engine/Content/Slate/Fonts/Roboto-Bold.ttf' (160K)
[2020.02.04-07.40.22:920][  0]LogSlate: Took 0.006355 seconds to synchronously load lazily loaded font '../../../Engine/Content/Editor/Slate/Fonts/FontAwesome.ttf' (139K)
[2020.02.04-07.40.23:108][  0]LogRenderer: Reallocating scene render targets to support 1212x652 Format 10 NumSamples 1 (Frame:1).
[2020.02.04-07.40.23:179][  0]LogSlate: Took 0.006073 seconds to synchronously load lazily loaded font '../../../Engine/Content/Slate/Fonts/Roboto-Light.ttf' (167K)
[2020.02.04-07.40.23:311][  0]LogContentBrowser: Native class hierarchy updated for 'HierarchicalLODOutliner' in 0.0005 seconds. Added 0 classes and 0 folders.
[2020.02.04-07.40.23:311][  0]LogLoad: (Engine Initialization) Total time: 25.82 seconds
[2020.02.04-07.40.23:311][  0]LogLoad: (Engine Initialization) Total Blueprint compile time: 0.00 seconds
[2020.02.04-07.40.23:415][  0]LogAssetRegistry: Asset discovery search completed in 13.7565 seconds
[2020.02.04-07.40.23:417][  0]LogCollectionManager: Rebuilt the object cache for 0 collections in 0.000000 seconds (found 0 objects)
[2020.02.04-07.40.23:417][  0]LogCollectionManager: Fixed up redirectors for 0 collections in 0.000106 seconds (updated 0 objects)
[2020.02.04-07.40.23:420][  0]LogContentStreaming: Texture pool size now 3000 MB
[2020.02.04-07.40.23:488][  0]LogRenderer: Reallocating scene render targets to support 1212x668 Format 10 NumSamples 1 (Frame:2).
[2020.02.04-07.40.24:748][120]LogSlate: FSceneViewport::OnFocusLost() reason 0
[2020.02.04-07.48.39:537][ 70]LogSlate: Took 0.006309 seconds to synchronously load lazily loaded font '../../../Engine/Content/Slate/Fonts/Roboto-Light.ttf' (167K)
[2020.02.04-07.48.39:587][ 70]LogAssetEditorManager: Opening Asset editor for BehaviorTree /Game/Character/IronBall/AI/EnemyBehaviorTree.EnemyBehaviorTree
[2020.02.04-07.48.39:757][ 70]LogSlate: Took 0.006617 seconds to synchronously load lazily loaded font '../../../Engine/Content/Slate/Fonts/Roboto-BoldCondensed.ttf' (158K)
[2020.02.04-07.49.53:265][651]LogBehaviorTree: Warning: Can't initialize task: BTTask_MoveTo_0, make sure that behavior tree specifies blackboard asset!
[2020.02.04-07.49.53:265][651]LogBehaviorTree: Warning: Can't initialize task: BTTask_MoveTo_0, make sure that behavior tree specifies blackboard asset!
[2020.02.04-07.50.00:340][482]LogBehaviorTree: Warning: Can't initialize task: BTTask_MoveTo_0, make sure that behavior tree specifies blackboard asset!
[2020.02.04-07.50.00:430][482]LogSavePackage: Moving '../../../../../../Users/ssh97/Documents/GitHub/WGJ134-Magnet/MagMan/Saved/EnemyBehaviorTreeFE499BAA4ABA0C9A18217BB50F812636.tmp' to '../../../../../../Users/ssh97/Documents/GitHub/WGJ134-Magnet/MagMan/Content/Character/IronBall/AI/EnemyBehaviorTree.uasset'
[2020.02.04-07.50.04:476][937]LogAssetEditorManager: Opening Asset editor for BlackboardData /Game/Character/IronBall/AI/EnemyBlackBoard.EnemyBlackBoard
[2020.02.04-07.50.38:707][969]LogSavePackage: Moving '../../../../../../Users/ssh97/Documents/GitHub/WGJ134-Magnet/MagMan/Saved/EnemyBlackBoardC83E3D70494F68635E7A38AAB4CF4CE8.tmp' to '../../../../../../Users/ssh97/Documents/GitHub/WGJ134-Magnet/MagMan/Content/Character/IronBall/AI/EnemyBlackBoard.uasset'
[2020.02.04-07.50.43:487][519]LogSlate: Window 'EnemyBlackBoard' being destroyed
[2020.02.04-07.50.43:536][519]LogSlate: Window 'EnemyBlackBoard' being destroyed
[2020.02.04-07.50.44:385][594]Cmd: OBJ SAVEPACKAGE PACKAGE="/Game/GameMap" FILE="../../../../../../Users/ssh97/Documents/GitHub/WGJ134-Magnet/MagMan/Content/GameMap.umap" SILENT=true AUTOSAVING=false KEEPDIRTY=false
[2020.02.04-07.50.44:426][594]LogUObjectHash: Compacting FUObjectHashTables data took   1.71ms
[2020.02.04-07.50.44:575][594]LogSavePackage: Moving '../../../../../../Users/ssh97/Documents/GitHub/WGJ134-Magnet/MagMan/Saved/GameMap8F8F9DC6441482BBB39805B1D348A758.tmp' to '../../../../../../Users/ssh97/Documents/GitHub/WGJ134-Magnet/MagMan/Content/GameMap.umap'
[2020.02.04-07.50.44:625][594]Cmd: OBJ SAVEPACKAGE PACKAGE="/Game/GameMap_BuiltData" FILE="../../../../../../Users/ssh97/Documents/GitHub/WGJ134-Magnet/MagMan/Content/GameMap_BuiltData.uasset" SILENT=true
[2020.02.04-07.50.44:667][594]LogSavePackage: Moving '../../../../../../Users/ssh97/Documents/GitHub/WGJ134-Magnet/MagMan/Saved/GameMap_BuiltData42B5F6254126C6BECACFA387EA1F69DC.tmp' to '../../../../../../Users/ssh97/Documents/GitHub/WGJ134-Magnet/MagMan/Content/GameMap_BuiltData.uasset'
[2020.02.04-07.50.46:107][758]LogEditorViewport: Clicking on Actor (LMB): SphereReflectionCapture (SphereReflectionCapture)
[2020.02.04-07.50.47:745][945]LogEditorViewport: Clicking on Actor (LMB): EnemyPawn (EnemyPawn4)
[2020.02.04-07.50.49:074][ 90]LogEditorViewport: Clicking on Actor (LMB): StaticMeshActor (Floor)
[2020.02.04-07.50.50:051][201]LogEditorViewport: Clicking on Actor (LMB): StaticMeshActor (Floor)
