Log file open, 02/04/20 13:53:05
LogWindows: Failed to load 'aqProf.dll' (GetLastError=126)
LogWindows: File 'aqProf.dll' does not exist
LogWindows: Failed to load 'VtuneApi.dll' (GetLastError=126)
LogWindows: File 'VtuneApi.dll' does not exist
LogWindows: Failed to load 'VtuneApi32e.dll' (GetLastError=126)
LogWindows: File 'VtuneApi32e.dll' does not exist
LogConsoleResponse: Display: Failed to find resolution value strings in scalability ini. Falling back to default.
LogInit: Display: Running engine for game: MagMan
LogPakFile: Registered encryption key '00000000000000000000000000000000': 0 pak files mounted, 0 remain pending
LogPlatformFile: Not using cached read wrapper
LogTaskGraph: Started task graph with 5 named threads and 47 total threads with 3 sets of task threads.
LogStats: Stats thread started at 0.814012
LogD3D11RHI: Loaded GFSDK_Aftermath_Lib.x64.dll
LogICUInternationalization: ICU TimeZone Detection - Raw Offset: +9:00, Platform Override: ''
LogPluginManager: Mounting plugin Paper2D
LogPluginManager: Mounting plugin AISupport
LogPluginManager: Mounting plugin LightPropagationVolume
LogPluginManager: Mounting plugin ActorLayerUtilities
LogPluginManager: Mounting plugin AnimationSharing
LogPluginManager: Mounting plugin CLionSourceCodeAccess
LogPluginManager: Mounting plugin CodeLiteSourceCodeAccess
LogPluginManager: Mounting plugin GitSourceControl
LogPluginManager: Mounting plugin KDevelopSourceCodeAccess
LogPluginManager: Mounting plugin NullSourceCodeAccess
LogPluginManager: Mounting plugin PerforceSourceControl
LogPluginManager: Mounting plugin SubversionSourceControl
LogPluginManager: Mounting plugin UObjectPlugin
LogPluginManager: Mounting plugin VisualStudioCodeSourceCodeAccess
LogPluginManager: Mounting plugin VisualStudioSourceCodeAccess
LogPluginManager: Mounting plugin XCodeSourceCodeAccess
LogPluginManager: Mounting plugin AssetManagerEditor
LogPluginManager: Mounting plugin CryptoKeys
LogPluginManager: Mounting plugin DataValidation
LogPluginManager: Mounting plugin FacialAnimation
LogPluginManager: Mounting plugin GameplayTagsEditor
LogPluginManager: Mounting plugin MacGraphicsSwitching
LogPluginManager: Mounting plugin MaterialAnalyzer
LogPluginManager: Mounting plugin MobileLauncherProfileWizard
LogPluginManager: Mounting plugin PluginBrowser
LogPluginManager: Mounting plugin SpeedTreeImporter
LogPluginManager: Mounting plugin DatasmithContent
LogPluginManager: Mounting plugin VariantManagerContent
LogPluginManager: Mounting plugin AlembicImporter
LogPluginManager: Mounting plugin AppleImageUtils
LogPluginManager: Mounting plugin AppleVision
LogPluginManager: Mounting plugin BackChannel
LogPluginManager: Mounting plugin CharacterAI
LogPluginManager: Mounting plugin GeometryCache
LogPluginManager: Mounting plugin HTML5Networking
LogPluginManager: Mounting plugin ProxyLODPlugin
LogPluginManager: Mounting plugin SkeletalReduction
LogPluginManager: Mounting plugin MagicLeap
LogPluginManager: Mounting plugin MagicLeapMedia
LogPluginManager: Mounting plugin AndroidMedia
LogPluginManager: Mounting plugin AvfMedia
LogPluginManager: Mounting plugin ImgMedia
LogPluginManager: Mounting plugin LinearTimecode
LogPluginManager: Mounting plugin MediaCompositing
LogPluginManager: Mounting plugin MediaPlayerEditor
LogPluginManager: Mounting plugin WebMMedia
LogPluginManager: Mounting plugin WmfMedia
LogPluginManager: Mounting plugin TcpMessaging
LogPluginManager: Mounting plugin UdpMessaging
LogPluginManager: Mounting plugin ActorSequence
LogPluginManager: Mounting plugin LevelSequenceEditor
LogPluginManager: Mounting plugin MatineeToLevelSequence
LogPluginManager: Mounting plugin NetcodeUnitTest
LogPluginManager: Mounting plugin NUTUnrealEngine4
LogPluginManager: Mounting plugin OnlineSubsystemGooglePlay
LogPluginManager: Mounting plugin OnlineSubsystemIOS
LogPluginManager: Mounting plugin OnlineSubsystem
LogPluginManager: Mounting plugin OnlineSubsystemNull
LogPluginManager: Mounting plugin OnlineSubsystemUtils
LogPluginManager: Mounting plugin LauncherChunkInstaller
LogPluginManager: Mounting plugin AndroidDeviceProfileSelector
LogPluginManager: Mounting plugin AndroidMoviePlayer
LogPluginManager: Mounting plugin AndroidPermission
LogPluginManager: Mounting plugin AppleMoviePlayer
LogPluginManager: Mounting plugin ArchVisCharacter
LogPluginManager: Mounting plugin AudioCapture
LogPluginManager: Mounting plugin CableComponent
LogPluginManager: Mounting plugin CustomMeshComponent
LogPluginManager: Mounting plugin EditableMesh
LogPluginManager: Mounting plugin ExampleDeviceProfileSelector
LogPluginManager: Mounting plugin Firebase
LogPluginManager: Mounting plugin GoogleCloudMessaging
LogPluginManager: Mounting plugin IOSDeviceProfileSelector
LogPluginManager: Mounting plugin LinuxDeviceProfileSelector
LogPluginManager: Mounting plugin LocationServicesBPLibrary
LogPluginManager: Mounting plugin MobilePatchingUtils
LogPluginManager: Mounting plugin OculusVR
LogPluginManager: Mounting plugin PhysXVehicles
LogPluginManager: Mounting plugin ProceduralMeshComponent
LogPluginManager: Mounting plugin RuntimePhysXCooking
LogPluginManager: Mounting plugin SignificanceManager
LogPluginManager: Mounting plugin SteamVR
LogPluginManager: Mounting plugin WebMMoviePlayer
LogPluginManager: Mounting plugin WindowsMoviePlayer
LogInit: Using libcurl 7.55.1-DEV
LogInit:  - built for x86_64-pc-win32
LogInit:  - supports SSL with OpenSSL/1.1.1
LogInit:  - supports HTTP deflate (compression) using libz 1.2.8
LogInit:  - other features:
LogInit:      CURL_VERSION_SSL
LogInit:      CURL_VERSION_LIBZ
LogInit:      CURL_VERSION_IPV6
LogInit:      CURL_VERSION_ASYNCHDNS
LogInit:      CURL_VERSION_LARGEFILE
LogInit:      CURL_VERSION_IDN
LogInit:  CurlRequestOptions (configurable via config and command line):
LogInit:  - bVerifyPeer = true  - Libcurl will verify peer certificate
LogInit:  - bUseHttpProxy = false  - Libcurl will NOT use HTTP proxy
LogInit:  - bDontReuseConnections = false  - Libcurl will reuse connections
LogInit:  - MaxHostConnections = 16  - Libcurl will limit the number of connections to a host
LogInit:  - LocalHostAddr = Default
LogInit:  - BufferSize = 65536
LogInit: WinSock: version 1.1 (2.2), MaxSocks=32767, MaxUdp=65467
LogInit: Build: ++UE4+Release-4.22-CL-7053642
LogInit: Engine Version: 4.22.3-7053642+++UE4+Release-4.22
LogInit: Compatible Engine Version: 4.22.0-5660361+++UE4+Release-4.22
LogInit: Net CL: 5660361
LogInit: OS: Windows 10 (Release 1903) (), CPU: AMD Ryzen 7 1700X Eight-Core Processor         , GPU: NVIDIA GeForce GTX 1070
LogInit: Compiled (64-bit): Jun 18 2019 03:09:11
LogInit: Compiled with Visual C++: 19.16.27025.01
LogInit: Build Configuration: Development
LogInit: Branch Name: ++UE4+Release-4.22
LogInit: Command Line:  -skipcompile
LogInit: Base Directory: C:/Program Files/Epic Games/UE_4.22/Engine/Binaries/Win64/
LogInit: Installed Engine Build: 1
LogDevObjectVersion: Number of dev versions registered: 23
LogDevObjectVersion:   Dev-Blueprints (B0D832E4-1F89-4F0D-ACCF-7EB736FD4AA2): 10
LogDevObjectVersion:   Dev-Build (E1C64328-A22C-4D53-A36C-8E866417BD8C): 0
LogDevObjectVersion:   Dev-Core (375EC13C-06E4-48FB-B500-84F0262A717E): 3
LogDevObjectVersion:   Dev-Editor (E4B068ED-F494-42E9-A231-DA0B2E46BB41): 30
LogDevObjectVersion:   Dev-Framework (CFFC743F-43B0-4480-9391-14DF171D2073): 35
LogDevObjectVersion:   Dev-Mobile (B02B49B5-BB20-44E9-A304-32B752E40360): 2
LogDevObjectVersion:   Dev-Networking (A4E4105C-59A1-49B5-A7C5-40C4547EDFEE): 0
LogDevObjectVersion:   Dev-Online (39C831C9-5AE6-47DC-9A44-9C173E1C8E7C): 0
LogDevObjectVersion:   Dev-Physics (78F01B33-EBEA-4F98-B9B4-84EACCB95AA2): 0
LogDevObjectVersion:   Dev-Platform (6631380F-2D4D-43E0-8009-CF276956A95A): 0
LogDevObjectVersion:   Dev-Rendering (12F88B9F-8875-4AFC-A67C-D90C383ABD29): 28
LogDevObjectVersion:   Dev-Sequencer (7B5AE74C-D270-4C10-A958-57980B212A5A): 11
LogDevObjectVersion:   Dev-VR (D7296918-1DD6-4BDD-9DE2-64A83CC13884): 2
LogDevObjectVersion:   Dev-LoadTimes (C2A15278-BFE7-4AFE-6C17-90FF531DF755): 1
LogDevObjectVersion:   Private-Geometry (6EACA3D4-40EC-4CC1-B786-8BED09428FC5): 3
LogDevObjectVersion:   Dev-AnimPhys (29E575DD-E0A3-4627-9D10-D276232CDCEA): 17
LogDevObjectVersion:   Dev-Anim (AF43A65D-7FD3-4947-9873-3E8ED9C1BB05): 2
LogDevObjectVersion:   Dev-ReflectionCapture (6B266CEC-1EC7-4B8F-A30B-E4D90942FC07): 1
LogDevObjectVersion:   Dev-Automation (0DF73D61-A23F-47EA-B727-89E90C41499A): 1
LogDevObjectVersion:   FortniteMain (601D1886-AC64-4F84-AA16-D3DE0DEAC7D6): 25
LogDevObjectVersion:   Dev-Enterprise (9DFFBCD6-494F-0158-E221-12823C92A888): 6
LogDevObjectVersion:   Dev-Niagara (F2AED0AC-9AFE-416F-8664-AA7FFA26D6FC): 1
LogDevObjectVersion:   Dev-Destruction (174F1F0B-B4C6-45A5-B13F-2EE8D0FB917D): 2
LogInit: Presizing for max 16777216 objects, including 0 objects not considered by GC, pre-allocating 0 bytes for permanent pool.
LogInit: Object subsystem initialized
LogConfig: Setting CVar [[con.DebugEarlyDefault:1]]
LogConfig: Setting CVar [[r.setres:1280x720]]
[2020.02.04-04.53.06:342][  0]LogConfig: Setting CVar [[r.VSync:0]]
[2020.02.04-04.53.06:342][  0]LogConfig: Setting CVar [[r.RHICmdBypass:0]]
[2020.02.04-04.53.06:342][  0]LogConfig: Applying CVar settings from Section [/Script/Engine.RendererSettings] File [C:/Users/ssh97/Documents/GitHub/WGJ134-Magnet/MagMan/Saved/Config/Windows/Engine.ini]
[2020.02.04-04.53.06:342][  0]LogConfig: Setting CVar [[r.GPUCrashDebugging:0]]
[2020.02.04-04.53.06:342][  0]LogConfig: Setting CVar [[r.DefaultFeature.AutoExposure.ExtendDefaultLuminanceRange:1]]
[2020.02.04-04.53.06:342][  0]LogConfig: Applying CVar settings from Section [/Script/Engine.RendererOverrideSettings] File [C:/Users/ssh97/Documents/GitHub/WGJ134-Magnet/MagMan/Saved/Config/Windows/Engine.ini]
[2020.02.04-04.53.06:342][  0]LogConfig: Applying CVar settings from Section [/Script/Engine.StreamingSettings] File [C:/Users/ssh97/Documents/GitHub/WGJ134-Magnet/MagMan/Saved/Config/Windows/Engine.ini]
[2020.02.04-04.53.06:342][  0]LogConfig: Setting CVar [[s.MinBulkDataSizeForAsyncLoading:131072]]
[2020.02.04-04.53.06:342][  0]LogConfig: Setting CVar [[s.AsyncLoadingThreadEnabled:0]]
[2020.02.04-04.53.06:343][  0]LogConfig: Setting CVar [[s.EventDrivenLoaderEnabled:1]]
[2020.02.04-04.53.06:343][  0]LogConfig: Setting CVar [[s.WarnIfTimeLimitExceeded:0]]
[2020.02.04-04.53.06:343][  0]LogConfig: Setting CVar [[s.TimeLimitExceededMultiplier:1.5]]
[2020.02.04-04.53.06:343][  0]LogConfig: Setting CVar [[s.TimeLimitExceededMinTime:0.005]]
[2020.02.04-04.53.06:343][  0]LogConfig: Setting CVar [[s.UseBackgroundLevelStreaming:1]]
[2020.02.04-04.53.06:343][  0]LogConfig: Setting CVar [[s.PriorityAsyncLoadingExtraTime:15.0]]
[2020.02.04-04.53.06:343][  0]LogConfig: Setting CVar [[s.LevelStreamingActorsUpdateTimeLimit:5.0]]
[2020.02.04-04.53.06:343][  0]LogConfig: Setting CVar [[s.PriorityLevelStreamingActorsUpdateExtraTime:5.0]]
[2020.02.04-04.53.06:343][  0]LogConfig: Setting CVar [[s.LevelStreamingComponentsRegistrationGranularity:10]]
[2020.02.04-04.53.06:343][  0]LogConfig: Setting CVar [[s.UnregisterComponentsTimeLimit:1.0]]
[2020.02.04-04.53.06:343][  0]LogConfig: Setting CVar [[s.LevelStreamingComponentsUnregistrationGranularity:5]]
[2020.02.04-04.53.06:343][  0]LogConfig: Applying CVar settings from Section [/Script/Engine.GarbageCollectionSettings] File [C:/Users/ssh97/Documents/GitHub/WGJ134-Magnet/MagMan/Saved/Config/Windows/Engine.ini]
[2020.02.04-04.53.06:343][  0]LogConfig: Setting CVar [[gc.MaxObjectsNotConsideredByGC:1]]
[2020.02.04-04.53.06:343][  0]LogConfig: Setting CVar [[gc.SizeOfPermanentObjectPool:0]]
[2020.02.04-04.53.06:343][  0]LogConfig: Setting CVar [[gc.FlushStreamingOnGC:0]]
[2020.02.04-04.53.06:343][  0]LogConfig: Setting CVar [[gc.NumRetriesBeforeForcingGC:10]]
[2020.02.04-04.53.06:343][  0]LogConfig: Setting CVar [[gc.AllowParallelGC:1]]
[2020.02.04-04.53.06:343][  0]LogConfig: Setting CVar [[gc.TimeBetweenPurgingPendingKillObjects:61.1]]
[2020.02.04-04.53.06:343][  0]LogConfig: Setting CVar [[gc.MaxObjectsInEditor:16777216]]
[2020.02.04-04.53.06:343][  0]LogConfig: Setting CVar [[gc.IncrementalBeginDestroyEnabled:1]]
[2020.02.04-04.53.06:343][  0]LogConfig: Setting CVar [[gc.CreateGCClusters:1]]
[2020.02.04-04.53.06:343][  0]LogConfig: Setting CVar [[gc.MinGCClusterSize:5]]
[2020.02.04-04.53.06:343][  0]LogConfig: Setting CVar [[gc.ActorClusteringEnabled:0]]
[2020.02.04-04.53.06:343][  0]LogConfig: Setting CVar [[gc.BlueprintClusteringEnabled:0]]
[2020.02.04-04.53.06:343][  0]LogConfig: Setting CVar [[gc.UseDisregardForGCOnDedicatedServers:0]]
[2020.02.04-04.53.06:343][  0]LogConfig: Applying CVar settings from Section [/Script/Engine.NetworkSettings] File [C:/Users/ssh97/Documents/GitHub/WGJ134-Magnet/MagMan/Saved/Config/Windows/Engine.ini]
[2020.02.04-04.53.06:343][  0]LogConfig: Applying CVar settings from Section [/Script/UnrealEd.CookerSettings] File [C:/Users/ssh97/Documents/GitHub/WGJ134-Magnet/MagMan/Saved/Config/Windows/Engine.ini]
[2020.02.04-04.53.06:353][  0]LogConfig: Applying CVar settings from Section [ViewDistanceQuality@3] File [C:/Users/ssh97/Documents/GitHub/WGJ134-Magnet/MagMan/Saved/Config/Windows/Scalability.ini]
[2020.02.04-04.53.06:353][  0]LogConfig: Setting CVar [[r.SkeletalMeshLODBias:0]]
[2020.02.04-04.53.06:353][  0]LogConfig: Setting CVar [[r.ViewDistanceScale:1.0]]
[2020.02.04-04.53.06:353][  0]LogConfig: Applying CVar settings from Section [AntiAliasingQuality@3] File [C:/Users/ssh97/Documents/GitHub/WGJ134-Magnet/MagMan/Saved/Config/Windows/Scalability.ini]
[2020.02.04-04.53.06:353][  0]LogConfig: Setting CVar [[r.PostProcessAAQuality:4]]
[2020.02.04-04.53.06:353][  0]LogConfig: Applying CVar settings from Section [ShadowQuality@3] File [C:/Users/ssh97/Documents/GitHub/WGJ134-Magnet/MagMan/Saved/Config/Windows/Scalability.ini]
[2020.02.04-04.53.06:353][  0]LogConfig: Setting CVar [[r.LightFunctionQuality:1]]
[2020.02.04-04.53.06:353][  0]LogConfig: Setting CVar [[r.ShadowQuality:5]]
[2020.02.04-04.53.06:353][  0]LogConfig: Setting CVar [[r.Shadow.CSM.MaxCascades:10]]
[2020.02.04-04.53.06:353][  0]LogConfig: Setting CVar [[r.Shadow.MaxResolution:2048]]
[2020.02.04-04.53.06:353][  0]LogConfig: Setting CVar [[r.Shadow.MaxCSMResolution:2048]]
[2020.02.04-04.53.06:353][  0]LogConfig: Setting CVar [[r.Shadow.RadiusThreshold:0.01]]
[2020.02.04-04.53.06:354][  0]LogConfig: Setting CVar [[r.Shadow.DistanceScale:1.0]]
[2020.02.04-04.53.06:354][  0]LogConfig: Setting CVar [[r.Shadow.CSM.TransitionScale:1.0]]
[2020.02.04-04.53.06:354][  0]LogConfig: Setting CVar [[r.Shadow.PreShadowResolutionFactor:1.0]]
[2020.02.04-04.53.06:354][  0]LogConfig: Setting CVar [[r.DistanceFieldShadowing:1]]
[2020.02.04-04.53.06:354][  0]LogConfig: Setting CVar [[r.DistanceFieldAO:1]]
[2020.02.04-04.53.06:354][  0]LogConfig: Setting CVar [[r.AOQuality:2]]
[2020.02.04-04.53.06:354][  0]LogConfig: Setting CVar [[r.VolumetricFog:1]]
[2020.02.04-04.53.06:354][  0]LogConfig: Setting CVar [[r.VolumetricFog.GridPixelSize:8]]
[2020.02.04-04.53.06:354][  0]LogConfig: Setting CVar [[r.VolumetricFog.GridSizeZ:128]]
[2020.02.04-04.53.06:354][  0]LogConfig: Setting CVar [[r.VolumetricFog.HistoryMissSupersampleCount:4]]
[2020.02.04-04.53.06:354][  0]LogConfig: Setting CVar [[r.LightMaxDrawDistanceScale:1]]
[2020.02.04-04.53.06:354][  0]LogConfig: Setting CVar [[r.CapsuleShadows:1]]
[2020.02.04-04.53.06:354][  0]LogConfig: Applying CVar settings from Section [PostProcessQuality@3] File [C:/Users/ssh97/Documents/GitHub/WGJ134-Magnet/MagMan/Saved/Config/Windows/Scalability.ini]
[2020.02.04-04.53.06:354][  0]LogConfig: Setting CVar [[r.MotionBlurQuality:4]]
[2020.02.04-04.53.06:354][  0]LogConfig: Setting CVar [[r.AmbientOcclusionMipLevelFactor:0.4]]
[2020.02.04-04.53.06:355][  0]LogConfig: Setting CVar [[r.AmbientOcclusionMaxQuality:100]]
[2020.02.04-04.53.06:355][  0]LogConfig: Setting CVar [[r.AmbientOcclusionLevels:-1]]
[2020.02.04-04.53.06:355][  0]LogConfig: Setting CVar [[r.AmbientOcclusionRadiusScale:1.0]]
[2020.02.04-04.53.06:355][  0]LogConfig: Setting CVar [[r.DepthOfFieldQuality:2]]
[2020.02.04-04.53.06:355][  0]LogConfig: Setting CVar [[r.RenderTargetPoolMin:400]]
[2020.02.04-04.53.06:355][  0]LogConfig: Setting CVar [[r.LensFlareQuality:2]]
[2020.02.04-04.53.06:355][  0]LogConfig: Setting CVar [[r.SceneColorFringeQuality:1]]
[2020.02.04-04.53.06:355][  0]LogConfig: Setting CVar [[r.EyeAdaptationQuality:2]]
[2020.02.04-04.53.06:355][  0]LogConfig: Setting CVar [[r.BloomQuality:5]]
[2020.02.04-04.53.06:355][  0]LogConfig: Setting CVar [[r.FastBlurThreshold:100]]
[2020.02.04-04.53.06:355][  0]LogConfig: Setting CVar [[r.Upscale.Quality:3]]
[2020.02.04-04.53.06:355][  0]LogConfig: Setting CVar [[r.Tonemapper.GrainQuantization:1]]
[2020.02.04-04.53.06:355][  0]LogConfig: Setting CVar [[r.LightShaftQuality:1]]
[2020.02.04-04.53.06:355][  0]LogConfig: Setting CVar [[r.Filter.SizeScale:1]]
[2020.02.04-04.53.06:355][  0]LogConfig: Setting CVar [[r.Tonemapper.Quality:5]]
[2020.02.04-04.53.06:355][  0]LogConfig: Setting CVar [[r.DOF.Gather.AccumulatorQuality:1        ; higher gathering accumulator quality]]
[2020.02.04-04.53.06:355][  0]LogConfig: Setting CVar [[r.DOF.Gather.PostfilterMethod:1          ; Median3x3 postfilering method]]
[2020.02.04-04.53.06:355][  0]LogConfig: Setting CVar [[r.DOF.Gather.EnableBokehSettings:0       ; no bokeh simulation when gathering]]
[2020.02.04-04.53.06:355][  0]LogConfig: Setting CVar [[r.DOF.Gather.RingCount:4                 ; medium number of samples when gathering]]
[2020.02.04-04.53.06:355][  0]LogConfig: Setting CVar [[r.DOF.Scatter.ForegroundCompositing:1    ; additive foreground scattering]]
[2020.02.04-04.53.06:355][  0]LogConfig: Setting CVar [[r.DOF.Scatter.BackgroundCompositing:2    ; additive background scattering]]
[2020.02.04-04.53.06:355][  0]LogConfig: Setting CVar [[r.DOF.Scatter.EnableBokehSettings:1      ; bokeh simulation when scattering]]
[2020.02.04-04.53.06:355][  0]LogConfig: Setting CVar [[r.DOF.Scatter.MaxSpriteRatio:0.1         ; only a maximum of 10% of scattered bokeh]]
[2020.02.04-04.53.06:355][  0]LogConfig: Setting CVar [[r.DOF.Recombine.Quality:1                ; cheap slight out of focus]]
[2020.02.04-04.53.06:355][  0]LogConfig: Setting CVar [[r.DOF.Recombine.EnableBokehSettings:0    ; no bokeh simulation on slight out of focus]]
[2020.02.04-04.53.06:355][  0]LogConfig: Setting CVar [[r.DOF.TemporalAAQuality:1                ; more stable temporal accumulation]]
[2020.02.04-04.53.06:355][  0]LogConfig: Setting CVar [[r.DOF.Kernel.MaxForegroundRadius:0.025]]
[2020.02.04-04.53.06:355][  0]LogConfig: Setting CVar [[r.DOF.Kernel.MaxBackgroundRadius:0.025]]
[2020.02.04-04.53.06:355][  0]LogConfig: Applying CVar settings from Section [TextureQuality@3] File [C:/Users/ssh97/Documents/GitHub/WGJ134-Magnet/MagMan/Saved/Config/Windows/Scalability.ini]
[2020.02.04-04.53.06:355][  0]LogConfig: Setting CVar [[r.Streaming.MipBias:0]]
[2020.02.04-04.53.06:356][  0]LogConfig: Setting CVar [[r.Streaming.AmortizeCPUToGPUCopy:0]]
[2020.02.04-04.53.06:356][  0]LogConfig: Setting CVar [[r.Streaming.MaxNumTexturesToStreamPerFrame:0]]
[2020.02.04-04.53.06:356][  0]LogConfig: Setting CVar [[r.Streaming.Boost:1]]
[2020.02.04-04.53.06:356][  0]LogConfig: Setting CVar [[r.MaxAnisotropy:8]]
[2020.02.04-04.53.06:356][  0]LogConfig: Setting CVar [[r.Streaming.LimitPoolSizeToVRAM:0]]
[2020.02.04-04.53.06:356][  0]LogConfig: Setting CVar [[r.Streaming.PoolSize:1000]]
[2020.02.04-04.53.06:356][  0]LogConfig: Setting CVar [[r.Streaming.MaxEffectiveScreenSize:0]]
[2020.02.04-04.53.06:356][  0]LogConfig: Applying CVar settings from Section [EffectsQuality@3] File [C:/Users/ssh97/Documents/GitHub/WGJ134-Magnet/MagMan/Saved/Config/Windows/Scalability.ini]
[2020.02.04-04.53.06:356][  0]LogConfig: Setting CVar [[r.TranslucencyLightingVolumeDim:64]]
[2020.02.04-04.53.06:356][  0]LogConfig: Setting CVar [[r.RefractionQuality:2]]
[2020.02.04-04.53.06:356][  0]LogConfig: Setting CVar [[r.SSR.Quality:3]]
[2020.02.04-04.53.06:356][  0]LogConfig: Setting CVar [[r.SceneColorFormat:4]]
[2020.02.04-04.53.06:356][  0]LogConfig: Setting CVar [[r.DetailMode:2]]
[2020.02.04-04.53.06:356][  0]LogConfig: Setting CVar [[r.TranslucencyVolumeBlur:1]]
[2020.02.04-04.53.06:356][  0]LogConfig: Setting CVar [[r.MaterialQualityLevel:1 ; High quality]]
[2020.02.04-04.53.06:357][  0]LogConfig: Setting CVar [[r.SSS.Scale:1]]
[2020.02.04-04.53.06:357][  0]LogConfig: Setting CVar [[r.SSS.SampleSet:2]]
[2020.02.04-04.53.06:357][  0]LogConfig: Setting CVar [[r.SSS.Quality:1]]
[2020.02.04-04.53.06:357][  0]LogConfig: Setting CVar [[r.SSS.HalfRes:1]]
[2020.02.04-04.53.06:357][  0]LogConfig: Setting CVar [[r.EmitterSpawnRateScale:1.0]]
[2020.02.04-04.53.06:357][  0]LogConfig: Setting CVar [[r.ParticleLightQuality:2]]
[2020.02.04-04.53.06:357][  0]LogConfig: Applying CVar settings from Section [FoliageQuality@3] File [C:/Users/ssh97/Documents/GitHub/WGJ134-Magnet/MagMan/Saved/Config/Windows/Scalability.ini]
[2020.02.04-04.53.06:357][  0]LogConfig: Setting CVar [[foliage.DensityScale:1.0]]
[2020.02.04-04.53.06:357][  0]LogConfig: Setting CVar [[grass.DensityScale:1.0]]
[2020.02.04-04.53.06:357][  0]LogInit: Selected Device Profile: [Windows]
[2020.02.04-04.53.06:357][  0]LogInit: Applying CVar settings loaded from the selected device profile: [Windows]
[2020.02.04-04.53.06:372][  0]LogHAL: Display: Platform has ~ 16 GB [17129635840 / 17179869184 / 16], which maps to Larger [LargestMinGB=32, LargerMinGB=12, DefaultMinGB=8, SmallerMinGB=6, SmallestMinGB=0)
[2020.02.04-04.53.06:372][  0]LogConfig: Setting CVar [[r.Vulkan.UseRealUBs:0		; Required until we fix HLR fall-out]]
[2020.02.04-04.53.06:373][  0]LogInit: Going up to parent DeviceProfile []
[2020.02.04-04.53.06:373][  0]LogConfig: Applying CVar settings from Section [ViewDistanceQuality@Cine] File [C:/Users/ssh97/Documents/GitHub/WGJ134-Magnet/MagMan/Saved/Config/Windows/Scalability.ini]
[2020.02.04-04.53.06:373][  0]LogConfig: Setting CVar [[r.SkeletalMeshLODBias:0]]
[2020.02.04-04.53.06:373][  0]LogConfig: Setting CVar [[r.ViewDistanceScale:10.0]]
[2020.02.04-04.53.06:373][  0]LogConfig: Applying CVar settings from Section [AntiAliasingQuality@Cine] File [C:/Users/ssh97/Documents/GitHub/WGJ134-Magnet/MagMan/Saved/Config/Windows/Scalability.ini]
[2020.02.04-04.53.06:373][  0]LogConfig: Setting CVar [[r.PostProcessAAQuality:6]]
[2020.02.04-04.53.06:373][  0]LogConfig: Applying CVar settings from Section [ShadowQuality@Cine] File [C:/Users/ssh97/Documents/GitHub/WGJ134-Magnet/MagMan/Saved/Config/Windows/Scalability.ini]
[2020.02.04-04.53.06:373][  0]LogConfig: Setting CVar [[r.LightFunctionQuality:1]]
[2020.02.04-04.53.06:373][  0]LogConfig: Setting CVar [[r.ShadowQuality:5]]
[2020.02.04-04.53.06:373][  0]LogConfig: Setting CVar [[r.Shadow.CSM.MaxCascades:10]]
[2020.02.04-04.53.06:373][  0]LogConfig: Setting CVar [[r.Shadow.MaxResolution:4096]]
[2020.02.04-04.53.06:373][  0]LogConfig: Setting CVar [[r.Shadow.MaxCSMResolution:4096]]
[2020.02.04-04.53.06:373][  0]LogConfig: Setting CVar [[r.Shadow.RadiusThreshold:0]]
[2020.02.04-04.53.06:373][  0]LogConfig: Setting CVar [[r.Shadow.DistanceScale:1.0]]
[2020.02.04-04.53.06:373][  0]LogConfig: Setting CVar [[r.Shadow.CSM.TransitionScale:1.0]]
[2020.02.04-04.53.06:374][  0]LogConfig: Setting CVar [[r.Shadow.PreShadowResolutionFactor:1.0]]
[2020.02.04-04.53.06:374][  0]LogConfig: Setting CVar [[r.DistanceFieldShadowing:1]]
[2020.02.04-04.53.06:374][  0]LogConfig: Setting CVar [[r.DistanceFieldAO:1]]
[2020.02.04-04.53.06:374][  0]LogConfig: Setting CVar [[r.AOQuality:2]]
[2020.02.04-04.53.06:374][  0]LogConfig: Setting CVar [[r.VolumetricFog:1]]
[2020.02.04-04.53.06:374][  0]LogConfig: Setting CVar [[r.VolumetricFog.GridPixelSize:4]]
[2020.02.04-04.53.06:374][  0]LogConfig: Setting CVar [[r.VolumetricFog.GridSizeZ:128]]
[2020.02.04-04.53.06:374][  0]LogConfig: Setting CVar [[r.VolumetricFog.HistoryMissSupersampleCount:16]]
[2020.02.04-04.53.06:374][  0]LogConfig: Setting CVar [[r.LightMaxDrawDistanceScale:1]]
[2020.02.04-04.53.06:374][  0]LogConfig: Setting CVar [[r.CapsuleShadows:1]]
[2020.02.04-04.53.06:374][  0]LogConfig: Applying CVar settings from Section [PostProcessQuality@Cine] File [C:/Users/ssh97/Documents/GitHub/WGJ134-Magnet/MagMan/Saved/Config/Windows/Scalability.ini]
[2020.02.04-04.53.06:374][  0]LogConfig: Setting CVar [[r.MotionBlurQuality:4]]
[2020.02.04-04.53.06:374][  0]LogConfig: Setting CVar [[r.AmbientOcclusionMipLevelFactor:0.4]]
[2020.02.04-04.53.06:374][  0]LogConfig: Setting CVar [[r.AmbientOcclusionMaxQuality:100]]
[2020.02.04-04.53.06:375][  0]LogConfig: Setting CVar [[r.AmbientOcclusionLevels:-1]]
[2020.02.04-04.53.06:375][  0]LogConfig: Setting CVar [[r.AmbientOcclusionRadiusScale:1.0]]
[2020.02.04-04.53.06:375][  0]LogConfig: Setting CVar [[r.DepthOfFieldQuality:4]]
[2020.02.04-04.53.06:375][  0]LogConfig: Setting CVar [[r.RenderTargetPoolMin:1000]]
[2020.02.04-04.53.06:375][  0]LogConfig: Setting CVar [[r.LensFlareQuality:3]]
[2020.02.04-04.53.06:375][  0]LogConfig: Setting CVar [[r.SceneColorFringeQuality:1]]
[2020.02.04-04.53.06:375][  0]LogConfig: Setting CVar [[r.EyeAdaptationQuality:2]]
[2020.02.04-04.53.06:375][  0]LogConfig: Setting CVar [[r.BloomQuality:5]]
[2020.02.04-04.53.06:375][  0]LogConfig: Setting CVar [[r.FastBlurThreshold:100]]
[2020.02.04-04.53.06:375][  0]LogConfig: Setting CVar [[r.Upscale.Quality:3]]
[2020.02.04-04.53.06:375][  0]LogConfig: Setting CVar [[r.Tonemapper.GrainQuantization:1]]
[2020.02.04-04.53.06:375][  0]LogConfig: Setting CVar [[r.LightShaftQuality:1]]
[2020.02.04-04.53.06:375][  0]LogConfig: Setting CVar [[r.Filter.SizeScale:1]]
[2020.02.04-04.53.06:375][  0]LogConfig: Setting CVar [[r.Tonemapper.Quality:5]]
[2020.02.04-04.53.06:375][  0]LogConfig: Setting CVar [[r.DOF.Gather.AccumulatorQuality:1        ; higher gathering accumulator quality]]
[2020.02.04-04.53.06:376][  0]LogConfig: Setting CVar [[r.DOF.Gather.PostfilterMethod:1          ; Median3x3 postfilering method]]
[2020.02.04-04.53.06:376][  0]LogConfig: Setting CVar [[r.DOF.Gather.EnableBokehSettings:1       ; bokeh simulation when gathering]]
[2020.02.04-04.53.06:376][  0]LogConfig: Setting CVar [[r.DOF.Gather.RingCount:5                 ; high number of samples when gathering]]
[2020.02.04-04.53.06:376][  0]LogConfig: Setting CVar [[r.DOF.Scatter.ForegroundCompositing:1    ; additive foreground scattering]]
[2020.02.04-04.53.06:376][  0]LogConfig: Setting CVar [[r.DOF.Scatter.BackgroundCompositing:2    ; background scattering occlusion]]
[2020.02.04-04.53.06:376][  0]LogConfig: Setting CVar [[r.DOF.Scatter.EnableBokehSettings:1      ; no bokeh simulation when scattering]]
[2020.02.04-04.53.06:376][  0]LogConfig: Setting CVar [[r.DOF.Scatter.MaxSpriteRatio:0.1         ; only a maximum of 10% of scattered bokeh]]
[2020.02.04-04.53.06:376][  0]LogConfig: Setting CVar [[r.DOF.Recombine.Quality:2                ; highest slight out of focus]]
[2020.02.04-04.53.06:376][  0]LogConfig: Setting CVar [[r.DOF.Recombine.EnableBokehSettings:1    ; bokeh simulation on slight out of focus]]
[2020.02.04-04.53.06:376][  0]LogConfig: Setting CVar [[r.DOF.TemporalAAQuality:1                ; more stable temporal accumulation]]
[2020.02.04-04.53.06:376][  0]LogConfig: Setting CVar [[r.DOF.Kernel.MaxForegroundRadius:0.025]]
[2020.02.04-04.53.06:376][  0]LogConfig: Setting CVar [[r.DOF.Kernel.MaxBackgroundRadius:0.025]]
[2020.02.04-04.53.06:376][  0]LogConfig: Applying CVar settings from Section [TextureQuality@Cine] File [C:/Users/ssh97/Documents/GitHub/WGJ134-Magnet/MagMan/Saved/Config/Windows/Scalability.ini]
[2020.02.04-04.53.06:376][  0]LogConfig: Setting CVar [[r.Streaming.MipBias:0]]
[2020.02.04-04.53.06:376][  0]LogConfig: Setting CVar [[r.Streaming.AmortizeCPUToGPUCopy:0]]
[2020.02.04-04.53.06:377][  0]LogConfig: Setting CVar [[r.Streaming.MaxNumTexturesToStreamPerFrame:0]]
[2020.02.04-04.53.06:377][  0]LogConfig: Setting CVar [[r.Streaming.Boost:1]]
[2020.02.04-04.53.06:377][  0]LogConfig: Setting CVar [[r.MaxAnisotropy:8]]
[2020.02.04-04.53.06:377][  0]LogConfig: Setting CVar [[r.Streaming.LimitPoolSizeToVRAM:0]]
[2020.02.04-04.53.06:377][  0]LogConfig: Setting CVar [[r.Streaming.PoolSize:3000]]
[2020.02.04-04.53.06:377][  0]LogConfig: Setting CVar [[r.Streaming.MaxEffectiveScreenSize:0]]
[2020.02.04-04.53.06:377][  0]LogConfig: Applying CVar settings from Section [EffectsQuality@Cine] File [C:/Users/ssh97/Documents/GitHub/WGJ134-Magnet/MagMan/Saved/Config/Windows/Scalability.ini]
[2020.02.04-04.53.06:377][  0]LogConfig: Setting CVar [[r.TranslucencyLightingVolumeDim:64]]
[2020.02.04-04.53.06:377][  0]LogConfig: Setting CVar [[r.RefractionQuality:2]]
[2020.02.04-04.53.06:377][  0]LogConfig: Setting CVar [[r.SSR.Quality:4]]
[2020.02.04-04.53.06:377][  0]LogConfig: Setting CVar [[r.SceneColorFormat:4]]
[2020.02.04-04.53.06:377][  0]LogConfig: Setting CVar [[r.DetailMode:2]]
[2020.02.04-04.53.06:377][  0]LogConfig: Setting CVar [[r.TranslucencyVolumeBlur:1]]
[2020.02.04-04.53.06:377][  0]LogConfig: Setting CVar [[r.MaterialQualityLevel:1 ; High quality]]
[2020.02.04-04.53.06:377][  0]LogConfig: Setting CVar [[r.SSS.Scale:1]]
[2020.02.04-04.53.06:377][  0]LogConfig: Setting CVar [[r.SSS.SampleSet:2]]
[2020.02.04-04.53.06:377][  0]LogConfig: Setting CVar [[r.SSS.Quality:1]]
[2020.02.04-04.53.06:377][  0]LogConfig: Setting CVar [[r.SSS.HalfRes:0]]
[2020.02.04-04.53.06:377][  0]LogConfig: Setting CVar [[r.EmitterSpawnRateScale:1.0]]
[2020.02.04-04.53.06:377][  0]LogConfig: Setting CVar [[r.ParticleLightQuality:2]]
[2020.02.04-04.53.06:377][  0]LogConfig: Applying CVar settings from Section [FoliageQuality@Cine] File [C:/Users/ssh97/Documents/GitHub/WGJ134-Magnet/MagMan/Saved/Config/Windows/Scalability.ini]
[2020.02.04-04.53.06:377][  0]LogConfig: Setting CVar [[foliage.DensityScale:1.0]]
[2020.02.04-04.53.06:377][  0]LogConfig: Setting CVar [[grass.DensityScale:1.0]]
[2020.02.04-04.53.06:377][  0]LogConfig: Applying CVar settings from Section [Startup] File [../../../Engine/Config/ConsoleVariables.ini]
[2020.02.04-04.53.06:378][  0]LogConfig: Setting CVar [[net.UseAdaptiveNetUpdateFrequency:0]]
[2020.02.04-04.53.06:378][  0]LogConfig: Setting CVar [[p.chaos.AllowCreatePhysxBodies:1]]
[2020.02.04-04.53.06:378][  0]LogConfig: Applying CVar settings from Section [ConsoleVariables] File [C:/Users/ssh97/Documents/GitHub/WGJ134-Magnet/MagMan/Saved/Config/Windows/Engine.ini]
[2020.02.04-04.53.06:378][  0]LogInit: Computer: DESKTOP-65TKGTQ
[2020.02.04-04.53.06:378][  0]LogInit: User: ssh97
[2020.02.04-04.53.06:378][  0]LogInit: CPU Page size=4096, Cores=8
[2020.02.04-04.53.06:378][  0]LogInit: High frequency timer resolution =10.000000 MHz
[2020.02.04-04.53.06:379][  0]LogMemory: Memory total: Physical=16.0GB (16GB approx)
[2020.02.04-04.53.06:379][  0]LogMemory: Platform Memory Stats for Windows
[2020.02.04-04.53.06:379][  0]LogMemory: Process Physical Memory: 101.86 MB used, 101.86 MB peak
[2020.02.04-04.53.06:379][  0]LogMemory: Process Virtual Memory: 91.42 MB used, 91.42 MB peak
[2020.02.04-04.53.06:379][  0]LogMemory: Physical Memory: 7863.48 MB used,  8472.62 MB free, 16336.09 MB total
[2020.02.04-04.53.06:379][  0]LogMemory: Virtual Memory: 4677.09 MB used,  134213048.00 MB free, 134217728.00 MB total
[2020.02.04-04.53.06:516][  0]LogInit: Using OS detected language (ko-KR).
[2020.02.04-04.53.06:516][  0]LogInit: Using OS detected locale (ko-KR).
[2020.02.04-04.53.06:517][  0]LogTextLocalizationManager: No specific localization for 'ko-KR' exists, so the 'ko' localization will be used.
[2020.02.04-04.53.06:590][  0]LogInit: Setting process to per monitor DPI aware
[2020.02.04-04.53.06:699][  0]LogSlate: New Slate User Created.  User Index 0, Is Virtual User: 0
[2020.02.04-04.53.06:699][  0]LogSlate: Slate User Registered.  User Index 0, Is Virtual User: 0
[2020.02.04-04.53.06:991][  0]LogHMD: Failed to initialize OpenVR with code 110
[2020.02.04-04.53.06:991][  0]LogD3D11RHI: D3D11 adapters:
[2020.02.04-04.53.07:112][  0]LogD3D11RHI:    0. 'NVIDIA GeForce GTX 1070' (Feature Level 11_0)
[2020.02.04-04.53.07:112][  0]LogD3D11RHI:       8088/0/8168 MB DedicatedVideo/DedicatedSystem/SharedSystem, Outputs:1, VendorId:0x10de
[2020.02.04-04.53.07:121][  0]LogD3D11RHI:    1. 'Microsoft Basic Render Driver' (Feature Level 11_0)
[2020.02.04-04.53.07:121][  0]LogD3D11RHI:       0/0/8168 MB DedicatedVideo/DedicatedSystem/SharedSystem, Outputs:0, VendorId:0x1414
[2020.02.04-04.53.07:121][  0]LogD3D11RHI: Chosen D3D11 Adapter: 0
[2020.02.04-04.53.07:131][  0]LogD3D11RHI: Creating new Direct3DDevice
[2020.02.04-04.53.07:131][  0]LogD3D11RHI:     GPU DeviceId: 0x1b81 (for the marketing name, search the web for "GPU Device Id")
[2020.02.04-04.53.07:131][  0]LogWindows: EnumDisplayDevices:
[2020.02.04-04.53.07:132][  0]LogWindows:    0. 'NVIDIA GeForce GTX 1070' (P:1 D:1)
[2020.02.04-04.53.07:133][  0]LogWindows:    1. 'NVIDIA GeForce GTX 1070' (P:0 D:0)
[2020.02.04-04.53.07:134][  0]LogWindows:    2. 'NVIDIA GeForce GTX 1070' (P:0 D:0)
[2020.02.04-04.53.07:135][  0]LogWindows:    3. 'NVIDIA GeForce GTX 1070' (P:0 D:0)
[2020.02.04-04.53.07:135][  0]LogWindows: DebugString: FoundDriverCount:4 
[2020.02.04-04.53.07:135][  0]LogD3D11RHI:     Adapter Name: NVIDIA GeForce GTX 1070
[2020.02.04-04.53.07:135][  0]LogD3D11RHI:   Driver Version: 432.00 (internal:26.21.14.3200, unified:432.00)
[2020.02.04-04.53.07:135][  0]LogD3D11RHI:      Driver Date: 7-24-2019
[2020.02.04-04.53.07:135][  0]LogRHI: Texture pool is 5661 MB (70% of 8088 MB)
[2020.02.04-04.53.07:199][  0]LogD3D11RHI: Async texture creation enabled
[2020.02.04-04.53.07:220][  0]LogRendererCore: FGlobalReadBuffer::InitRHI
[2020.02.04-04.53.07:221][  0]LogRendererCore: FGlobalReadBuffer::InitRHI
[2020.02.04-04.53.07:221][  0]LogRendererCore: FGlobalReadBuffer::InitRHI
[2020.02.04-04.53.07:230][  0]LogD3D11RHI: GPU Timing Frequency: 1000.000000 (Debug: 2 1)
[2020.02.04-04.53.07:275][  0]LogD3D11RHI: HDR output is supported on display 0 (NvId: 0x80061085).
[2020.02.04-04.53.07:656][  0]LogTemp: Display: Module 'AllDesktopTargetPlatform' loaded TargetPlatform 'AllDesktop'
[2020.02.04-04.53.07:679][  0]LogTemp: Display: Module 'MacClientTargetPlatform' loaded TargetPlatform 'MacClient'
[2020.02.04-04.53.07:702][  0]LogTemp: Display: Module 'MacNoEditorTargetPlatform' loaded TargetPlatform 'MacNoEditor'
[2020.02.04-04.53.07:724][  0]LogTemp: Display: Module 'MacServerTargetPlatform' loaded TargetPlatform 'MacServer'
[2020.02.04-04.53.07:748][  0]LogTemp: Display: Module 'MacTargetPlatform' loaded TargetPlatform 'Mac'
[2020.02.04-04.53.07:771][  0]LogTemp: Display: Module 'WindowsClientTargetPlatform' loaded TargetPlatform 'WindowsClient'
[2020.02.04-04.53.07:796][  0]LogTemp: Display: Module 'WindowsNoEditorTargetPlatform' loaded TargetPlatform 'WindowsNoEditor'
[2020.02.04-04.53.07:820][  0]LogTemp: Display: Module 'WindowsServerTargetPlatform' loaded TargetPlatform 'WindowsServer'
[2020.02.04-04.53.07:836][  0]LogTemp: Display: Module 'WindowsTargetPlatform' loaded TargetPlatform 'Windows'
[2020.02.04-04.53.07:936][  0]LogTemp: Display: Module 'AndroidTargetPlatform' loaded TargetPlatform 'Android'
[2020.02.04-04.53.07:936][  0]LogTemp: Display: Module 'AndroidTargetPlatform' loaded TargetPlatform 'Android_ASTC'
[2020.02.04-04.53.07:936][  0]LogTemp: Display: Module 'AndroidTargetPlatform' loaded TargetPlatform 'Android_ATC'
[2020.02.04-04.53.07:936][  0]LogTemp: Display: Module 'AndroidTargetPlatform' loaded TargetPlatform 'Android_DXT'
[2020.02.04-04.53.07:936][  0]LogTemp: Display: Module 'AndroidTargetPlatform' loaded TargetPlatform 'Android_ETC1'
[2020.02.04-04.53.07:936][  0]LogTemp: Display: Module 'AndroidTargetPlatform' loaded TargetPlatform 'Android_ETC1a'
[2020.02.04-04.53.07:937][  0]LogTemp: Display: Module 'AndroidTargetPlatform' loaded TargetPlatform 'Android_ETC2'
[2020.02.04-04.53.07:937][  0]LogTemp: Display: Module 'AndroidTargetPlatform' loaded TargetPlatform 'Android_PVRTC'
[2020.02.04-04.53.07:937][  0]LogTemp: Display: Module 'AndroidTargetPlatform' loaded TargetPlatform 'AndroidClient'
[2020.02.04-04.53.07:937][  0]LogTemp: Display: Module 'AndroidTargetPlatform' loaded TargetPlatform 'Android_ASTCClient'
[2020.02.04-04.53.07:937][  0]LogTemp: Display: Module 'AndroidTargetPlatform' loaded TargetPlatform 'Android_ATCClient'
[2020.02.04-04.53.07:937][  0]LogTemp: Display: Module 'AndroidTargetPlatform' loaded TargetPlatform 'Android_DXTClient'
[2020.02.04-04.53.07:937][  0]LogTemp: Display: Module 'AndroidTargetPlatform' loaded TargetPlatform 'Android_ETC1Client'
[2020.02.04-04.53.07:937][  0]LogTemp: Display: Module 'AndroidTargetPlatform' loaded TargetPlatform 'Android_ETC1aClient'
[2020.02.04-04.53.07:937][  0]LogTemp: Display: Module 'AndroidTargetPlatform' loaded TargetPlatform 'Android_ETC2Client'
[2020.02.04-04.53.07:937][  0]LogTemp: Display: Module 'AndroidTargetPlatform' loaded TargetPlatform 'Android_PVRTCClient'
[2020.02.04-04.53.07:937][  0]LogTemp: Display: Module 'AndroidTargetPlatform' loaded TargetPlatform 'Android_Multi'
[2020.02.04-04.53.07:937][  0]LogTemp: Display: Module 'AndroidTargetPlatform' loaded TargetPlatform 'Android_MultiClient'
[2020.02.04-04.53.07:945][  0]LogTemp: Display: Module 'HTML5TargetPlatform' loaded TargetPlatform 'HTML5'
[2020.02.04-04.53.08:017][  0]LogTemp: Display: Module 'IOSTargetPlatform' loaded TargetPlatform 'IOSClient'
[2020.02.04-04.53.08:017][  0]LogTemp: Display: Module 'IOSTargetPlatform' loaded TargetPlatform 'IOS'
[2020.02.04-04.53.08:048][  0]LogTemp: Display: Module 'TVOSTargetPlatform' loaded TargetPlatform 'TVOSClient'
[2020.02.04-04.53.08:048][  0]LogTemp: Display: Module 'TVOSTargetPlatform' loaded TargetPlatform 'TVOS'
[2020.02.04-04.53.08:066][  0]LogTemp: Display: Module 'LinuxClientTargetPlatform' loaded TargetPlatform 'LinuxClient'
[2020.02.04-04.53.08:084][  0]LogTemp: Display: Module 'LinuxNoEditorTargetPlatform' loaded TargetPlatform 'LinuxNoEditor'
[2020.02.04-04.53.08:102][  0]LogTemp: Display: Module 'LinuxServerTargetPlatform' loaded TargetPlatform 'LinuxServer'
[2020.02.04-04.53.08:122][  0]LogTemp: Display: Module 'LinuxTargetPlatform' loaded TargetPlatform 'Linux'
[2020.02.04-04.53.08:176][  0]LogTemp: Display: Module 'LuminTargetPlatform' loaded TargetPlatform 'Lumin'
[2020.02.04-04.53.08:176][  0]LogTemp: Display: Module 'LuminTargetPlatform' loaded TargetPlatform 'LuminClient'
[2020.02.04-04.53.08:177][  0]LogTargetPlatformManager: Display: Building Assets For Windows
[2020.02.04-04.53.08:207][  0]LogAudioDebug: Display: Lib vorbis DLL was dynamically loaded.
[2020.02.04-04.53.08:401][  0]LogShaderCompilers: Guid format shader working directory is -21 characters bigger than the processId version (../../../../../../Users/ssh97/Documents/GitHub/WGJ134-Magnet/MagMan/Intermediate/Shaders/WorkingDirectory/1040/).
[2020.02.04-04.53.08:401][  0]LogShaderCompilers: Cleaned the shader compiler working directory 'C:/Users/ssh97/AppData/Local/Temp/UnrealShaderWorkingDir/39A255D5463771007EED798D6AC07F41/'.
[2020.02.04-04.53.08:404][  0]LogXGEController: Cleaning working directory: C:/Users/ssh97/AppData/Local/Temp/UnrealXGEWorkingDir/
[2020.02.04-04.53.08:405][  0]LogXGEController: Cannot use XGE Controller as Incredibuild is not installed on this machine.
[2020.02.04-04.53.08:405][  0]LogShaderCompilers: Cannot use XGE Shader Compiler as Incredibuild is not installed on this machine.
[2020.02.04-04.53.08:405][  0]LogShaderCompilers: Display: Using Local Shader Compiler.
[2020.02.04-04.53.08:934][  0]LogDerivedDataCache: Display: Max Cache Size: 512 MB
[2020.02.04-04.53.08:990][  0]LogDerivedDataCache: Loaded boot cache 0.06s 73MB C:/Users/ssh97/AppData/Local/UnrealEngine/4.22/DerivedDataCache/Boot.ddc.
[2020.02.04-04.53.08:990][  0]LogDerivedDataCache: Display: Loaded Boot cache: C:/Users/ssh97/AppData/Local/UnrealEngine/4.22/DerivedDataCache/Boot.ddc
[2020.02.04-04.53.08:990][  0]LogDerivedDataCache: FDerivedDataBackendGraph:  Pak pak cache file ../../../../../../Users/ssh97/Documents/GitHub/WGJ134-Magnet/MagMan/DerivedDataCache/DDC.ddp not found, will not use a pak cache.
[2020.02.04-04.53.08:991][  0]LogDerivedDataCache: Unable to find inner node Pak for hierarchical cache Hierarchy.
[2020.02.04-04.53.08:991][  0]LogDerivedDataCache: FDerivedDataBackendGraph:  CompressedPak pak cache file ../../../../../../Users/ssh97/Documents/GitHub/WGJ134-Magnet/MagMan/DerivedDataCache/Compressed.ddp not found, will not use a pak cache.
[2020.02.04-04.53.08:991][  0]LogDerivedDataCache: Unable to find inner node CompressedPak for hierarchical cache Hierarchy.
[2020.02.04-04.53.09:003][  0]LogDerivedDataCache: Display: Pak cache opened for reading ../../../Engine/DerivedDataCache/Compressed.ddp.
[2020.02.04-04.53.09:003][  0]LogDerivedDataCache: FDerivedDataBackendGraph:  EnterprisePak pak cache file ../../../Enterprise/DerivedDataCache/Compressed.ddp not found, will not use a pak cache.
[2020.02.04-04.53.09:003][  0]LogDerivedDataCache: Unable to find inner node EnterprisePak for hierarchical cache Hierarchy.
[2020.02.04-04.53.09:017][  0]LogDerivedDataCache: Using Local data cache path C:/Users/ssh97/AppData/Local/UnrealEngine/Common/DerivedDataCache: Writable
[2020.02.04-04.53.09:017][  0]LogDerivedDataCache: Shared data cache path not found in *engine.ini, will not use an Shared cache.
[2020.02.04-04.53.09:017][  0]LogDerivedDataCache: Unable to find inner node Shared for hierarchical cache Hierarchy.
[2020.02.04-04.53.09:043][  0]LogMaterial: Verifying Global Shaders for PCD3D_SM5
[2020.02.04-04.53.09:045][  0]LogSlate: Using FreeType 2.6.0
[2020.02.04-04.53.09:046][  0]LogSlate: SlateFontServices - WITH_FREETYPE: 1, WITH_HARFBUZZ: 1
[2020.02.04-04.53.09:167][  0]LogAssetRegistry: FAssetRegistry took 0.0378 seconds to start up
[2020.02.04-04.53.09:547][  0]LogInit: Selected Device Profile: [Windows]
[2020.02.04-04.53.09:745][  0]LogMeshReduction: Using QuadricMeshReduction for automatic static mesh reduction
[2020.02.04-04.53.09:745][  0]LogMeshReduction: Using SimplygonMeshReduction for automatic skeletal mesh reduction
[2020.02.04-04.53.09:745][  0]LogMeshReduction: Using ProxyLODMeshReduction for automatic mesh merging
[2020.02.04-04.53.09:745][  0]LogMeshReduction: No distributed automatic mesh merging module available
[2020.02.04-04.53.09:745][  0]LogMeshMerging: No distributed automatic mesh merging module available
[2020.02.04-04.53.09:759][  0]LogNetVersion: MagMan 1.0.0, NetCL: 5660361, EngineNetVer: 10, GameNetVer: 0 (Checksum: 1687053041)
[2020.02.04-04.53.10:253][  0]LogPackageLocalizationCache: Processed 10 localized package path(s) for 1 prioritized culture(s) in 0.064901 seconds
[2020.02.04-04.53.10:263][  0]LogUObjectArray: 42205 objects as part of root set at end of initial load.
[2020.02.04-04.53.10:263][  0]LogUObjectAllocator: 7325032 out of 0 bytes used by permanent object pool.
[2020.02.04-04.53.10:263][  0]LogUObjectArray: CloseDisregardForGC: 0/0 objects in disregard for GC pool
[2020.02.04-04.53.11:771][  0]LogTcpMessaging: Initializing TcpMessaging bridge
[2020.02.04-04.53.11:794][  0]LogUdpMessaging: Initializing bridge on interface 0.0.0.0:0 to multicast group 230.0.0.1:6666.
[2020.02.04-04.53.12:461][  0]SourceControl: 소스 컨트롤이 꺼져 있습니다.
[2020.02.04-04.53.12:461][  0]SourceControl: 소스 컨트롤이 꺼져 있습니다.
[2020.02.04-04.53.12:479][  0]SourceControl: 소스 컨트롤이 꺼져 있습니다.
[2020.02.04-04.53.12:488][  0]SourceControl: 소스 컨트롤이 꺼져 있습니다.
[2020.02.04-04.53.12:896][  0]LogAndroidPermission: UAndroidPermissionCallbackProxy::GetInstance
[2020.02.04-04.53.13:393][  0]LogOcInput: OculusInput pre-init called
[2020.02.04-04.53.14:264][  0]LogEngine: Initializing Engine...
[2020.02.04-04.53.14:265][  0]LogHMD: Failed to initialize OpenVR with code 110
[2020.02.04-04.53.14:267][  0]LogStats: UGameplayTagsManager::InitializeManager -  0.000 s
[2020.02.04-04.53.14:460][  0]LogInit: Initializing FReadOnlyCVARCache
[2020.02.04-04.53.14:488][  0]LogAIModule: Creating AISystem for world Untitled
[2020.02.04-04.53.14:687][  0]LogInit: XAudio2 using '스피커(Britz BR-Orion Plus)' : 2 channels at 44.1 kHz using 16 bits per sample (channel mask 0x3)
[2020.02.04-04.53.14:732][  0]LogInit: FAudioDevice initialized.
[2020.02.04-04.53.14:732][  0]LogNetVersion: Set ProjectVersion to 1.0.0.0. Version Checksum will be recalculated on next use.
[2020.02.04-04.53.14:827][  0]LogDerivedDataCache: Saved boot cache 0.10s 73MB C:/Users/ssh97/AppData/Local/UnrealEngine/4.22/DerivedDataCache/Boot.ddc.
[2020.02.04-04.53.14:837][  0]LogInit: Texture streaming: Enabled
[2020.02.04-04.53.14:901][  0]LogEngineSessionManager: EngineSessionManager initialized
[2020.02.04-04.53.14:939][  0]LogInit: Transaction tracking system initialized
[2020.02.04-04.53.15:021][  0]BlueprintLog: New page: 에디터 로드
[2020.02.04-04.53.15:325][  0]LocalizationService: 현지화 서비스가 비활성화되었습니다.
[2020.02.04-04.53.15:797][  0]LogFileCache: Scanning file cache for directory 'C:/Users/ssh97/Documents/GitHub/WGJ134-Magnet/MagMan/Content/' took 0.01s
[2020.02.04-04.53.15:797][  0]LogCook: Display: Max memory allowance for cook 16384mb min free memory 0mb
[2020.02.04-04.53.15:797][  0]LogCook: Display: Mobile HDR setting 1
[2020.02.04-04.53.16:299][  0]SourceControl: 소스 컨트롤이 꺼져 있습니다.
[2020.02.04-04.53.16:299][  0]Cmd: MAP LOAD FILE="../../../../../../Users/ssh97/Documents/GitHub/WGJ134-Magnet/MagMan/Content/GameMap.umap" TEMPLATE=0 SHOWPROGRESS=1 FEATURELEVEL=3
[2020.02.04-04.53.16:300][  0]LightingResults: New page: 라이팅 빌드
[2020.02.04-04.53.16:304][  0]MapCheck: New page: 맵 체크
[2020.02.04-04.53.16:304][  0]LightingResults: New page: 라이팅 빌드
[2020.02.04-04.53.16:337][  0]LogUObjectHash: Compacting FUObjectHashTables data took   1.59ms
[2020.02.04-04.53.16:429][  0]LogAIModule: Creating AISystem for world GameMap
[2020.02.04-04.53.16:434][  0]LogEditorServer: Finished looking for orphan Actors (0.000 secs)
[2020.02.04-04.53.16:474][  0]LogUObjectHash: Compacting FUObjectHashTables data took   1.88ms
[2020.02.04-04.53.16:474][  0]Cmd: MAP CHECKDEP NOCLEARLOG
[2020.02.04-04.53.16:474][  0]MapCheck: 맵 체크 완료: 오류 0 회, 경고 0 회, 소요 시간 0.387ms.
[2020.02.04-04.53.16:475][  0]LogFileHelpers: Loading map 'GameMap' took 0.176
[2020.02.04-04.53.16:601][  0]LogSlate: Updating window title bar state: overlay mode, drag disabled, window buttons hidden, title bar hidden
[2020.02.04-04.53.16:608][  0]LogSlate: Updating window title bar state: overlay mode, drag disabled, window buttons hidden, title bar hidden
[2020.02.04-04.53.16:615][  0]LogSlate: Updating window title bar state: overlay mode, drag disabled, window buttons hidden, title bar hidden
[2020.02.04-04.53.16:622][  0]LogSlate: Updating window title bar state: overlay mode, drag disabled, window buttons hidden, title bar hidden
[2020.02.04-04.53.16:638][  0]LogCollectionManager: Loaded 0 collections in 0.002857 seconds
[2020.02.04-04.53.16:671][  0]LogFileCache: Scanning file cache for directory 'C:/Users/ssh97/Documents/GitHub/WGJ134-Magnet/MagMan/Saved/Collections/' took 0.01s
[2020.02.04-04.53.16:672][  0]LogFileCache: Scanning file cache for directory 'C:/Users/ssh97/Documents/GitHub/WGJ134-Magnet/MagMan/Content/Developers/ssh97/Collections/' took 0.01s
[2020.02.04-04.53.16:672][  0]LogFileCache: Scanning file cache for directory 'C:/Users/ssh97/Documents/GitHub/WGJ134-Magnet/MagMan/Content/Collections/' took 0.00s
[2020.02.04-04.53.16:672][  0]LogCollectionManager: Rebuilt the GUID cache for 0 collections in 0.000000 seconds
[2020.02.04-04.53.16:682][  0]LogContentBrowser: Native class hierarchy populated in 0.0101 seconds. Added 2737 classes and 661 folders.
[2020.02.04-04.53.16:692][  0]LogContentBrowser: Native class hierarchy updated for 'WidgetCarousel' in 0.0004 seconds. Added 0 classes and 0 folders.
[2020.02.04-04.53.16:695][  0]LogPakFile: Registered encryption key '00000000000000000000000000000000': 0 pak files mounted, 0 remain pending
[2020.02.04-04.53.16:696][  0]LogPakFile: Registered encryption key '00000000000000000000000000000000': 0 pak files mounted, 0 remain pending
[2020.02.04-04.53.16:697][  0]LogPakFile: Registered encryption key '00000000000000000000000000000000': 0 pak files mounted, 0 remain pending
[2020.02.04-04.53.16:698][  0]LogPakFile: Registered encryption key '00000000000000000000000000000000': 0 pak files mounted, 0 remain pending
[2020.02.04-04.53.16:699][  0]LogPakFile: Registered encryption key '00000000000000000000000000000000': 0 pak files mounted, 0 remain pending
[2020.02.04-04.53.16:700][  0]LogPakFile: Registered encryption key '00000000000000000000000000000000': 0 pak files mounted, 0 remain pending
[2020.02.04-04.53.16:701][  0]LogPakFile: Registered encryption key '00000000000000000000000000000000': 0 pak files mounted, 0 remain pending
[2020.02.04-04.53.16:701][  0]LogPakFile: Registered encryption key '00000000000000000000000000000000': 0 pak files mounted, 0 remain pending
[2020.02.04-04.53.16:702][  0]LogPakFile: Registered encryption key '00000000000000000000000000000000': 0 pak files mounted, 0 remain pending
[2020.02.04-04.53.16:704][  0]LogPakFile: Registered encryption key '00000000000000000000000000000000': 0 pak files mounted, 0 remain pending
[2020.02.04-04.53.16:704][  0]LogPakFile: Registered encryption key '00000000000000000000000000000000': 0 pak files mounted, 0 remain pending
[2020.02.04-04.53.16:705][  0]LogPakFile: Registered encryption key '00000000000000000000000000000000': 0 pak files mounted, 0 remain pending
[2020.02.04-04.53.16:706][  0]LogPakFile: Registered encryption key '00000000000000000000000000000000': 0 pak files mounted, 0 remain pending
[2020.02.04-04.53.16:707][  0]LogPakFile: Registered encryption key '00000000000000000000000000000000': 0 pak files mounted, 0 remain pending
[2020.02.04-04.53.16:707][  0]LogPakFile: Registered encryption key '00000000000000000000000000000000': 0 pak files mounted, 0 remain pending
[2020.02.04-04.53.16:708][  0]LogPakFile: Registered encryption key '00000000000000000000000000000000': 0 pak files mounted, 0 remain pending
[2020.02.04-04.53.16:709][  0]LogPakFile: Registered encryption key '00000000000000000000000000000000': 0 pak files mounted, 0 remain pending
[2020.02.04-04.53.16:710][  0]LogPakFile: Registered encryption key '00000000000000000000000000000000': 0 pak files mounted, 0 remain pending
[2020.02.04-04.53.16:711][  0]LogPakFile: Registered encryption key '00000000000000000000000000000000': 0 pak files mounted, 0 remain pending
[2020.02.04-04.53.16:712][  0]LogPakFile: Registered encryption key '00000000000000000000000000000000': 0 pak files mounted, 0 remain pending
[2020.02.04-04.53.16:712][  0]LogPakFile: Registered encryption key '00000000000000000000000000000000': 0 pak files mounted, 0 remain pending
[2020.02.04-04.53.16:713][  0]LogPakFile: Registered encryption key '00000000000000000000000000000000': 0 pak files mounted, 0 remain pending
[2020.02.04-04.53.16:713][  0]LogPakFile: Registered encryption key '00000000000000000000000000000000': 0 pak files mounted, 0 remain pending
[2020.02.04-04.53.16:714][  0]LogPakFile: Registered encryption key '00000000000000000000000000000000': 0 pak files mounted, 0 remain pending
[2020.02.04-04.53.16:715][  0]LogPakFile: Registered encryption key '00000000000000000000000000000000': 0 pak files mounted, 0 remain pending
[2020.02.04-04.53.16:716][  0]LogPakFile: Registered encryption key '00000000000000000000000000000000': 0 pak files mounted, 0 remain pending
[2020.02.04-04.53.16:764][  0]LogContentBrowser: Native class hierarchy updated for 'AddContentDialog' in 0.0005 seconds. Added 0 classes and 0 folders.
[2020.02.04-04.53.16:786][  0]LogContentBrowser: Native class hierarchy updated for 'SceneOutliner' in 0.0006 seconds. Added 1 classes and 2 folders.
[2020.02.04-04.53.16:853][  0]LogSlate: Took 0.000426 seconds to synchronously load lazily loaded font '../../../Engine/Content/Slate/Fonts/Roboto-Regular.ttf' (155K)
[2020.02.04-04.53.16:856][  0]LogSlate: Took 0.002372 seconds to synchronously load lazily loaded font '../../../Engine/Content/Editor/Slate/Fonts/NanumGothic.ttf' (4243K)
[2020.02.04-04.53.16:862][  0]LogSlate: Took 0.002464 seconds to synchronously load lazily loaded font '../../../Engine/Content/Editor/Slate/Fonts/NanumGothicBold.ttf' (4188K)
[2020.02.04-04.53.16:863][  0]LogSlate: Took 0.000572 seconds to synchronously load lazily loaded font '../../../Engine/Content/Slate/Fonts/Roboto-Bold.ttf' (160K)
[2020.02.04-04.53.16:866][  0]LogSlate: Took 0.000438 seconds to synchronously load lazily loaded font '../../../Engine/Content/Editor/Slate/Fonts/FontAwesome.ttf' (139K)
[2020.02.04-04.53.16:925][  0]LogRenderer: Reallocating scene render targets to support 1212x652 Format 10 NumSamples 1 (Frame:1).
[2020.02.04-04.53.16:975][  0]LogSlate: Took 0.000402 seconds to synchronously load lazily loaded font '../../../Engine/Content/Slate/Fonts/Roboto-Light.ttf' (167K)
[2020.02.04-04.53.17:123][  0]LogContentBrowser: Native class hierarchy updated for 'HierarchicalLODOutliner' in 0.0006 seconds. Added 0 classes and 0 folders.
[2020.02.04-04.53.17:123][  0]LogLoad: (Engine Initialization) Total time: 13.95 seconds
[2020.02.04-04.53.17:123][  0]LogLoad: (Engine Initialization) Total Blueprint compile time: 0.00 seconds
[2020.02.04-04.53.17:194][  0]LogAssetRegistry: Asset discovery search completed in 8.0514 seconds
[2020.02.04-04.53.17:196][  0]LogCollectionManager: Rebuilt the object cache for 0 collections in 0.000000 seconds (found 0 objects)
[2020.02.04-04.53.17:196][  0]LogCollectionManager: Fixed up redirectors for 0 collections in 0.000127 seconds (updated 0 objects)
[2020.02.04-04.53.17:197][  0]LogContentStreaming: Texture pool size now 3000 MB
[2020.02.04-04.53.17:244][  1]LogRenderer: Reallocating scene render targets to support 1212x668 Format 10 NumSamples 1 (Frame:2).
[2020.02.04-04.56.08:875][336]LogEditorViewport: Clicking on Actor (LMB): StaticMeshActor (Floor)
[2020.02.04-04.56.09:764][431]LogEditorViewport: Clicking on Actor (LMB): StaticMeshActor (Wall2)
[2020.02.04-04.56.10:279][481]LogSlate: FSceneViewport::OnFocusLost() reason 0
[2020.02.04-04.56.21:694][823]LogSlate: Took 0.000846 seconds to synchronously load lazily loaded font '../../../Engine/Content/Slate/Fonts/Roboto-Light.ttf' (167K)
[2020.02.04-04.56.21:841][823]LogSlate: Took 0.005859 seconds to synchronously load lazily loaded font '../../../Engine/Content/Slate/Fonts/Roboto-BoldCondensed.ttf' (158K)
[2020.02.04-04.56.45:918][286]LogSlate: Window 'C++ 클래스 추가' being destroyed
[2020.02.04-04.57.18:754][973]LogSavePackage: Moving '../../../../../../Users/ssh97/Documents/GitHub/WGJ134-Magnet/MagMan/Saved/EnemyBoardDataECDC4CE04AAB50DE1017B3B9E1E39519.tmp' to '../../../../../../Users/ssh97/Documents/GitHub/WGJ134-Magnet/MagMan/Content/Character/IronBall/AI/EnemyBoardData.uasset'
[2020.02.04-04.57.19:035][973]LogUObjectHash: Compacting FUObjectHashTables data took   1.06ms
[2020.02.04-04.57.19:112][973]LogUObjectHash: Compacting FUObjectHashTables data took   1.35ms
[2020.02.04-04.57.19:145][973]LogUObjectHash: Compacting FUObjectHashTables data took   0.62ms
[2020.02.04-04.57.30:981][315]LogSavePackage: Moving '../../../../../../Users/ssh97/Documents/GitHub/WGJ134-Magnet/MagMan/Saved/EnemyBlackBoardB3348A85496A936F3837958A4CB57FDC.tmp' to '../../../../../../Users/ssh97/Documents/GitHub/WGJ134-Magnet/MagMan/Content/Character/IronBall/AI/EnemyBlackBoard.uasset'
[2020.02.04-04.57.31:255][315]LogUObjectHash: Compacting FUObjectHashTables data took   0.58ms
[2020.02.04-04.57.31:333][315]LogUObjectHash: Compacting FUObjectHashTables data took   1.33ms
[2020.02.04-04.57.31:367][315]LogUObjectHash: Compacting FUObjectHashTables data took   0.68ms
[2020.02.04-04.57.43:659][714]LogUObjectHash: Compacting FUObjectHashTables data took   0.96ms
[2020.02.04-04.57.44:661][714]LogSlate: Window '콘텐츠 저장' being destroyed
[2020.02.04-04.57.44:772][714]LogSavePackage: Moving '../../../../../../Users/ssh97/Documents/GitHub/WGJ134-Magnet/MagMan/Saved/EnemyBehaviorTree402B235C4FB0CEEFA44A52B483B69BDC.tmp' to '../../../../../../Users/ssh97/Documents/GitHub/WGJ134-Magnet/MagMan/Content/Character/IronBall/AI/EnemyBehaviorTree.uasset'
[2020.02.04-05.00.07:783][786]Cmd: OBJ SAVEPACKAGE PACKAGE="/Game/GameMap" FILE="../../../../../../Users/ssh97/Documents/GitHub/WGJ134-Magnet/MagMan/Content/GameMap.umap" SILENT=true AUTOSAVING=false KEEPDIRTY=false
[2020.02.04-05.00.07:819][786]LogUObjectHash: Compacting FUObjectHashTables data took   0.74ms
[2020.02.04-05.00.07:948][786]LogSavePackage: Moving '../../../../../../Users/ssh97/Documents/GitHub/WGJ134-Magnet/MagMan/Saved/GameMap68B91FBC490C3CA2759DA88100012600.tmp' to '../../../../../../Users/ssh97/Documents/GitHub/WGJ134-Magnet/MagMan/Content/GameMap.umap'
[2020.02.04-05.00.07:992][786]Cmd: OBJ SAVEPACKAGE PACKAGE="/Game/GameMap_BuiltData" FILE="../../../../../../Users/ssh97/Documents/GitHub/WGJ134-Magnet/MagMan/Content/GameMap_BuiltData.uasset" SILENT=true
[2020.02.04-05.00.08:029][786]LogSavePackage: Moving '../../../../../../Users/ssh97/Documents/GitHub/WGJ134-Magnet/MagMan/Saved/GameMap_BuiltData77464EAC49AFC8A9ED3E7CBFFB862F2D.tmp' to '../../../../../../Users/ssh97/Documents/GitHub/WGJ134-Magnet/MagMan/Content/GameMap_BuiltData.uasset'
[2020.02.04-05.00.16:817][457]LogUObjectHash: Compacting FUObjectHashTables data took   1.42ms
[2020.02.04-05.00.16:900][457]LogSlate: Window 'MagMan - 언리얼 에디터' being destroyed
[2020.02.04-05.00.17:144][458]Cmd: QUIT_EDITOR
[2020.02.04-05.00.17:215][458]LogWindowsTextInputMethodSystem: Display: IME system now activated using TSF (Microsoft 입력기).
[2020.02.04-05.00.17:228][458]LogExit: Preparing to exit.
[2020.02.04-05.00.18:331][458]LogExit: Editor shut down
[2020.02.04-05.00.18:332][458]LogExit: Transaction tracking system shut down
[2020.02.04-05.00.18:566][458]LogExit: Object subsystem successfully closed.
[2020.02.04-05.00.18:625][458]LogShaderCompilers: Display: Shaders left to compile 0
[2020.02.04-05.00.18:629][458]LogD3D11RHI: Shutdown
[2020.02.04-05.00.18:630][458]LogD3D11RHI: CleanupD3DDevice
[2020.02.04-05.00.18:630][458]LogRendererCore: FGlobalReadBuffer::ReleaseRHI
[2020.02.04-05.00.18:630][458]LogRendererCore: FGlobalDynamicReadBuffer::Cleanup()
[2020.02.04-05.00.18:630][458]LogRendererCore: FGlobalReadBuffer::ReleaseRHI
[2020.02.04-05.00.18:631][458]LogRendererCore: FGlobalDynamicReadBuffer::Cleanup()
[2020.02.04-05.00.18:631][458]LogRendererCore: FGlobalReadBuffer::ReleaseRHI
[2020.02.04-05.00.18:631][458]LogRendererCore: FGlobalDynamicReadBuffer::Cleanup()
[2020.02.04-05.00.18:722][458]LogD3D11RHI: ~FD3D11DynamicRHI
[2020.02.04-05.00.18:764][458]LogModuleManager: Shutting down and abandoning module HierarchicalLODOutliner (644)
[2020.02.04-05.00.18:764][458]LogModuleManager: Shutting down and abandoning module SceneOutliner (642)
[2020.02.04-05.00.18:764][458]LogModuleManager: Shutting down and abandoning module AddContentDialog (640)
[2020.02.04-05.00.18:764][458]LogModuleManager: Shutting down and abandoning module WidgetCarousel (639)
[2020.02.04-05.00.18:764][458]LogModuleManager: Shutting down and abandoning module EditorWidgets (636)
[2020.02.04-05.00.18:764][458]LogModuleManager: Shutting down and abandoning module CollectionManager (634)
[2020.02.04-05.00.18:765][458]LogModuleManager: Shutting down and abandoning module StatsViewer (632)
[2020.02.04-05.00.18:765][458]LogModuleManager: Shutting down and abandoning module FoliageEdit (630)
[2020.02.04-05.00.18:765][458]LogModuleManager: Shutting down and abandoning module LandscapeEditor (628)
[2020.02.04-05.00.18:765][458]LogModuleManager: Shutting down and abandoning module MeshPaintMode (626)
[2020.02.04-05.00.18:765][458]LogModuleManager: Shutting down and abandoning module SceneDepthPickerMode (624)
[2020.02.04-05.00.18:766][458]LogModuleManager: Shutting down and abandoning module ActorPickerMode (622)
[2020.02.04-05.00.18:766][458]LogModuleManager: Shutting down and abandoning module GeometryMode (620)
[2020.02.04-05.00.18:766][458]LogModuleManager: Shutting down and abandoning module TextureAlignMode (618)
[2020.02.04-05.00.18:766][458]LogModuleManager: Shutting down and abandoning module BspMode (616)
[2020.02.04-05.00.18:766][458]LogModuleManager: Shutting down and abandoning module PIEPreviewDeviceProfileSelector (614)
[2020.02.04-05.00.18:766][458]LogModuleManager: Shutting down and abandoning module SequenceRecorderSections (612)
[2020.02.04-05.00.18:766][458]LogModuleManager: Shutting down and abandoning module AutomationWorker (610)
[2020.02.04-05.00.18:766][458]LogModuleManager: Shutting down and abandoning module OculusMR (608)
[2020.02.04-05.00.18:766][458]LogModuleManager: Shutting down and abandoning module AudioCaptureEditor (606)
[2020.02.04-05.00.18:766][458]LogModuleManager: Shutting down and abandoning module MatineeToLevelSequence (604)
[2020.02.04-05.00.18:766][458]LogModuleManager: Shutting down and abandoning module LevelSequenceEditor (602)
[2020.02.04-05.00.18:766][458]LogModuleManager: Shutting down and abandoning module PlacementMode (601)
[2020.02.04-05.00.18:766][458]LogModuleManager: Shutting down and abandoning module MaterialEditor (600)
[2020.02.04-05.00.18:767][458]LogModuleManager: Shutting down and abandoning module ActorSequenceEditor (596)
[2020.02.04-05.00.18:767][458]LogModuleManager: Shutting down and abandoning module WmfMediaFactory (594)
[2020.02.04-05.00.18:767][458]LogModuleManager: Shutting down and abandoning module WmfMediaEditor (592)
[2020.02.04-05.00.18:767][458]LogModuleManager: Shutting down and abandoning module WebMMediaFactory (590)
[2020.02.04-05.00.18:767][458]LogModuleManager: Shutting down and abandoning module WebMMediaEditor (588)
[2020.02.04-05.00.18:767][458]LogModuleManager: Shutting down and abandoning module WebMMedia (586)
[2020.02.04-05.00.18:767][458]LogModuleManager: Shutting down and abandoning module MediaPlayerEditor (584)
[2020.02.04-05.00.18:767][458]LogModuleManager: Shutting down and abandoning module MediaCompositingEditor (582)
[2020.02.04-05.00.18:767][458]LogModuleManager: Shutting down and abandoning module SequenceRecorder (581)
[2020.02.04-05.00.18:767][458]LogModuleManager: Shutting down and abandoning module OpenExrWrapper (578)
[2020.02.04-05.00.18:767][458]LogModuleManager: Shutting down and abandoning module ImgMediaFactory (576)
[2020.02.04-05.00.18:767][458]LogModuleManager: Shutting down and abandoning module ImgMediaEditor (574)
[2020.02.04-05.00.18:767][458]LogModuleManager: Shutting down and abandoning module AvfMediaFactory (572)
[2020.02.04-05.00.18:767][458]LogModuleManager: Shutting down and abandoning module AvfMediaEditor (570)
[2020.02.04-05.00.18:767][458]LogModuleManager: Shutting down and abandoning module AndroidMediaFactory (568)
[2020.02.04-05.00.18:767][458]LogModuleManager: Shutting down and abandoning module AndroidMediaEditor (566)
[2020.02.04-05.00.18:767][458]LogModuleManager: Shutting down and abandoning module MagicLeapCameraPreviewFactory (564)
[2020.02.04-05.00.18:768][458]LogModuleManager: Shutting down and abandoning module MagicLeapMediaCodecFactory (562)
[2020.02.04-05.00.18:768][458]LogModuleManager: Shutting down and abandoning module MagicLeapMediaFactory (560)
[2020.02.04-05.00.18:768][458]LogModuleManager: Shutting down and abandoning module MagicLeapMediaEditor (558)
[2020.02.04-05.00.18:768][458]LogModuleManager: Shutting down and abandoning module CharacterAI (556)
[2020.02.04-05.00.18:768][458]LogModuleManager: Shutting down and abandoning module SmartSnapping (554)
[2020.02.04-05.00.18:768][458]LogModuleManager: Shutting down and abandoning module SessionServices (552)
[2020.02.04-05.00.18:768][458]LogModuleManager: Shutting down and abandoning module MeshPaint (550)
[2020.02.04-05.00.18:768][458]LogModuleManager: Shutting down and abandoning module ViewportSnapping (548)
[2020.02.04-05.00.18:768][458]LogModuleManager: Shutting down and abandoning module ViewportInteraction (546)
[2020.02.04-05.00.18:768][458]LogModuleManager: Shutting down and abandoning module ClothPainter (544)
[2020.02.04-05.00.18:768][458]LogModuleManager: Shutting down and abandoning module SkeletalMeshEditor (543)
[2020.02.04-05.00.18:768][458]LogModuleManager: Shutting down and abandoning module LogVisualizer (540)
[2020.02.04-05.00.18:768][458]LogModuleManager: Shutting down and abandoning module IntroTutorials (538)
[2020.02.04-05.00.18:768][458]LogModuleManager: Shutting down and abandoning module GameProjectGeneration (537)
[2020.02.04-05.00.18:768][458]LogModuleManager: Shutting down and abandoning module LuminPlatformEditor (534)
[2020.02.04-05.00.18:769][458]LogModuleManager: Shutting down and abandoning module IOSPlatformEditor (532)
[2020.02.04-05.00.18:769][458]LogModuleManager: Shutting down and abandoning module HTML5PlatformEditor (530)
[2020.02.04-05.00.18:769][458]LogModuleManager: Shutting down and abandoning module AndroidPlatformEditor (528)
[2020.02.04-05.00.18:769][458]LogModuleManager: Shutting down and abandoning module AndroidDeviceDetection (527)
[2020.02.04-05.00.19:107][458]LogModuleManager: Shutting down and abandoning module WindowsPlatformEditor (524)
[2020.02.04-05.00.19:107][458]LogModuleManager: Shutting down and abandoning module LuminRuntimeSettings (522)
[2020.02.04-05.00.19:107][458]LogModuleManager: Shutting down and abandoning module IOSRuntimeSettings (520)
[2020.02.04-05.00.19:107][458]LogModuleManager: Shutting down and abandoning module AndroidRuntimeSettings (518)
[2020.02.04-05.00.19:107][458]LogModuleManager: Shutting down and abandoning module TimeManagementEditor (516)
[2020.02.04-05.00.19:107][458]LogModuleManager: Shutting down and abandoning module InputBindingEditor (514)
[2020.02.04-05.00.19:107][458]LogModuleManager: Shutting down and abandoning module MergeActors (512)
[2020.02.04-05.00.19:107][458]LogModuleManager: Shutting down and abandoning module LocalizationDashboard (510)
[2020.02.04-05.00.19:107][458]LogModuleManager: Shutting down and abandoning module LocalizationService (509)
[2020.02.04-05.00.19:107][458]LogModuleManager: Shutting down and abandoning module HardwareTargeting (506)
[2020.02.04-05.00.19:107][458]LogModuleManager: Shutting down and abandoning module DeviceProfileEditor (504)
[2020.02.04-05.00.19:107][458]LogModuleManager: Shutting down and abandoning module UndoHistory (502)
[2020.02.04-05.00.19:107][458]LogModuleManager: Shutting down and abandoning module XmlParser (500)
[2020.02.04-05.00.19:107][458]LogModuleManager: Shutting down and abandoning module Blutility (498)
[2020.02.04-05.00.19:107][458]LogModuleManager: Shutting down and abandoning module ProjectSettingsViewer (496)
[2020.02.04-05.00.19:108][458]LogModuleManager: Shutting down and abandoning module ProjectTargetPlatformEditor (495)
[2020.02.04-05.00.19:108][458]LogModuleManager: Shutting down and abandoning module EditorSettingsViewer (492)
[2020.02.04-05.00.19:108][458]LogModuleManager: Shutting down and abandoning module SettingsEditor (490)
[2020.02.04-05.00.19:108][458]LogModuleManager: Shutting down and abandoning module ProjectLauncher (488)
[2020.02.04-05.00.19:108][458]LogModuleManager: Shutting down and abandoning module SessionFrontend (486)
[2020.02.04-05.00.19:108][458]LogModuleManager: Shutting down and abandoning module ProfilerClient (484)
[2020.02.04-05.00.19:108][458]LogModuleManager: Shutting down and abandoning module DeviceManager (482)
[2020.02.04-05.00.19:108][458]LogModuleManager: Shutting down and abandoning module TargetDeviceServices (481)
[2020.02.04-05.00.19:149][458]LogModuleManager: Shutting down and abandoning module AutomationController (478)
[2020.02.04-05.00.19:149][458]LogModuleManager: Shutting down and abandoning module AutomationWindow (476)
[2020.02.04-05.00.19:149][458]LogModuleManager: Shutting down and abandoning module Layers (474)
[2020.02.04-05.00.19:149][458]LogModuleManager: Shutting down and abandoning module ComponentVisualizers (472)
[2020.02.04-05.00.19:149][458]LogModuleManager: Shutting down and abandoning module DetailCustomizations (470)
[2020.02.04-05.00.19:149][458]LogModuleManager: Shutting down and abandoning module PackagesDialog (468)
[2020.02.04-05.00.19:149][458]LogModuleManager: Shutting down and abandoning module AnimationBlueprintEditor (466)
[2020.02.04-05.00.19:149][458]LogModuleManager: Shutting down and abandoning module Persona (464)
[2020.02.04-05.00.19:150][458]LogModuleManager: Shutting down and abandoning module AdvancedPreviewScene (463)
[2020.02.04-05.00.19:150][458]LogModuleManager: Shutting down and abandoning module AnimGraph (461)
[2020.02.04-05.00.19:150][458]LogModuleManager: Shutting down and abandoning module Kismet (458)
[2020.02.04-05.00.19:150][458]LogModuleManager: Shutting down and abandoning module GraphEditor (456)
[2020.02.04-05.00.19:150][458]LogModuleManager: Shutting down and abandoning module ClassViewer (454)
[2020.02.04-05.00.19:151][458]LogModuleManager: Shutting down and abandoning module Toolbox (452)
[2020.02.04-05.00.19:151][458]LogModuleManager: Shutting down and abandoning module DesktopPlatform (451)
[2020.02.04-05.00.19:151][458]LogModuleManager: Shutting down and abandoning module ModuleUI (448)
[2020.02.04-05.00.19:151][458]LogModuleManager: Shutting down and abandoning module MovieSceneTools (446)
[2020.02.04-05.00.19:151][458]LogModuleManager: Shutting down and abandoning module OutputLog (444)
[2020.02.04-05.00.19:151][458]LogModuleManager: Shutting down and abandoning module GammaUI (442)
[2020.02.04-05.00.19:151][458]LogModuleManager: Shutting down and abandoning module Documentation (440)
[2020.02.04-05.00.19:152][458]LogModuleManager: Shutting down and abandoning module LiveCoding (438)
[2020.02.04-05.00.19:152][458]LogModuleManager: Shutting down and abandoning module LevelSequence (436)
[2020.02.04-05.00.19:152][458]LogModuleManager: Shutting down and abandoning module MovieSceneTracks (434)
[2020.02.04-05.00.19:152][458]LogModuleManager: Shutting down and abandoning module MovieScene (432)
[2020.02.04-05.00.19:152][458]LogModuleManager: Shutting down and abandoning module StreamingPauseRendering (430)
[2020.02.04-05.00.19:152][458]LogModuleManager: Shutting down and abandoning module LauncherPlatform (428)
[2020.02.04-05.00.19:152][458]LogModuleManager: Shutting down and abandoning module AnalyticsET (426)
[2020.02.04-05.00.19:152][458]LogModuleManager: Shutting down and abandoning module PortalServices (424)
[2020.02.04-05.00.19:152][458]LogModuleManager: Shutting down and abandoning module PortalRpc (422)
[2020.02.04-05.00.19:152][458]LogModuleManager: Shutting down and abandoning module MessagingRpc (420)
[2020.02.04-05.00.19:152][458]LogModuleManager: Shutting down and abandoning module AIModule (418)
[2020.02.04-05.00.19:152][458]LogModuleManager: Shutting down and abandoning module GameplayDebugger (417)
[2020.02.04-05.00.19:152][458]LogModuleManager: Shutting down and abandoning module AITestSuite (415)
[2020.02.04-05.00.19:152][458]LogModuleManager: Shutting down and abandoning module NavigationSystem (413)
[2020.02.04-05.00.19:153][458]LogModuleManager: Shutting down and abandoning module ImageWriteQueue (410)
[2020.02.04-05.00.19:161][458]LogModuleManager: Shutting down and abandoning module ProfilerService (408)
