Log file open, 02/05/20 15:45:31
LogWindows: Failed to load 'aqProf.dll' (GetLastError=126)
LogWindows: File 'aqProf.dll' does not exist
LogWindows: Failed to load 'VtuneApi.dll' (GetLastError=126)
LogWindows: File 'VtuneApi.dll' does not exist
LogWindows: Failed to load 'VtuneApi32e.dll' (GetLastError=126)
LogWindows: File 'VtuneApi32e.dll' does not exist
LogConsoleResponse: Display: Failed to find resolution value strings in scalability ini. Falling back to default.
LogInit: Display: Running engine for game: MagMan
LogPakFile: Registered encryption key '00000000000000000000000000000000': 0 pak files mounted, 0 remain pending
LogPlatformFile: Not using cached read wrapper
LogTaskGraph: Started task graph with 5 named threads and 47 total threads with 3 sets of task threads.
LogStats: Stats thread started at 0.685599
LogD3D11RHI: Loaded GFSDK_Aftermath_Lib.x64.dll
LogICUInternationalization: ICU TimeZone Detection - Raw Offset: +9:00, Platform Override: ''
LogPluginManager: Mounting plugin Paper2D
LogPluginManager: Mounting plugin AISupport
LogPluginManager: Mounting plugin LightPropagationVolume
LogPluginManager: Mounting plugin ActorLayerUtilities
LogPluginManager: Mounting plugin AnimationSharing
LogPluginManager: Mounting plugin CLionSourceCodeAccess
LogPluginManager: Mounting plugin CodeLiteSourceCodeAccess
LogPluginManager: Mounting plugin GitSourceControl
LogPluginManager: Mounting plugin KDevelopSourceCodeAccess
LogPluginManager: Mounting plugin NullSourceCodeAccess
LogPluginManager: Mounting plugin PerforceSourceControl
LogPluginManager: Mounting plugin SubversionSourceControl
LogPluginManager: Mounting plugin UObjectPlugin
LogPluginManager: Mounting plugin VisualStudioCodeSourceCodeAccess
LogPluginManager: Mounting plugin VisualStudioSourceCodeAccess
LogPluginManager: Mounting plugin XCodeSourceCodeAccess
LogPluginManager: Mounting plugin AssetManagerEditor
LogPluginManager: Mounting plugin CryptoKeys
LogPluginManager: Mounting plugin DataValidation
LogPluginManager: Mounting plugin FacialAnimation
LogPluginManager: Mounting plugin GameplayTagsEditor
LogPluginManager: Mounting plugin MacGraphicsSwitching
LogPluginManager: Mounting plugin MaterialAnalyzer
LogPluginManager: Mounting plugin MobileLauncherProfileWizard
LogPluginManager: Mounting plugin PluginBrowser
LogPluginManager: Mounting plugin SpeedTreeImporter
LogPluginManager: Mounting plugin DatasmithContent
LogPluginManager: Mounting plugin VariantManagerContent
LogPluginManager: Mounting plugin AlembicImporter
LogPluginManager: Mounting plugin AppleImageUtils
LogPluginManager: Mounting plugin AppleVision
LogPluginManager: Mounting plugin BackChannel
LogPluginManager: Mounting plugin CharacterAI
LogPluginManager: Mounting plugin GeometryCache
LogPluginManager: Mounting plugin HTML5Networking
LogPluginManager: Mounting plugin ProxyLODPlugin
LogPluginManager: Mounting plugin SkeletalReduction
LogPluginManager: Mounting plugin MagicLeap
LogPluginManager: Mounting plugin MagicLeapMedia
LogPluginManager: Mounting plugin AndroidMedia
LogPluginManager: Mounting plugin AvfMedia
LogPluginManager: Mounting plugin ImgMedia
LogPluginManager: Mounting plugin LinearTimecode
LogPluginManager: Mounting plugin MediaCompositing
LogPluginManager: Mounting plugin MediaPlayerEditor
LogPluginManager: Mounting plugin WebMMedia
LogPluginManager: Mounting plugin WmfMedia
LogPluginManager: Mounting plugin TcpMessaging
LogPluginManager: Mounting plugin UdpMessaging
LogPluginManager: Mounting plugin ActorSequence
LogPluginManager: Mounting plugin LevelSequenceEditor
LogPluginManager: Mounting plugin MatineeToLevelSequence
LogPluginManager: Mounting plugin NetcodeUnitTest
LogPluginManager: Mounting plugin NUTUnrealEngine4
LogPluginManager: Mounting plugin OnlineSubsystemGooglePlay
LogPluginManager: Mounting plugin OnlineSubsystemIOS
LogPluginManager: Mounting plugin OnlineSubsystem
LogPluginManager: Mounting plugin OnlineSubsystemNull
LogPluginManager: Mounting plugin OnlineSubsystemUtils
LogPluginManager: Mounting plugin LauncherChunkInstaller
LogPluginManager: Mounting plugin AndroidDeviceProfileSelector
LogPluginManager: Mounting plugin AndroidMoviePlayer
LogPluginManager: Mounting plugin AndroidPermission
LogPluginManager: Mounting plugin AppleMoviePlayer
LogPluginManager: Mounting plugin ArchVisCharacter
LogPluginManager: Mounting plugin AudioCapture
LogPluginManager: Mounting plugin CableComponent
LogPluginManager: Mounting plugin CustomMeshComponent
LogPluginManager: Mounting plugin EditableMesh
LogPluginManager: Mounting plugin ExampleDeviceProfileSelector
LogPluginManager: Mounting plugin Firebase
LogPluginManager: Mounting plugin GoogleCloudMessaging
LogPluginManager: Mounting plugin IOSDeviceProfileSelector
LogPluginManager: Mounting plugin LinuxDeviceProfileSelector
LogPluginManager: Mounting plugin LocationServicesBPLibrary
LogPluginManager: Mounting plugin MobilePatchingUtils
LogPluginManager: Mounting plugin OculusVR
LogPluginManager: Mounting plugin PhysXVehicles
LogPluginManager: Mounting plugin ProceduralMeshComponent
LogPluginManager: Mounting plugin RuntimePhysXCooking
LogPluginManager: Mounting plugin SignificanceManager
LogPluginManager: Mounting plugin SteamVR
LogPluginManager: Mounting plugin WebMMoviePlayer
LogPluginManager: Mounting plugin WindowsMoviePlayer
LogInit: Using libcurl 7.55.1-DEV
LogInit:  - built for x86_64-pc-win32
LogInit:  - supports SSL with OpenSSL/1.1.1
LogInit:  - supports HTTP deflate (compression) using libz 1.2.8
LogInit:  - other features:
LogInit:      CURL_VERSION_SSL
LogInit:      CURL_VERSION_LIBZ
LogInit:      CURL_VERSION_IPV6
LogInit:      CURL_VERSION_ASYNCHDNS
LogInit:      CURL_VERSION_LARGEFILE
LogInit:      CURL_VERSION_IDN
LogInit:  CurlRequestOptions (configurable via config and command line):
LogInit:  - bVerifyPeer = true  - Libcurl will verify peer certificate
LogInit:  - bUseHttpProxy = false  - Libcurl will NOT use HTTP proxy
LogInit:  - bDontReuseConnections = false  - Libcurl will reuse connections
LogInit:  - MaxHostConnections = 16  - Libcurl will limit the number of connections to a host
LogInit:  - LocalHostAddr = Default
LogInit:  - BufferSize = 65536
LogInit: WinSock: version 1.1 (2.2), MaxSocks=32767, MaxUdp=65467
LogInit: Build: ++UE4+Release-4.22-CL-7053642
LogInit: Engine Version: 4.22.3-7053642+++UE4+Release-4.22
LogInit: Compatible Engine Version: 4.22.0-5660361+++UE4+Release-4.22
LogInit: Net CL: 5660361
LogInit: OS: Windows 10 (Release 1903) (), CPU: AMD Ryzen 7 1700X Eight-Core Processor         , GPU: NVIDIA GeForce GTX 1070
LogInit: Compiled (64-bit): Jun 18 2019 03:09:11
LogInit: Compiled with Visual C++: 19.16.27025.01
LogInit: Build Configuration: Development
LogInit: Branch Name: ++UE4+Release-4.22
LogInit: Command Line:  -skipcompile
LogInit: Base Directory: C:/Program Files/Epic Games/UE_4.22/Engine/Binaries/Win64/
LogInit: Installed Engine Build: 1
LogDevObjectVersion: Number of dev versions registered: 23
LogDevObjectVersion:   Dev-Blueprints (B0D832E4-1F89-4F0D-ACCF-7EB736FD4AA2): 10
LogDevObjectVersion:   Dev-Build (E1C64328-A22C-4D53-A36C-8E866417BD8C): 0
LogDevObjectVersion:   Dev-Core (375EC13C-06E4-48FB-B500-84F0262A717E): 3
LogDevObjectVersion:   Dev-Editor (E4B068ED-F494-42E9-A231-DA0B2E46BB41): 30
LogDevObjectVersion:   Dev-Framework (CFFC743F-43B0-4480-9391-14DF171D2073): 35
LogDevObjectVersion:   Dev-Mobile (B02B49B5-BB20-44E9-A304-32B752E40360): 2
LogDevObjectVersion:   Dev-Networking (A4E4105C-59A1-49B5-A7C5-40C4547EDFEE): 0
LogDevObjectVersion:   Dev-Online (39C831C9-5AE6-47DC-9A44-9C173E1C8E7C): 0
LogDevObjectVersion:   Dev-Physics (78F01B33-EBEA-4F98-B9B4-84EACCB95AA2): 0
LogDevObjectVersion:   Dev-Platform (6631380F-2D4D-43E0-8009-CF276956A95A): 0
LogDevObjectVersion:   Dev-Rendering (12F88B9F-8875-4AFC-A67C-D90C383ABD29): 28
LogDevObjectVersion:   Dev-Sequencer (7B5AE74C-D270-4C10-A958-57980B212A5A): 11
LogDevObjectVersion:   Dev-VR (D7296918-1DD6-4BDD-9DE2-64A83CC13884): 2
LogDevObjectVersion:   Dev-LoadTimes (C2A15278-BFE7-4AFE-6C17-90FF531DF755): 1
LogDevObjectVersion:   Private-Geometry (6EACA3D4-40EC-4CC1-B786-8BED09428FC5): 3
LogDevObjectVersion:   Dev-AnimPhys (29E575DD-E0A3-4627-9D10-D276232CDCEA): 17
LogDevObjectVersion:   Dev-Anim (AF43A65D-7FD3-4947-9873-3E8ED9C1BB05): 2
LogDevObjectVersion:   Dev-ReflectionCapture (6B266CEC-1EC7-4B8F-A30B-E4D90942FC07): 1
LogDevObjectVersion:   Dev-Automation (0DF73D61-A23F-47EA-B727-89E90C41499A): 1
LogDevObjectVersion:   FortniteMain (601D1886-AC64-4F84-AA16-D3DE0DEAC7D6): 25
LogDevObjectVersion:   Dev-Enterprise (9DFFBCD6-494F-0158-E221-12823C92A888): 6
LogDevObjectVersion:   Dev-Niagara (F2AED0AC-9AFE-416F-8664-AA7FFA26D6FC): 1
LogDevObjectVersion:   Dev-Destruction (174F1F0B-B4C6-45A5-B13F-2EE8D0FB917D): 2
LogInit: Presizing for max 16777216 objects, including 0 objects not considered by GC, pre-allocating 0 bytes for permanent pool.
LogInit: Object subsystem initialized
LogConfig: Setting CVar [[con.DebugEarlyDefault:1]]
LogConfig: Setting CVar [[r.setres:1280x720]]
[2020.02.05-06.45.31:849][  0]LogConfig: Setting CVar [[r.VSync:0]]
[2020.02.05-06.45.31:849][  0]LogConfig: Setting CVar [[r.RHICmdBypass:0]]
[2020.02.05-06.45.31:849][  0]LogConfig: Applying CVar settings from Section [/Script/Engine.RendererSettings] File [C:/Users/ssh97/Documents/GitHub/WGJ134-Magnet/MagMan/Saved/Config/Windows/Engine.ini]
[2020.02.05-06.45.31:849][  0]LogConfig: Setting CVar [[r.GPUCrashDebugging:0]]
[2020.02.05-06.45.31:849][  0]LogConfig: Setting CVar [[r.DefaultFeature.AutoExposure.ExtendDefaultLuminanceRange:1]]
[2020.02.05-06.45.31:849][  0]LogConfig: Applying CVar settings from Section [/Script/Engine.RendererOverrideSettings] File [C:/Users/ssh97/Documents/GitHub/WGJ134-Magnet/MagMan/Saved/Config/Windows/Engine.ini]
[2020.02.05-06.45.31:850][  0]LogConfig: Applying CVar settings from Section [/Script/Engine.StreamingSettings] File [C:/Users/ssh97/Documents/GitHub/WGJ134-Magnet/MagMan/Saved/Config/Windows/Engine.ini]
[2020.02.05-06.45.31:850][  0]LogConfig: Setting CVar [[s.MinBulkDataSizeForAsyncLoading:131072]]
[2020.02.05-06.45.31:850][  0]LogConfig: Setting CVar [[s.AsyncLoadingThreadEnabled:0]]
[2020.02.05-06.45.31:850][  0]LogConfig: Setting CVar [[s.EventDrivenLoaderEnabled:1]]
[2020.02.05-06.45.31:850][  0]LogConfig: Setting CVar [[s.WarnIfTimeLimitExceeded:0]]
[2020.02.05-06.45.31:850][  0]LogConfig: Setting CVar [[s.TimeLimitExceededMultiplier:1.5]]
[2020.02.05-06.45.31:850][  0]LogConfig: Setting CVar [[s.TimeLimitExceededMinTime:0.005]]
[2020.02.05-06.45.31:850][  0]LogConfig: Setting CVar [[s.UseBackgroundLevelStreaming:1]]
[2020.02.05-06.45.31:850][  0]LogConfig: Setting CVar [[s.PriorityAsyncLoadingExtraTime:15.0]]
[2020.02.05-06.45.31:850][  0]LogConfig: Setting CVar [[s.LevelStreamingActorsUpdateTimeLimit:5.0]]
[2020.02.05-06.45.31:850][  0]LogConfig: Setting CVar [[s.PriorityLevelStreamingActorsUpdateExtraTime:5.0]]
[2020.02.05-06.45.31:850][  0]LogConfig: Setting CVar [[s.LevelStreamingComponentsRegistrationGranularity:10]]
[2020.02.05-06.45.31:850][  0]LogConfig: Setting CVar [[s.UnregisterComponentsTimeLimit:1.0]]
[2020.02.05-06.45.31:850][  0]LogConfig: Setting CVar [[s.LevelStreamingComponentsUnregistrationGranularity:5]]
[2020.02.05-06.45.31:851][  0]LogConfig: Applying CVar settings from Section [/Script/Engine.GarbageCollectionSettings] File [C:/Users/ssh97/Documents/GitHub/WGJ134-Magnet/MagMan/Saved/Config/Windows/Engine.ini]
[2020.02.05-06.45.31:851][  0]LogConfig: Setting CVar [[gc.MaxObjectsNotConsideredByGC:1]]
[2020.02.05-06.45.31:851][  0]LogConfig: Setting CVar [[gc.SizeOfPermanentObjectPool:0]]
[2020.02.05-06.45.31:851][  0]LogConfig: Setting CVar [[gc.FlushStreamingOnGC:0]]
[2020.02.05-06.45.31:851][  0]LogConfig: Setting CVar [[gc.NumRetriesBeforeForcingGC:10]]
[2020.02.05-06.45.31:851][  0]LogConfig: Setting CVar [[gc.AllowParallelGC:1]]
[2020.02.05-06.45.31:851][  0]LogConfig: Setting CVar [[gc.TimeBetweenPurgingPendingKillObjects:61.1]]
[2020.02.05-06.45.31:851][  0]LogConfig: Setting CVar [[gc.MaxObjectsInEditor:16777216]]
[2020.02.05-06.45.31:851][  0]LogConfig: Setting CVar [[gc.IncrementalBeginDestroyEnabled:1]]
[2020.02.05-06.45.31:851][  0]LogConfig: Setting CVar [[gc.CreateGCClusters:1]]
[2020.02.05-06.45.31:851][  0]LogConfig: Setting CVar [[gc.MinGCClusterSize:5]]
[2020.02.05-06.45.31:851][  0]LogConfig: Setting CVar [[gc.ActorClusteringEnabled:0]]
[2020.02.05-06.45.31:851][  0]LogConfig: Setting CVar [[gc.BlueprintClusteringEnabled:0]]
[2020.02.05-06.45.31:851][  0]LogConfig: Setting CVar [[gc.UseDisregardForGCOnDedicatedServers:0]]
[2020.02.05-06.45.31:851][  0]LogConfig: Applying CVar settings from Section [/Script/Engine.NetworkSettings] File [C:/Users/ssh97/Documents/GitHub/WGJ134-Magnet/MagMan/Saved/Config/Windows/Engine.ini]
[2020.02.05-06.45.31:851][  0]LogConfig: Applying CVar settings from Section [/Script/UnrealEd.CookerSettings] File [C:/Users/ssh97/Documents/GitHub/WGJ134-Magnet/MagMan/Saved/Config/Windows/Engine.ini]
[2020.02.05-06.45.31:862][  0]LogConfig: Applying CVar settings from Section [ViewDistanceQuality@3] File [C:/Users/ssh97/Documents/GitHub/WGJ134-Magnet/MagMan/Saved/Config/Windows/Scalability.ini]
[2020.02.05-06.45.31:862][  0]LogConfig: Setting CVar [[r.SkeletalMeshLODBias:0]]
[2020.02.05-06.45.31:862][  0]LogConfig: Setting CVar [[r.ViewDistanceScale:1.0]]
[2020.02.05-06.45.31:862][  0]LogConfig: Applying CVar settings from Section [AntiAliasingQuality@3] File [C:/Users/ssh97/Documents/GitHub/WGJ134-Magnet/MagMan/Saved/Config/Windows/Scalability.ini]
[2020.02.05-06.45.31:862][  0]LogConfig: Setting CVar [[r.PostProcessAAQuality:4]]
[2020.02.05-06.45.31:863][  0]LogConfig: Applying CVar settings from Section [ShadowQuality@3] File [C:/Users/ssh97/Documents/GitHub/WGJ134-Magnet/MagMan/Saved/Config/Windows/Scalability.ini]
[2020.02.05-06.45.31:863][  0]LogConfig: Setting CVar [[r.LightFunctionQuality:1]]
[2020.02.05-06.45.31:863][  0]LogConfig: Setting CVar [[r.ShadowQuality:5]]
[2020.02.05-06.45.31:863][  0]LogConfig: Setting CVar [[r.Shadow.CSM.MaxCascades:10]]
[2020.02.05-06.45.31:863][  0]LogConfig: Setting CVar [[r.Shadow.MaxResolution:2048]]
[2020.02.05-06.45.31:863][  0]LogConfig: Setting CVar [[r.Shadow.MaxCSMResolution:2048]]
[2020.02.05-06.45.31:863][  0]LogConfig: Setting CVar [[r.Shadow.RadiusThreshold:0.01]]
[2020.02.05-06.45.31:863][  0]LogConfig: Setting CVar [[r.Shadow.DistanceScale:1.0]]
[2020.02.05-06.45.31:863][  0]LogConfig: Setting CVar [[r.Shadow.CSM.TransitionScale:1.0]]
[2020.02.05-06.45.31:863][  0]LogConfig: Setting CVar [[r.Shadow.PreShadowResolutionFactor:1.0]]
[2020.02.05-06.45.31:863][  0]LogConfig: Setting CVar [[r.DistanceFieldShadowing:1]]
[2020.02.05-06.45.31:863][  0]LogConfig: Setting CVar [[r.DistanceFieldAO:1]]
[2020.02.05-06.45.31:863][  0]LogConfig: Setting CVar [[r.AOQuality:2]]
[2020.02.05-06.45.31:863][  0]LogConfig: Setting CVar [[r.VolumetricFog:1]]
[2020.02.05-06.45.31:863][  0]LogConfig: Setting CVar [[r.VolumetricFog.GridPixelSize:8]]
[2020.02.05-06.45.31:863][  0]LogConfig: Setting CVar [[r.VolumetricFog.GridSizeZ:128]]
[2020.02.05-06.45.31:864][  0]LogConfig: Setting CVar [[r.VolumetricFog.HistoryMissSupersampleCount:4]]
[2020.02.05-06.45.31:864][  0]LogConfig: Setting CVar [[r.LightMaxDrawDistanceScale:1]]
[2020.02.05-06.45.31:864][  0]LogConfig: Setting CVar [[r.CapsuleShadows:1]]
[2020.02.05-06.45.31:864][  0]LogConfig: Applying CVar settings from Section [PostProcessQuality@3] File [C:/Users/ssh97/Documents/GitHub/WGJ134-Magnet/MagMan/Saved/Config/Windows/Scalability.ini]
[2020.02.05-06.45.31:864][  0]LogConfig: Setting CVar [[r.MotionBlurQuality:4]]
[2020.02.05-06.45.31:864][  0]LogConfig: Setting CVar [[r.AmbientOcclusionMipLevelFactor:0.4]]
[2020.02.05-06.45.31:864][  0]LogConfig: Setting CVar [[r.AmbientOcclusionMaxQuality:100]]
[2020.02.05-06.45.31:864][  0]LogConfig: Setting CVar [[r.AmbientOcclusionLevels:-1]]
[2020.02.05-06.45.31:864][  0]LogConfig: Setting CVar [[r.AmbientOcclusionRadiusScale:1.0]]
[2020.02.05-06.45.31:864][  0]LogConfig: Setting CVar [[r.DepthOfFieldQuality:2]]
[2020.02.05-06.45.31:864][  0]LogConfig: Setting CVar [[r.RenderTargetPoolMin:400]]
[2020.02.05-06.45.31:864][  0]LogConfig: Setting CVar [[r.LensFlareQuality:2]]
[2020.02.05-06.45.31:864][  0]LogConfig: Setting CVar [[r.SceneColorFringeQuality:1]]
[2020.02.05-06.45.31:864][  0]LogConfig: Setting CVar [[r.EyeAdaptationQuality:2]]
[2020.02.05-06.45.31:864][  0]LogConfig: Setting CVar [[r.BloomQuality:5]]
[2020.02.05-06.45.31:864][  0]LogConfig: Setting CVar [[r.FastBlurThreshold:100]]
[2020.02.05-06.45.31:864][  0]LogConfig: Setting CVar [[r.Upscale.Quality:3]]
[2020.02.05-06.45.31:865][  0]LogConfig: Setting CVar [[r.Tonemapper.GrainQuantization:1]]
[2020.02.05-06.45.31:865][  0]LogConfig: Setting CVar [[r.LightShaftQuality:1]]
[2020.02.05-06.45.31:865][  0]LogConfig: Setting CVar [[r.Filter.SizeScale:1]]
[2020.02.05-06.45.31:865][  0]LogConfig: Setting CVar [[r.Tonemapper.Quality:5]]
[2020.02.05-06.45.31:865][  0]LogConfig: Setting CVar [[r.DOF.Gather.AccumulatorQuality:1        ; higher gathering accumulator quality]]
[2020.02.05-06.45.31:865][  0]LogConfig: Setting CVar [[r.DOF.Gather.PostfilterMethod:1          ; Median3x3 postfilering method]]
[2020.02.05-06.45.31:865][  0]LogConfig: Setting CVar [[r.DOF.Gather.EnableBokehSettings:0       ; no bokeh simulation when gathering]]
[2020.02.05-06.45.31:865][  0]LogConfig: Setting CVar [[r.DOF.Gather.RingCount:4                 ; medium number of samples when gathering]]
[2020.02.05-06.45.31:865][  0]LogConfig: Setting CVar [[r.DOF.Scatter.ForegroundCompositing:1    ; additive foreground scattering]]
[2020.02.05-06.45.31:865][  0]LogConfig: Setting CVar [[r.DOF.Scatter.BackgroundCompositing:2    ; additive background scattering]]
[2020.02.05-06.45.31:865][  0]LogConfig: Setting CVar [[r.DOF.Scatter.EnableBokehSettings:1      ; bokeh simulation when scattering]]
[2020.02.05-06.45.31:865][  0]LogConfig: Setting CVar [[r.DOF.Scatter.MaxSpriteRatio:0.1         ; only a maximum of 10% of scattered bokeh]]
[2020.02.05-06.45.31:865][  0]LogConfig: Setting CVar [[r.DOF.Recombine.Quality:1                ; cheap slight out of focus]]
[2020.02.05-06.45.31:865][  0]LogConfig: Setting CVar [[r.DOF.Recombine.EnableBokehSettings:0    ; no bokeh simulation on slight out of focus]]
[2020.02.05-06.45.31:865][  0]LogConfig: Setting CVar [[r.DOF.TemporalAAQuality:1                ; more stable temporal accumulation]]
[2020.02.05-06.45.31:865][  0]LogConfig: Setting CVar [[r.DOF.Kernel.MaxForegroundRadius:0.025]]
[2020.02.05-06.45.31:865][  0]LogConfig: Setting CVar [[r.DOF.Kernel.MaxBackgroundRadius:0.025]]
[2020.02.05-06.45.31:866][  0]LogConfig: Applying CVar settings from Section [TextureQuality@3] File [C:/Users/ssh97/Documents/GitHub/WGJ134-Magnet/MagMan/Saved/Config/Windows/Scalability.ini]
[2020.02.05-06.45.31:866][  0]LogConfig: Setting CVar [[r.Streaming.MipBias:0]]
[2020.02.05-06.45.31:866][  0]LogConfig: Setting CVar [[r.Streaming.AmortizeCPUToGPUCopy:0]]
[2020.02.05-06.45.31:866][  0]LogConfig: Setting CVar [[r.Streaming.MaxNumTexturesToStreamPerFrame:0]]
[2020.02.05-06.45.31:866][  0]LogConfig: Setting CVar [[r.Streaming.Boost:1]]
[2020.02.05-06.45.31:866][  0]LogConfig: Setting CVar [[r.MaxAnisotropy:8]]
[2020.02.05-06.45.31:866][  0]LogConfig: Setting CVar [[r.Streaming.LimitPoolSizeToVRAM:0]]
[2020.02.05-06.45.31:866][  0]LogConfig: Setting CVar [[r.Streaming.PoolSize:1000]]
[2020.02.05-06.45.31:866][  0]LogConfig: Setting CVar [[r.Streaming.MaxEffectiveScreenSize:0]]
[2020.02.05-06.45.31:866][  0]LogConfig: Applying CVar settings from Section [EffectsQuality@3] File [C:/Users/ssh97/Documents/GitHub/WGJ134-Magnet/MagMan/Saved/Config/Windows/Scalability.ini]
[2020.02.05-06.45.31:866][  0]LogConfig: Setting CVar [[r.TranslucencyLightingVolumeDim:64]]
[2020.02.05-06.45.31:866][  0]LogConfig: Setting CVar [[r.RefractionQuality:2]]
[2020.02.05-06.45.31:866][  0]LogConfig: Setting CVar [[r.SSR.Quality:3]]
[2020.02.05-06.45.31:866][  0]LogConfig: Setting CVar [[r.SceneColorFormat:4]]
[2020.02.05-06.45.31:866][  0]LogConfig: Setting CVar [[r.DetailMode:2]]
[2020.02.05-06.45.31:867][  0]LogConfig: Setting CVar [[r.TranslucencyVolumeBlur:1]]
[2020.02.05-06.45.31:867][  0]LogConfig: Setting CVar [[r.MaterialQualityLevel:1 ; High quality]]
[2020.02.05-06.45.31:867][  0]LogConfig: Setting CVar [[r.SSS.Scale:1]]
[2020.02.05-06.45.31:867][  0]LogConfig: Setting CVar [[r.SSS.SampleSet:2]]
[2020.02.05-06.45.31:867][  0]LogConfig: Setting CVar [[r.SSS.Quality:1]]
[2020.02.05-06.45.31:867][  0]LogConfig: Setting CVar [[r.SSS.HalfRes:1]]
[2020.02.05-06.45.31:867][  0]LogConfig: Setting CVar [[r.EmitterSpawnRateScale:1.0]]
[2020.02.05-06.45.31:867][  0]LogConfig: Setting CVar [[r.ParticleLightQuality:2]]
[2020.02.05-06.45.31:867][  0]LogConfig: Applying CVar settings from Section [FoliageQuality@3] File [C:/Users/ssh97/Documents/GitHub/WGJ134-Magnet/MagMan/Saved/Config/Windows/Scalability.ini]
[2020.02.05-06.45.31:867][  0]LogConfig: Setting CVar [[foliage.DensityScale:1.0]]
[2020.02.05-06.45.31:867][  0]LogConfig: Setting CVar [[grass.DensityScale:1.0]]
[2020.02.05-06.45.31:867][  0]LogInit: Selected Device Profile: [Windows]
[2020.02.05-06.45.31:867][  0]LogInit: Applying CVar settings loaded from the selected device profile: [Windows]
[2020.02.05-06.45.31:889][  0]LogHAL: Display: Platform has ~ 16 GB [17129635840 / 17179869184 / 16], which maps to Larger [LargestMinGB=32, LargerMinGB=12, DefaultMinGB=8, SmallerMinGB=6, SmallestMinGB=0)
[2020.02.05-06.45.31:890][  0]LogConfig: Setting CVar [[r.Vulkan.UseRealUBs:0		; Required until we fix HLR fall-out]]
[2020.02.05-06.45.31:890][  0]LogInit: Going up to parent DeviceProfile []
[2020.02.05-06.45.31:890][  0]LogConfig: Applying CVar settings from Section [ViewDistanceQuality@Cine] File [C:/Users/ssh97/Documents/GitHub/WGJ134-Magnet/MagMan/Saved/Config/Windows/Scalability.ini]
[2020.02.05-06.45.31:890][  0]LogConfig: Setting CVar [[r.SkeletalMeshLODBias:0]]
[2020.02.05-06.45.31:890][  0]LogConfig: Setting CVar [[r.ViewDistanceScale:10.0]]
[2020.02.05-06.45.31:890][  0]LogConfig: Applying CVar settings from Section [AntiAliasingQuality@Cine] File [C:/Users/ssh97/Documents/GitHub/WGJ134-Magnet/MagMan/Saved/Config/Windows/Scalability.ini]
[2020.02.05-06.45.31:890][  0]LogConfig: Setting CVar [[r.PostProcessAAQuality:6]]
[2020.02.05-06.45.31:890][  0]LogConfig: Applying CVar settings from Section [ShadowQuality@Cine] File [C:/Users/ssh97/Documents/GitHub/WGJ134-Magnet/MagMan/Saved/Config/Windows/Scalability.ini]
[2020.02.05-06.45.31:890][  0]LogConfig: Setting CVar [[r.LightFunctionQuality:1]]
[2020.02.05-06.45.31:890][  0]LogConfig: Setting CVar [[r.ShadowQuality:5]]
[2020.02.05-06.45.31:890][  0]LogConfig: Setting CVar [[r.Shadow.CSM.MaxCascades:10]]
[2020.02.05-06.45.31:890][  0]LogConfig: Setting CVar [[r.Shadow.MaxResolution:4096]]
[2020.02.05-06.45.31:890][  0]LogConfig: Setting CVar [[r.Shadow.MaxCSMResolution:4096]]
[2020.02.05-06.45.31:890][  0]LogConfig: Setting CVar [[r.Shadow.RadiusThreshold:0]]
[2020.02.05-06.45.31:891][  0]LogConfig: Setting CVar [[r.Shadow.DistanceScale:1.0]]
[2020.02.05-06.45.31:891][  0]LogConfig: Setting CVar [[r.Shadow.CSM.TransitionScale:1.0]]
[2020.02.05-06.45.31:891][  0]LogConfig: Setting CVar [[r.Shadow.PreShadowResolutionFactor:1.0]]
[2020.02.05-06.45.31:891][  0]LogConfig: Setting CVar [[r.DistanceFieldShadowing:1]]
[2020.02.05-06.45.31:891][  0]LogConfig: Setting CVar [[r.DistanceFieldAO:1]]
[2020.02.05-06.45.31:891][  0]LogConfig: Setting CVar [[r.AOQuality:2]]
[2020.02.05-06.45.31:891][  0]LogConfig: Setting CVar [[r.VolumetricFog:1]]
[2020.02.05-06.45.31:891][  0]LogConfig: Setting CVar [[r.VolumetricFog.GridPixelSize:4]]
[2020.02.05-06.45.31:891][  0]LogConfig: Setting CVar [[r.VolumetricFog.GridSizeZ:128]]
[2020.02.05-06.45.31:891][  0]LogConfig: Setting CVar [[r.VolumetricFog.HistoryMissSupersampleCount:16]]
[2020.02.05-06.45.31:891][  0]LogConfig: Setting CVar [[r.LightMaxDrawDistanceScale:1]]
[2020.02.05-06.45.31:891][  0]LogConfig: Setting CVar [[r.CapsuleShadows:1]]
[2020.02.05-06.45.31:891][  0]LogConfig: Applying CVar settings from Section [PostProcessQuality@Cine] File [C:/Users/ssh97/Documents/GitHub/WGJ134-Magnet/MagMan/Saved/Config/Windows/Scalability.ini]
[2020.02.05-06.45.31:891][  0]LogConfig: Setting CVar [[r.MotionBlurQuality:4]]
[2020.02.05-06.45.31:891][  0]LogConfig: Setting CVar [[r.AmbientOcclusionMipLevelFactor:0.4]]
[2020.02.05-06.45.31:891][  0]LogConfig: Setting CVar [[r.AmbientOcclusionMaxQuality:100]]
[2020.02.05-06.45.31:892][  0]LogConfig: Setting CVar [[r.AmbientOcclusionLevels:-1]]
[2020.02.05-06.45.31:892][  0]LogConfig: Setting CVar [[r.AmbientOcclusionRadiusScale:1.0]]
[2020.02.05-06.45.31:892][  0]LogConfig: Setting CVar [[r.DepthOfFieldQuality:4]]
[2020.02.05-06.45.31:892][  0]LogConfig: Setting CVar [[r.RenderTargetPoolMin:1000]]
[2020.02.05-06.45.31:892][  0]LogConfig: Setting CVar [[r.LensFlareQuality:3]]
[2020.02.05-06.45.31:892][  0]LogConfig: Setting CVar [[r.SceneColorFringeQuality:1]]
[2020.02.05-06.45.31:892][  0]LogConfig: Setting CVar [[r.EyeAdaptationQuality:2]]
[2020.02.05-06.45.31:892][  0]LogConfig: Setting CVar [[r.BloomQuality:5]]
[2020.02.05-06.45.31:892][  0]LogConfig: Setting CVar [[r.FastBlurThreshold:100]]
[2020.02.05-06.45.31:892][  0]LogConfig: Setting CVar [[r.Upscale.Quality:3]]
[2020.02.05-06.45.31:892][  0]LogConfig: Setting CVar [[r.Tonemapper.GrainQuantization:1]]
[2020.02.05-06.45.31:892][  0]LogConfig: Setting CVar [[r.LightShaftQuality:1]]
[2020.02.05-06.45.31:892][  0]LogConfig: Setting CVar [[r.Filter.SizeScale:1]]
[2020.02.05-06.45.31:892][  0]LogConfig: Setting CVar [[r.Tonemapper.Quality:5]]
[2020.02.05-06.45.31:892][  0]LogConfig: Setting CVar [[r.DOF.Gather.AccumulatorQuality:1        ; higher gathering accumulator quality]]
[2020.02.05-06.45.31:892][  0]LogConfig: Setting CVar [[r.DOF.Gather.PostfilterMethod:1          ; Median3x3 postfilering method]]
[2020.02.05-06.45.31:892][  0]LogConfig: Setting CVar [[r.DOF.Gather.EnableBokehSettings:1       ; bokeh simulation when gathering]]
[2020.02.05-06.45.31:893][  0]LogConfig: Setting CVar [[r.DOF.Gather.RingCount:5                 ; high number of samples when gathering]]
[2020.02.05-06.45.31:893][  0]LogConfig: Setting CVar [[r.DOF.Scatter.ForegroundCompositing:1    ; additive foreground scattering]]
[2020.02.05-06.45.31:893][  0]LogConfig: Setting CVar [[r.DOF.Scatter.BackgroundCompositing:2    ; background scattering occlusion]]
[2020.02.05-06.45.31:893][  0]LogConfig: Setting CVar [[r.DOF.Scatter.EnableBokehSettings:1      ; no bokeh simulation when scattering]]
[2020.02.05-06.45.31:893][  0]LogConfig: Setting CVar [[r.DOF.Scatter.MaxSpriteRatio:0.1         ; only a maximum of 10% of scattered bokeh]]
[2020.02.05-06.45.31:893][  0]LogConfig: Setting CVar [[r.DOF.Recombine.Quality:2                ; highest slight out of focus]]
[2020.02.05-06.45.31:893][  0]LogConfig: Setting CVar [[r.DOF.Recombine.EnableBokehSettings:1    ; bokeh simulation on slight out of focus]]
[2020.02.05-06.45.31:893][  0]LogConfig: Setting CVar [[r.DOF.TemporalAAQuality:1                ; more stable temporal accumulation]]
[2020.02.05-06.45.31:893][  0]LogConfig: Setting CVar [[r.DOF.Kernel.MaxForegroundRadius:0.025]]
[2020.02.05-06.45.31:893][  0]LogConfig: Setting CVar [[r.DOF.Kernel.MaxBackgroundRadius:0.025]]
[2020.02.05-06.45.31:893][  0]LogConfig: Applying CVar settings from Section [TextureQuality@Cine] File [C:/Users/ssh97/Documents/GitHub/WGJ134-Magnet/MagMan/Saved/Config/Windows/Scalability.ini]
[2020.02.05-06.45.31:893][  0]LogConfig: Setting CVar [[r.Streaming.MipBias:0]]
[2020.02.05-06.45.31:893][  0]LogConfig: Setting CVar [[r.Streaming.AmortizeCPUToGPUCopy:0]]
[2020.02.05-06.45.31:893][  0]LogConfig: Setting CVar [[r.Streaming.MaxNumTexturesToStreamPerFrame:0]]
[2020.02.05-06.45.31:893][  0]LogConfig: Setting CVar [[r.Streaming.Boost:1]]
[2020.02.05-06.45.31:893][  0]LogConfig: Setting CVar [[r.MaxAnisotropy:8]]
[2020.02.05-06.45.31:893][  0]LogConfig: Setting CVar [[r.Streaming.LimitPoolSizeToVRAM:0]]
[2020.02.05-06.45.31:894][  0]LogConfig: Setting CVar [[r.Streaming.PoolSize:3000]]
[2020.02.05-06.45.31:894][  0]LogConfig: Setting CVar [[r.Streaming.MaxEffectiveScreenSize:0]]
[2020.02.05-06.45.31:894][  0]LogConfig: Applying CVar settings from Section [EffectsQuality@Cine] File [C:/Users/ssh97/Documents/GitHub/WGJ134-Magnet/MagMan/Saved/Config/Windows/Scalability.ini]
[2020.02.05-06.45.31:894][  0]LogConfig: Setting CVar [[r.TranslucencyLightingVolumeDim:64]]
[2020.02.05-06.45.31:894][  0]LogConfig: Setting CVar [[r.RefractionQuality:2]]
[2020.02.05-06.45.31:894][  0]LogConfig: Setting CVar [[r.SSR.Quality:4]]
[2020.02.05-06.45.31:894][  0]LogConfig: Setting CVar [[r.SceneColorFormat:4]]
[2020.02.05-06.45.31:894][  0]LogConfig: Setting CVar [[r.DetailMode:2]]
[2020.02.05-06.45.31:894][  0]LogConfig: Setting CVar [[r.TranslucencyVolumeBlur:1]]
[2020.02.05-06.45.31:894][  0]LogConfig: Setting CVar [[r.MaterialQualityLevel:1 ; High quality]]
[2020.02.05-06.45.31:894][  0]LogConfig: Setting CVar [[r.SSS.Scale:1]]
[2020.02.05-06.45.31:894][  0]LogConfig: Setting CVar [[r.SSS.SampleSet:2]]
[2020.02.05-06.45.31:894][  0]LogConfig: Setting CVar [[r.SSS.Quality:1]]
[2020.02.05-06.45.31:894][  0]LogConfig: Setting CVar [[r.SSS.HalfRes:0]]
[2020.02.05-06.45.31:894][  0]LogConfig: Setting CVar [[r.EmitterSpawnRateScale:1.0]]
[2020.02.05-06.45.31:894][  0]LogConfig: Setting CVar [[r.ParticleLightQuality:2]]
[2020.02.05-06.45.31:895][  0]LogConfig: Applying CVar settings from Section [FoliageQuality@Cine] File [C:/Users/ssh97/Documents/GitHub/WGJ134-Magnet/MagMan/Saved/Config/Windows/Scalability.ini]
[2020.02.05-06.45.31:895][  0]LogConfig: Setting CVar [[foliage.DensityScale:1.0]]
[2020.02.05-06.45.31:895][  0]LogConfig: Setting CVar [[grass.DensityScale:1.0]]
[2020.02.05-06.45.31:895][  0]LogConfig: Applying CVar settings from Section [Startup] File [../../../Engine/Config/ConsoleVariables.ini]
[2020.02.05-06.45.31:895][  0]LogConfig: Setting CVar [[net.UseAdaptiveNetUpdateFrequency:0]]
[2020.02.05-06.45.31:895][  0]LogConfig: Setting CVar [[p.chaos.AllowCreatePhysxBodies:1]]
[2020.02.05-06.45.31:895][  0]LogConfig: Applying CVar settings from Section [ConsoleVariables] File [C:/Users/ssh97/Documents/GitHub/WGJ134-Magnet/MagMan/Saved/Config/Windows/Engine.ini]
[2020.02.05-06.45.31:896][  0]LogInit: Computer: DESKTOP-65TKGTQ
[2020.02.05-06.45.31:896][  0]LogInit: User: ssh97
[2020.02.05-06.45.31:896][  0]LogInit: CPU Page size=4096, Cores=8
[2020.02.05-06.45.31:896][  0]LogInit: High frequency timer resolution =10.000000 MHz
[2020.02.05-06.45.31:896][  0]LogMemory: Memory total: Physical=16.0GB (16GB approx)
[2020.02.05-06.45.31:896][  0]LogMemory: Platform Memory Stats for Windows
[2020.02.05-06.45.31:896][  0]LogMemory: Process Physical Memory: 102.57 MB used, 102.58 MB peak
[2020.02.05-06.45.31:896][  0]LogMemory: Process Virtual Memory: 91.66 MB used, 91.66 MB peak
[2020.02.05-06.45.31:896][  0]LogMemory: Physical Memory: 8572.50 MB used,  7763.59 MB free, 16336.09 MB total
[2020.02.05-06.45.31:896][  0]LogMemory: Virtual Memory: 4677.09 MB used,  134213048.00 MB free, 134217728.00 MB total
[2020.02.05-06.45.32:075][  0]LogInit: Using OS detected language (ko-KR).
[2020.02.05-06.45.32:075][  0]LogInit: Using OS detected locale (ko-KR).
[2020.02.05-06.45.32:077][  0]LogTextLocalizationManager: No specific localization for 'ko-KR' exists, so the 'ko' localization will be used.
[2020.02.05-06.45.32:265][  0]LogInit: Setting process to per monitor DPI aware
[2020.02.05-06.45.32:411][  0]LogSlate: New Slate User Created.  User Index 0, Is Virtual User: 0
[2020.02.05-06.45.32:411][  0]LogSlate: Slate User Registered.  User Index 0, Is Virtual User: 0
[2020.02.05-06.45.35:000][  0]LogHMD: Failed to initialize OpenVR with code 110
[2020.02.05-06.45.35:000][  0]LogD3D11RHI: D3D11 adapters:
[2020.02.05-06.45.35:134][  0]LogD3D11RHI:    0. 'NVIDIA GeForce GTX 1070' (Feature Level 11_0)
[2020.02.05-06.45.35:134][  0]LogD3D11RHI:       8088/0/8168 MB DedicatedVideo/DedicatedSystem/SharedSystem, Outputs:1, VendorId:0x10de
[2020.02.05-06.45.35:142][  0]LogD3D11RHI:    1. 'Microsoft Basic Render Driver' (Feature Level 11_0)
[2020.02.05-06.45.35:142][  0]LogD3D11RHI:       0/0/8168 MB DedicatedVideo/DedicatedSystem/SharedSystem, Outputs:0, VendorId:0x1414
[2020.02.05-06.45.35:142][  0]LogD3D11RHI: Chosen D3D11 Adapter: 0
[2020.02.05-06.45.35:155][  0]LogD3D11RHI: Creating new Direct3DDevice
[2020.02.05-06.45.35:155][  0]LogD3D11RHI:     GPU DeviceId: 0x1b81 (for the marketing name, search the web for "GPU Device Id")
[2020.02.05-06.45.35:155][  0]LogWindows: EnumDisplayDevices:
[2020.02.05-06.45.35:155][  0]LogWindows:    0. 'NVIDIA GeForce GTX 1070' (P:1 D:1)
[2020.02.05-06.45.35:157][  0]LogWindows:    1. 'NVIDIA GeForce GTX 1070' (P:0 D:0)
[2020.02.05-06.45.35:158][  0]LogWindows:    2. 'NVIDIA GeForce GTX 1070' (P:0 D:0)
[2020.02.05-06.45.35:159][  0]LogWindows:    3. 'NVIDIA GeForce GTX 1070' (P:0 D:0)
[2020.02.05-06.45.35:160][  0]LogWindows: DebugString: FoundDriverCount:4 
[2020.02.05-06.45.35:160][  0]LogD3D11RHI:     Adapter Name: NVIDIA GeForce GTX 1070
[2020.02.05-06.45.35:160][  0]LogD3D11RHI:   Driver Version: 432.00 (internal:26.21.14.3200, unified:432.00)
[2020.02.05-06.45.35:160][  0]LogD3D11RHI:      Driver Date: 7-24-2019
[2020.02.05-06.45.35:160][  0]LogRHI: Texture pool is 5661 MB (70% of 8088 MB)
[2020.02.05-06.45.35:225][  0]LogD3D11RHI: Async texture creation enabled
[2020.02.05-06.45.35:289][  0]LogRendererCore: FGlobalReadBuffer::InitRHI
[2020.02.05-06.45.35:290][  0]LogRendererCore: FGlobalReadBuffer::InitRHI
[2020.02.05-06.45.35:290][  0]LogRendererCore: FGlobalReadBuffer::InitRHI
[2020.02.05-06.45.35:300][  0]LogD3D11RHI: GPU Timing Frequency: 1000.000000 (Debug: 2 1)
[2020.02.05-06.45.35:345][  0]LogD3D11RHI: HDR output is supported on display 0 (NvId: 0x80061085).
[2020.02.05-06.45.35:768][  0]LogTemp: Display: Module 'AllDesktopTargetPlatform' loaded TargetPlatform 'AllDesktop'
[2020.02.05-06.45.35:795][  0]LogTemp: Display: Module 'MacClientTargetPlatform' loaded TargetPlatform 'MacClient'
[2020.02.05-06.45.35:820][  0]LogTemp: Display: Module 'MacNoEditorTargetPlatform' loaded TargetPlatform 'MacNoEditor'
[2020.02.05-06.45.35:846][  0]LogTemp: Display: Module 'MacServerTargetPlatform' loaded TargetPlatform 'MacServer'
[2020.02.05-06.45.35:878][  0]LogTemp: Display: Module 'MacTargetPlatform' loaded TargetPlatform 'Mac'
[2020.02.05-06.45.35:904][  0]LogTemp: Display: Module 'WindowsClientTargetPlatform' loaded TargetPlatform 'WindowsClient'
[2020.02.05-06.45.35:931][  0]LogTemp: Display: Module 'WindowsNoEditorTargetPlatform' loaded TargetPlatform 'WindowsNoEditor'
[2020.02.05-06.45.35:957][  0]LogTemp: Display: Module 'WindowsServerTargetPlatform' loaded TargetPlatform 'WindowsServer'
[2020.02.05-06.45.35:976][  0]LogTemp: Display: Module 'WindowsTargetPlatform' loaded TargetPlatform 'Windows'
[2020.02.05-06.45.36:091][  0]LogTemp: Display: Module 'AndroidTargetPlatform' loaded TargetPlatform 'Android'
[2020.02.05-06.45.36:091][  0]LogTemp: Display: Module 'AndroidTargetPlatform' loaded TargetPlatform 'Android_ASTC'
[2020.02.05-06.45.36:091][  0]LogTemp: Display: Module 'AndroidTargetPlatform' loaded TargetPlatform 'Android_ATC'
[2020.02.05-06.45.36:091][  0]LogTemp: Display: Module 'AndroidTargetPlatform' loaded TargetPlatform 'Android_DXT'
[2020.02.05-06.45.36:091][  0]LogTemp: Display: Module 'AndroidTargetPlatform' loaded TargetPlatform 'Android_ETC1'
[2020.02.05-06.45.36:091][  0]LogTemp: Display: Module 'AndroidTargetPlatform' loaded TargetPlatform 'Android_ETC1a'
[2020.02.05-06.45.36:091][  0]LogTemp: Display: Module 'AndroidTargetPlatform' loaded TargetPlatform 'Android_ETC2'
[2020.02.05-06.45.36:091][  0]LogTemp: Display: Module 'AndroidTargetPlatform' loaded TargetPlatform 'Android_PVRTC'
[2020.02.05-06.45.36:091][  0]LogTemp: Display: Module 'AndroidTargetPlatform' loaded TargetPlatform 'AndroidClient'
[2020.02.05-06.45.36:091][  0]LogTemp: Display: Module 'AndroidTargetPlatform' loaded TargetPlatform 'Android_ASTCClient'
[2020.02.05-06.45.36:091][  0]LogTemp: Display: Module 'AndroidTargetPlatform' loaded TargetPlatform 'Android_ATCClient'
[2020.02.05-06.45.36:091][  0]LogTemp: Display: Module 'AndroidTargetPlatform' loaded TargetPlatform 'Android_DXTClient'
[2020.02.05-06.45.36:091][  0]LogTemp: Display: Module 'AndroidTargetPlatform' loaded TargetPlatform 'Android_ETC1Client'
[2020.02.05-06.45.36:092][  0]LogTemp: Display: Module 'AndroidTargetPlatform' loaded TargetPlatform 'Android_ETC1aClient'
[2020.02.05-06.45.36:092][  0]LogTemp: Display: Module 'AndroidTargetPlatform' loaded TargetPlatform 'Android_ETC2Client'
[2020.02.05-06.45.36:092][  0]LogTemp: Display: Module 'AndroidTargetPlatform' loaded TargetPlatform 'Android_PVRTCClient'
[2020.02.05-06.45.36:092][  0]LogTemp: Display: Module 'AndroidTargetPlatform' loaded TargetPlatform 'Android_Multi'
[2020.02.05-06.45.36:092][  0]LogTemp: Display: Module 'AndroidTargetPlatform' loaded TargetPlatform 'Android_MultiClient'
[2020.02.05-06.45.36:101][  0]LogTemp: Display: Module 'HTML5TargetPlatform' loaded TargetPlatform 'HTML5'
[2020.02.05-06.45.36:190][  0]LogTemp: Display: Module 'IOSTargetPlatform' loaded TargetPlatform 'IOSClient'
[2020.02.05-06.45.36:190][  0]LogTemp: Display: Module 'IOSTargetPlatform' loaded TargetPlatform 'IOS'
[2020.02.05-06.45.36:225][  0]LogTemp: Display: Module 'TVOSTargetPlatform' loaded TargetPlatform 'TVOSClient'
[2020.02.05-06.45.36:225][  0]LogTemp: Display: Module 'TVOSTargetPlatform' loaded TargetPlatform 'TVOS'
[2020.02.05-06.45.36:247][  0]LogTemp: Display: Module 'LinuxClientTargetPlatform' loaded TargetPlatform 'LinuxClient'
[2020.02.05-06.45.36:268][  0]LogTemp: Display: Module 'LinuxNoEditorTargetPlatform' loaded TargetPlatform 'LinuxNoEditor'
[2020.02.05-06.45.36:291][  0]LogTemp: Display: Module 'LinuxServerTargetPlatform' loaded TargetPlatform 'LinuxServer'
[2020.02.05-06.45.36:323][  0]LogTemp: Display: Module 'LinuxTargetPlatform' loaded TargetPlatform 'Linux'
[2020.02.05-06.45.36:391][  0]LogTemp: Display: Module 'LuminTargetPlatform' loaded TargetPlatform 'Lumin'
[2020.02.05-06.45.36:392][  0]LogTemp: Display: Module 'LuminTargetPlatform' loaded TargetPlatform 'LuminClient'
[2020.02.05-06.45.36:392][  0]LogTargetPlatformManager: Display: Building Assets For Windows
[2020.02.05-06.45.36:439][  0]LogAudioDebug: Display: Lib vorbis DLL was dynamically loaded.
[2020.02.05-06.45.36:675][  0]LogShaderCompilers: Guid format shader working directory is -22 characters bigger than the processId version (../../../../../../Users/ssh97/Documents/GitHub/WGJ134-Magnet/MagMan/Intermediate/Shaders/WorkingDirectory/20080/).
[2020.02.05-06.45.36:675][  0]LogShaderCompilers: Cleaned the shader compiler working directory 'C:/Users/ssh97/AppData/Local/Temp/UnrealShaderWorkingDir/CF30EAF142F102EFFBF0079B4B5149BD/'.
[2020.02.05-06.45.36:679][  0]LogXGEController: Cleaning working directory: C:/Users/ssh97/AppData/Local/Temp/UnrealXGEWorkingDir/
[2020.02.05-06.45.36:680][  0]LogXGEController: Cannot use XGE Controller as Incredibuild is not installed on this machine.
[2020.02.05-06.45.36:680][  0]LogShaderCompilers: Cannot use XGE Shader Compiler as Incredibuild is not installed on this machine.
[2020.02.05-06.45.36:680][  0]LogShaderCompilers: Display: Using Local Shader Compiler.
[2020.02.05-06.45.39:082][  0]LogDerivedDataCache: Display: Max Cache Size: 512 MB
[2020.02.05-06.45.39:273][  0]LogDerivedDataCache: Loaded boot cache 0.19s 73MB C:/Users/ssh97/AppData/Local/UnrealEngine/4.22/DerivedDataCache/Boot.ddc.
[2020.02.05-06.45.39:273][  0]LogDerivedDataCache: Display: Loaded Boot cache: C:/Users/ssh97/AppData/Local/UnrealEngine/4.22/DerivedDataCache/Boot.ddc
[2020.02.05-06.45.39:274][  0]LogDerivedDataCache: FDerivedDataBackendGraph:  Pak pak cache file ../../../../../../Users/ssh97/Documents/GitHub/WGJ134-Magnet/MagMan/DerivedDataCache/DDC.ddp not found, will not use a pak cache.
[2020.02.05-06.45.39:274][  0]LogDerivedDataCache: Unable to find inner node Pak for hierarchical cache Hierarchy.
[2020.02.05-06.45.39:274][  0]LogDerivedDataCache: FDerivedDataBackendGraph:  CompressedPak pak cache file ../../../../../../Users/ssh97/Documents/GitHub/WGJ134-Magnet/MagMan/DerivedDataCache/Compressed.ddp not found, will not use a pak cache.
[2020.02.05-06.45.39:274][  0]LogDerivedDataCache: Unable to find inner node CompressedPak for hierarchical cache Hierarchy.
[2020.02.05-06.45.39:288][  0]LogDerivedDataCache: Display: Pak cache opened for reading ../../../Engine/DerivedDataCache/Compressed.ddp.
[2020.02.05-06.45.39:288][  0]LogDerivedDataCache: FDerivedDataBackendGraph:  EnterprisePak pak cache file ../../../Enterprise/DerivedDataCache/Compressed.ddp not found, will not use a pak cache.
[2020.02.05-06.45.39:288][  0]LogDerivedDataCache: Unable to find inner node EnterprisePak for hierarchical cache Hierarchy.
[2020.02.05-06.45.39:301][  0]LogDerivedDataCache: Using Local data cache path C:/Users/ssh97/AppData/Local/UnrealEngine/Common/DerivedDataCache: Writable
[2020.02.05-06.45.39:301][  0]LogDerivedDataCache: Shared data cache path not found in *engine.ini, will not use an Shared cache.
[2020.02.05-06.45.39:301][  0]LogDerivedDataCache: Unable to find inner node Shared for hierarchical cache Hierarchy.
[2020.02.05-06.45.39:324][  0]LogMaterial: Verifying Global Shaders for PCD3D_SM5
[2020.02.05-06.45.39:325][  0]LogSlate: Using FreeType 2.6.0
[2020.02.05-06.45.39:336][  0]LogSlate: SlateFontServices - WITH_FREETYPE: 1, WITH_HARFBUZZ: 1
[2020.02.05-06.45.39:616][  0]LogAssetRegistry: FAssetRegistry took 0.0393 seconds to start up
[2020.02.05-06.45.40:021][  0]LogInit: Selected Device Profile: [Windows]
[2020.02.05-06.45.40:250][  0]LogMeshReduction: Using QuadricMeshReduction for automatic static mesh reduction
[2020.02.05-06.45.40:250][  0]LogMeshReduction: Using SimplygonMeshReduction for automatic skeletal mesh reduction
[2020.02.05-06.45.40:250][  0]LogMeshReduction: Using ProxyLODMeshReduction for automatic mesh merging
[2020.02.05-06.45.40:250][  0]LogMeshReduction: No distributed automatic mesh merging module available
[2020.02.05-06.45.40:250][  0]LogMeshMerging: No distributed automatic mesh merging module available
[2020.02.05-06.45.40:266][  0]LogNetVersion: MagMan 1.0.0, NetCL: 5660361, EngineNetVer: 10, GameNetVer: 0 (Checksum: 1687053041)
[2020.02.05-06.45.40:824][  0]LogPackageLocalizationCache: Processed 10 localized package path(s) for 1 prioritized culture(s) in 0.071963 seconds
[2020.02.05-06.45.40:835][  0]LogUObjectArray: 42205 objects as part of root set at end of initial load.
[2020.02.05-06.45.40:835][  0]LogUObjectAllocator: 7325032 out of 0 bytes used by permanent object pool.
[2020.02.05-06.45.40:835][  0]LogUObjectArray: CloseDisregardForGC: 0/0 objects in disregard for GC pool
[2020.02.05-06.45.44:075][  0]LogTcpMessaging: Initializing TcpMessaging bridge
[2020.02.05-06.45.44:099][  0]LogUdpMessaging: Initializing bridge on interface 0.0.0.0:0 to multicast group 230.0.0.1:6666.
[2020.02.05-06.45.44:819][  0]SourceControl: 소스 컨트롤이 꺼져 있습니다.
[2020.02.05-06.45.44:819][  0]SourceControl: 소스 컨트롤이 꺼져 있습니다.
[2020.02.05-06.45.44:841][  0]SourceControl: 소스 컨트롤이 꺼져 있습니다.
[2020.02.05-06.45.44:851][  0]SourceControl: 소스 컨트롤이 꺼져 있습니다.
[2020.02.05-06.45.45:318][  0]LogAndroidPermission: UAndroidPermissionCallbackProxy::GetInstance
[2020.02.05-06.45.45:866][  0]LogOcInput: OculusInput pre-init called
[2020.02.05-06.45.46:790][  0]LogEngine: Initializing Engine...
[2020.02.05-06.45.46:791][  0]LogHMD: Failed to initialize OpenVR with code 110
[2020.02.05-06.45.46:792][  0]LogStats: UGameplayTagsManager::InitializeManager -  0.000 s
[2020.02.05-06.45.47:005][  0]LogInit: Initializing FReadOnlyCVARCache
[2020.02.05-06.45.47:038][  0]LogAIModule: Creating AISystem for world Untitled
[2020.02.05-06.45.47:238][  0]LogInit: XAudio2 using '스피커(Britz BR-Orion Plus)' : 2 channels at 44.1 kHz using 16 bits per sample (channel mask 0x3)
[2020.02.05-06.45.47:292][  0]LogInit: FAudioDevice initialized.
[2020.02.05-06.45.47:292][  0]LogNetVersion: Set ProjectVersion to 1.0.0.0. Version Checksum will be recalculated on next use.
[2020.02.05-06.45.47:436][  0]LogDerivedDataCache: Saved boot cache 0.14s 73MB C:/Users/ssh97/AppData/Local/UnrealEngine/4.22/DerivedDataCache/Boot.ddc.
[2020.02.05-06.45.47:442][  0]LogInit: Texture streaming: Enabled
[2020.02.05-06.45.47:524][  0]LogEngineSessionManager: EngineSessionManager initialized
[2020.02.05-06.45.47:582][  0]LogInit: Transaction tracking system initialized
[2020.02.05-06.45.47:674][  0]BlueprintLog: New page: 에디터 로드
[2020.02.05-06.45.48:020][  0]LocalizationService: 현지화 서비스가 비활성화되었습니다.
[2020.02.05-06.45.48:544][  0]LogFileCache: Scanning file cache for directory 'C:/Users/ssh97/Documents/GitHub/WGJ134-Magnet/MagMan/Content/' took 0.02s
[2020.02.05-06.45.48:544][  0]LogCook: Display: Max memory allowance for cook 16384mb min free memory 0mb
[2020.02.05-06.45.48:544][  0]LogCook: Display: Mobile HDR setting 1
[2020.02.05-06.45.49:215][  0]SourceControl: 소스 컨트롤이 꺼져 있습니다.
[2020.02.05-06.45.49:216][  0]Cmd: MAP LOAD FILE="../../../../../../Users/ssh97/Documents/GitHub/WGJ134-Magnet/MagMan/Content/GameMap.umap" TEMPLATE=0 SHOWPROGRESS=1 FEATURELEVEL=3
[2020.02.05-06.45.49:216][  0]LightingResults: New page: 라이팅 빌드
[2020.02.05-06.45.49:221][  0]MapCheck: New page: 맵 체크
[2020.02.05-06.45.49:222][  0]LightingResults: New page: 라이팅 빌드
[2020.02.05-06.45.49:258][  0]LogUObjectHash: Compacting FUObjectHashTables data took   1.77ms
[2020.02.05-06.45.49:368][  0]LogAIModule: Creating AISystem for world GameMap
[2020.02.05-06.45.49:373][  0]LogSkeletalMesh: USkeletalMeshComponent::InitArticulated : Could not find root physics body: '/Game/GameMap.GameMap:PersistentLevel.StoneActor_1.Mesh'
[2020.02.05-06.45.49:375][  0]LogEditorServer: Finished looking for orphan Actors (0.000 secs)
[2020.02.05-06.45.49:419][  0]LogUObjectHash: Compacting FUObjectHashTables data took   1.91ms
[2020.02.05-06.45.49:419][  0]Cmd: MAP CHECKDEP NOCLEARLOG
[2020.02.05-06.45.49:420][  0]MapCheck: 맵 체크 완료: 오류 0 회, 경고 0 회, 소요 시간 0.353ms.
[2020.02.05-06.45.49:420][  0]LogFileHelpers: Loading map 'GameMap' took 0.203
[2020.02.05-06.45.49:615][  0]LogSlate: Updating window title bar state: overlay mode, drag disabled, window buttons hidden, title bar hidden
[2020.02.05-06.45.49:623][  0]LogSlate: Updating window title bar state: overlay mode, drag disabled, window buttons hidden, title bar hidden
[2020.02.05-06.45.49:631][  0]LogSlate: Updating window title bar state: overlay mode, drag disabled, window buttons hidden, title bar hidden
[2020.02.05-06.45.49:639][  0]LogSlate: Updating window title bar state: overlay mode, drag disabled, window buttons hidden, title bar hidden
[2020.02.05-06.45.49:658][  0]LogCollectionManager: Loaded 0 collections in 0.003068 seconds
[2020.02.05-06.45.49:706][  0]LogFileCache: Scanning file cache for directory 'C:/Users/ssh97/Documents/GitHub/WGJ134-Magnet/MagMan/Saved/Collections/' took 0.01s
[2020.02.05-06.45.49:706][  0]LogFileCache: Scanning file cache for directory 'C:/Users/ssh97/Documents/GitHub/WGJ134-Magnet/MagMan/Content/Developers/ssh97/Collections/' took 0.01s
[2020.02.05-06.45.49:706][  0]LogFileCache: Scanning file cache for directory 'C:/Users/ssh97/Documents/GitHub/WGJ134-Magnet/MagMan/Content/Collections/' took 0.01s
[2020.02.05-06.45.49:706][  0]LogCollectionManager: Rebuilt the GUID cache for 0 collections in 0.000000 seconds
[2020.02.05-06.45.49:718][  0]LogContentBrowser: Native class hierarchy populated in 0.0113 seconds. Added 2740 classes and 661 folders.
[2020.02.05-06.45.49:728][  0]LogContentBrowser: Native class hierarchy updated for 'WidgetCarousel' in 0.0004 seconds. Added 0 classes and 0 folders.
[2020.02.05-06.45.49:738][  0]LogPakFile: Registered encryption key '00000000000000000000000000000000': 0 pak files mounted, 0 remain pending
[2020.02.05-06.45.49:746][  0]LogPakFile: Registered encryption key '00000000000000000000000000000000': 0 pak files mounted, 0 remain pending
[2020.02.05-06.45.49:765][  0]LogPakFile: Registered encryption key '00000000000000000000000000000000': 0 pak files mounted, 0 remain pending
[2020.02.05-06.45.49:772][  0]LogPakFile: Registered encryption key '00000000000000000000000000000000': 0 pak files mounted, 0 remain pending
[2020.02.05-06.45.49:779][  0]LogPakFile: Registered encryption key '00000000000000000000000000000000': 0 pak files mounted, 0 remain pending
[2020.02.05-06.45.49:786][  0]LogPakFile: Registered encryption key '00000000000000000000000000000000': 0 pak files mounted, 0 remain pending
[2020.02.05-06.45.49:793][  0]LogPakFile: Registered encryption key '00000000000000000000000000000000': 0 pak files mounted, 0 remain pending
[2020.02.05-06.45.49:800][  0]LogPakFile: Registered encryption key '00000000000000000000000000000000': 0 pak files mounted, 0 remain pending
[2020.02.05-06.45.49:807][  0]LogPakFile: Registered encryption key '00000000000000000000000000000000': 0 pak files mounted, 0 remain pending
[2020.02.05-06.45.49:816][  0]LogPakFile: Registered encryption key '00000000000000000000000000000000': 0 pak files mounted, 0 remain pending
[2020.02.05-06.45.49:823][  0]LogPakFile: Registered encryption key '00000000000000000000000000000000': 0 pak files mounted, 0 remain pending
[2020.02.05-06.45.49:829][  0]LogPakFile: Registered encryption key '00000000000000000000000000000000': 0 pak files mounted, 0 remain pending
[2020.02.05-06.45.49:836][  0]LogPakFile: Registered encryption key '00000000000000000000000000000000': 0 pak files mounted, 0 remain pending
[2020.02.05-06.45.49:843][  0]LogPakFile: Registered encryption key '00000000000000000000000000000000': 0 pak files mounted, 0 remain pending
[2020.02.05-06.45.49:850][  0]LogPakFile: Registered encryption key '00000000000000000000000000000000': 0 pak files mounted, 0 remain pending
[2020.02.05-06.45.49:857][  0]LogPakFile: Registered encryption key '00000000000000000000000000000000': 0 pak files mounted, 0 remain pending
[2020.02.05-06.45.49:886][  0]LogPakFile: Registered encryption key '00000000000000000000000000000000': 0 pak files mounted, 0 remain pending
[2020.02.05-06.45.49:893][  0]LogPakFile: Registered encryption key '00000000000000000000000000000000': 0 pak files mounted, 0 remain pending
[2020.02.05-06.45.49:900][  0]LogPakFile: Registered encryption key '00000000000000000000000000000000': 0 pak files mounted, 0 remain pending
[2020.02.05-06.45.49:907][  0]LogPakFile: Registered encryption key '00000000000000000000000000000000': 0 pak files mounted, 0 remain pending
[2020.02.05-06.45.49:914][  0]LogPakFile: Registered encryption key '00000000000000000000000000000000': 0 pak files mounted, 0 remain pending
[2020.02.05-06.45.49:922][  0]LogPakFile: Registered encryption key '00000000000000000000000000000000': 0 pak files mounted, 0 remain pending
[2020.02.05-06.45.49:929][  0]LogPakFile: Registered encryption key '00000000000000000000000000000000': 0 pak files mounted, 0 remain pending
[2020.02.05-06.45.49:935][  0]LogPakFile: Registered encryption key '00000000000000000000000000000000': 0 pak files mounted, 0 remain pending
[2020.02.05-06.45.49:942][  0]LogPakFile: Registered encryption key '00000000000000000000000000000000': 0 pak files mounted, 0 remain pending
[2020.02.05-06.45.49:949][  0]LogPakFile: Registered encryption key '00000000000000000000000000000000': 0 pak files mounted, 0 remain pending
[2020.02.05-06.45.50:156][  0]LogContentBrowser: Native class hierarchy updated for 'AddContentDialog' in 0.0005 seconds. Added 0 classes and 0 folders.
[2020.02.05-06.45.50:183][  0]LogContentBrowser: Native class hierarchy updated for 'SceneOutliner' in 0.0006 seconds. Added 1 classes and 2 folders.
[2020.02.05-06.45.50:265][  0]LogSlate: Took 0.006276 seconds to synchronously load lazily loaded font '../../../Engine/Content/Slate/Fonts/Roboto-Regular.ttf' (155K)
[2020.02.05-06.45.50:283][  0]LogSlate: Took 0.016924 seconds to synchronously load lazily loaded font '../../../Engine/Content/Editor/Slate/Fonts/NanumGothic.ttf' (4243K)
[2020.02.05-06.45.50:302][  0]LogSlate: Took 0.016310 seconds to synchronously load lazily loaded font '../../../Engine/Content/Editor/Slate/Fonts/NanumGothicBold.ttf' (4188K)
[2020.02.05-06.45.50:308][  0]LogSlate: Took 0.005851 seconds to synchronously load lazily loaded font '../../../Engine/Content/Slate/Fonts/Roboto-Bold.ttf' (160K)
[2020.02.05-06.45.50:317][  0]LogSlate: Took 0.006327 seconds to synchronously load lazily loaded font '../../../Engine/Content/Editor/Slate/Fonts/FontAwesome.ttf' (139K)
[2020.02.05-06.45.50:476][  0]LogRenderer: Reallocating scene render targets to support 1212x652 Format 10 NumSamples 1 (Frame:1).
[2020.02.05-06.45.50:542][  0]LogSlate: Took 0.006066 seconds to synchronously load lazily loaded font '../../../Engine/Content/Slate/Fonts/Roboto-Light.ttf' (167K)
[2020.02.05-06.45.50:729][  0]LogContentBrowser: Native class hierarchy updated for 'HierarchicalLODOutliner' in 0.0006 seconds. Added 0 classes and 0 folders.
[2020.02.05-06.45.50:729][  0]LogLoad: (Engine Initialization) Total time: 22.36 seconds
[2020.02.05-06.45.50:729][  0]LogLoad: (Engine Initialization) Total Blueprint compile time: 0.00 seconds
[2020.02.05-06.45.50:772][  0]LogAssetRegistry: Asset discovery search completed in 11.1810 seconds
[2020.02.05-06.45.50:774][  0]LogCollectionManager: Rebuilt the object cache for 0 collections in 0.000000 seconds (found 0 objects)
[2020.02.05-06.45.50:774][  0]LogCollectionManager: Fixed up redirectors for 0 collections in 0.000150 seconds (updated 0 objects)
[2020.02.05-06.45.50:776][  0]LogContentStreaming: Texture pool size now 3000 MB
[2020.02.05-06.45.50:835][  1]LogRenderer: Reallocating scene render targets to support 1212x668 Format 10 NumSamples 1 (Frame:3).
[2020.02.05-06.45.51:765][ 95]LogSlate: FSceneViewport::OnFocusLost() reason 0
[2020.02.05-06.45.51:853][105]LogSlate: Took 0.000325 seconds to synchronously load lazily loaded font '../../../Engine/Content/Slate/Fonts/Roboto-Light.ttf' (167K)
[2020.02.05-06.45.51:906][105]Cmd: OBJ SAVEPACKAGE PACKAGE="/Game/GameMap" FILE="../../../../../../Users/ssh97/Documents/GitHub/WGJ134-Magnet/MagMan/Content/GameMap.umap" SILENT=true AUTOSAVING=false KEEPDIRTY=false
[2020.02.05-06.45.51:949][105]LogUObjectHash: Compacting FUObjectHashTables data took   0.66ms
[2020.02.05-06.45.52:094][105]LogSavePackage: Moving '../../../../../../Users/ssh97/Documents/GitHub/WGJ134-Magnet/MagMan/Saved/GameMap989E9F1B459ECDC30B996ABBCA6386F3.tmp' to '../../../../../../Users/ssh97/Documents/GitHub/WGJ134-Magnet/MagMan/Content/GameMap.umap'
[2020.02.05-06.45.52:146][105]Cmd: OBJ SAVEPACKAGE PACKAGE="/Game/GameMap_BuiltData" FILE="../../../../../../Users/ssh97/Documents/GitHub/WGJ134-Magnet/MagMan/Content/GameMap_BuiltData.uasset" SILENT=true
[2020.02.05-06.45.52:194][105]LogSavePackage: Moving '../../../../../../Users/ssh97/Documents/GitHub/WGJ134-Magnet/MagMan/Saved/GameMap_BuiltData389EFE324A63730E507CCD8E35F8ED8E.tmp' to '../../../../../../Users/ssh97/Documents/GitHub/WGJ134-Magnet/MagMan/Content/GameMap_BuiltData.uasset'
[2020.02.05-06.45.53:071][196]LogTemp: Repeating last play command: 선택된 뷰포트
[2020.02.05-06.45.53:090][196]LogBlueprintUserMessages: Early PlayInEditor Detection: Level '/Game/GameMap.GameMap:PersistentLevel' has LevelScriptBlueprint '/Game/GameMap.GameMap:PersistentLevel.GameMap' with GeneratedClass '/Game/GameMap.GameMap_C' with ClassGeneratedBy '/Game/GameMap.GameMap:PersistentLevel.GameMap'
[2020.02.05-06.45.53:091][196]LogPlayLevel: PlayLevel: No blueprints needed recompiling
[2020.02.05-06.45.53:091][196]PIE: New page: PIE 세션: GameMap (2020. 2. 6. 오전 12:45:53)
[2020.02.05-06.45.53:106][196]LogPlayLevel: Creating play world package: /Game/UEDPIE_0_GameMap
[2020.02.05-06.45.53:109][196]LogPlayLevel: PIE: StaticDuplicateObject took: (0.003196s)
[2020.02.05-06.45.53:110][196]LogAIModule: Creating AISystem for world GameMap
[2020.02.05-06.45.53:110][196]LogPlayLevel: PIE: World Init took: (0.000712s)
[2020.02.05-06.45.53:110][196]LogPlayLevel: PIE: Created PIE world by copying editor world from /Game/GameMap.GameMap to /Game/UEDPIE_0_GameMap.GameMap (0.004634s)
[2020.02.05-06.45.53:149][196]LogUObjectHash: Compacting FUObjectHashTables data took   1.78ms
[2020.02.05-06.45.53:306][196]LogInit: XAudio2 using '스피커(Britz BR-Orion Plus)' : 2 channels at 44.1 kHz using 16 bits per sample (channel mask 0x3)
[2020.02.05-06.45.53:340][196]LogInit: FAudioDevice initialized.
[2020.02.05-06.45.53:389][196]LogLoad: Game class is 'MagManGameModeBase'
[2020.02.05-06.45.53:391][196]LogWorld: Bringing World /Game/UEDPIE_0_GameMap.GameMap up for play (max tick rate 0) at 2020.02.05-15.45.53
[2020.02.05-06.45.53:392][196]LogTemp: Warning: EnemyPawn_2
[2020.02.05-06.45.53:392][196]LogTemp: Warning: Use Blackboard
[2020.02.05-06.45.53:392][196]LogWorld: Bringing up level for play took: 0.001866
[2020.02.05-06.45.53:417][196]LogContentBrowser: Native class hierarchy updated for 'MovieSceneCapture' in 0.0006 seconds. Added 20 classes and 0 folders.
[2020.02.05-06.45.53:418][196]PIE: /Game/UEDPIE_0_GameMap 에 대한 에디터에서 플레이 시작 시간: 1.207
[2020.02.05-06.45.53:418][196]LogBlueprintUserMessages: Late PlayInEditor Detection: Level '/Game/GameMap.GameMap:PersistentLevel' has LevelScriptBlueprint '/Game/GameMap.GameMap:PersistentLevel.GameMap' with GeneratedClass '/Game/GameMap.GameMap_C' with ClassGeneratedBy '/Game/GameMap.GameMap:PersistentLevel.GameMap'
[2020.02.05-06.45.56:363][548]LogTemp: Warning: Direction : V(Y=-0.50)
[2020.02.05-06.45.56:446][558]LogTemp: Warning: Direction : V(Y=-0.50)
[2020.02.05-06.45.56:529][568]LogTemp: Warning: Direction : V(Y=-0.50)
[2020.02.05-06.45.56:595][576]LogTemp: Warning: Direction : V(Y=-0.50)
[2020.02.05-06.45.56:662][584]LogTemp: Warning: Direction : V(Y=-0.50)
[2020.02.05-06.45.56:737][593]LogTemp: Warning: Direction : V(Y=-0.50)
[2020.02.05-06.45.56:804][601]LogTemp: Warning: Direction : V(Y=-0.50)
[2020.02.05-06.45.56:862][608]LogTemp: Warning: Direction : V(Y=-0.50)
[2020.02.05-06.45.56:937][617]LogTemp: Warning: Direction : V(Y=-0.50)
[2020.02.05-06.45.57:004][625]LogTemp: Warning: Direction : V(Y=-0.50)
[2020.02.05-06.45.57:087][635]LogTemp: Warning: Direction : V(Y=-0.50)
[2020.02.05-06.45.57:171][645]LogTemp: Warning: Direction : V(Y=-0.50)
[2020.02.05-06.45.57:254][655]LogTemp: Warning: Direction : V(Y=-0.50)
[2020.02.05-06.45.57:321][663]LogTemp: Warning: Direction : V(Y=-0.50)
[2020.02.05-06.45.57:404][673]LogTemp: Warning: Direction : V(Y=-0.50)
[2020.02.05-06.45.57:487][683]LogTemp: Warning: Direction : V(Y=-0.50)
[2020.02.05-06.45.58:454][799]LogBlueprintUserMessages: Early EndPlayMap Detection: Level '/Game/GameMap.GameMap:PersistentLevel' has LevelScriptBlueprint '/Game/GameMap.GameMap:PersistentLevel.GameMap' with GeneratedClass '/Game/GameMap.GameMap_C' with ClassGeneratedBy '/Game/GameMap.GameMap:PersistentLevel.GameMap'
[2020.02.05-06.45.58:454][799]LogSlate: Updating window title bar state: overlay mode, drag disabled, window buttons hidden, title bar hidden
[2020.02.05-06.45.58:490][799]LogPlayLevel: Display: Shutting down PIE online subsystems
[2020.02.05-06.45.58:490][799]LogBlueprintUserMessages: Late EndPlayMap Detection: Level '/Game/GameMap.GameMap:PersistentLevel' has LevelScriptBlueprint '/Game/GameMap.GameMap:PersistentLevel.GameMap' with GeneratedClass '/Game/GameMap.GameMap_C' with ClassGeneratedBy '/Game/GameMap.GameMap:PersistentLevel.GameMap'
[2020.02.05-06.45.58:534][799]LogSlate: Updating window title bar state: overlay mode, drag disabled, window buttons hidden, title bar hidden
[2020.02.05-06.45.58:537][799]LogUObjectHash: Compacting FUObjectHashTables data took   1.54ms
[2020.02.05-06.45.58:555][800]LogPlayLevel: Display: Destroying online subsystem :Context_1
[2020.02.05-06.45.59:552][917]LogSlate: FSceneViewport::OnFocusLost() reason 0
[2020.02.05-06.45.59:562][917]LogSlate: Took 0.006903 seconds to synchronously load lazily loaded font '../../../Engine/Content/Slate/Fonts/DroidSansMono.ttf' (77K)
[2020.02.05-06.45.59:612][917]LogSlate: Took 0.017488 seconds to synchronously load lazily loaded font '../../../Engine/Content/Editor/Slate/Fonts/NanumGothicExtraBold.ttf' (4074K)
[2020.02.05-06.46.11:435][310]Cmd: OBJ SAVEPACKAGE PACKAGE="/Game/GameMap" FILE="../../../../../../Users/ssh97/Documents/GitHub/WGJ134-Magnet/MagMan/Content/GameMap.umap" SILENT=true AUTOSAVING=false KEEPDIRTY=false
[2020.02.05-06.46.11:474][310]LogUObjectHash: Compacting FUObjectHashTables data took   0.79ms
[2020.02.05-06.46.11:623][310]LogSavePackage: Moving '../../../../../../Users/ssh97/Documents/GitHub/WGJ134-Magnet/MagMan/Saved/GameMap89A07E0944EA5FE301C505A3DF836C2C.tmp' to '../../../../../../Users/ssh97/Documents/GitHub/WGJ134-Magnet/MagMan/Content/GameMap.umap'
[2020.02.05-06.46.11:669][310]Cmd: OBJ SAVEPACKAGE PACKAGE="/Game/GameMap_BuiltData" FILE="../../../../../../Users/ssh97/Documents/GitHub/WGJ134-Magnet/MagMan/Content/GameMap_BuiltData.uasset" SILENT=true
[2020.02.05-06.46.11:708][310]LogSavePackage: Moving '../../../../../../Users/ssh97/Documents/GitHub/WGJ134-Magnet/MagMan/Saved/GameMap_BuiltData3002D1D645F12A4B776C85A418648433.tmp' to '../../../../../../Users/ssh97/Documents/GitHub/WGJ134-Magnet/MagMan/Content/GameMap_BuiltData.uasset'
[2020.02.05-06.46.13:306][493]LogTemp: Repeating last play command: 선택된 뷰포트
[2020.02.05-06.46.13:327][493]LogBlueprintUserMessages: Early PlayInEditor Detection: Level '/Game/GameMap.GameMap:PersistentLevel' has LevelScriptBlueprint '/Game/GameMap.GameMap:PersistentLevel.GameMap' with GeneratedClass '/Game/GameMap.GameMap_C' with ClassGeneratedBy '/Game/GameMap.GameMap:PersistentLevel.GameMap'
[2020.02.05-06.46.13:327][493]LogPlayLevel: PlayLevel: No blueprints needed recompiling
[2020.02.05-06.46.13:328][493]PIE: New page: PIE 세션: GameMap (2020. 2. 6. 오전 12:46:13)
[2020.02.05-06.46.13:328][493]LogPlayLevel: Creating play world package: /Game/UEDPIE_0_GameMap
[2020.02.05-06.46.13:331][493]LogPlayLevel: PIE: StaticDuplicateObject took: (0.003405s)
[2020.02.05-06.46.13:332][493]LogAIModule: Creating AISystem for world GameMap
[2020.02.05-06.46.13:333][493]LogPlayLevel: PIE: World Init took: (0.000815s)
[2020.02.05-06.46.13:333][493]LogPlayLevel: PIE: Created PIE world by copying editor world from /Game/GameMap.GameMap to /Game/UEDPIE_0_GameMap.GameMap (0.005013s)
[2020.02.05-06.46.13:372][493]LogUObjectHash: Compacting FUObjectHashTables data took   2.17ms
[2020.02.05-06.46.13:531][493]LogInit: XAudio2 using '스피커(Britz BR-Orion Plus)' : 2 channels at 44.1 kHz using 16 bits per sample (channel mask 0x3)
[2020.02.05-06.46.13:565][493]LogInit: FAudioDevice initialized.
[2020.02.05-06.46.13:601][493]LogLoad: Game class is 'MagManGameModeBase'
[2020.02.05-06.46.13:602][493]LogWorld: Bringing World /Game/UEDPIE_0_GameMap.GameMap up for play (max tick rate 0) at 2020.02.05-15.46.13
[2020.02.05-06.46.13:603][493]LogTemp: Warning: EnemyPawn_2
[2020.02.05-06.46.13:603][493]LogTemp: Warning: Use Blackboard
[2020.02.05-06.46.13:603][493]LogWorld: Bringing up level for play took: 0.001816
[2020.02.05-06.46.13:617][493]PIE: /Game/UEDPIE_0_GameMap 에 대한 에디터에서 플레이 시작 시간: -0.594
[2020.02.05-06.46.13:617][493]LogBlueprintUserMessages: Late PlayInEditor Detection: Level '/Game/GameMap.GameMap:PersistentLevel' has LevelScriptBlueprint '/Game/GameMap.GameMap:PersistentLevel.GameMap' with GeneratedClass '/Game/GameMap.GameMap_C' with ClassGeneratedBy '/Game/GameMap.GameMap:PersistentLevel.GameMap'
[2020.02.05-06.46.15:540][722]LogTemp: Warning: Direction : V(X=0.50)
[2020.02.05-06.46.15:597][729]LogTemp: Warning: Direction : V(X=0.50)
[2020.02.05-06.46.15:664][737]LogTemp: Warning: Direction : V(X=0.50)
[2020.02.05-06.46.15:748][747]LogTemp: Warning: Direction : V(X=0.50)
[2020.02.05-06.46.15:814][755]LogTemp: Warning: Direction : V(X=0.50)
[2020.02.05-06.46.15:881][763]LogTemp: Warning: Direction : V(X=0.50)
[2020.02.05-06.46.15:956][772]LogTemp: Warning: Direction : V(X=0.50)
